2019-07-30 12:26:23.188 INFO  org.springframework.boot.test.context.SpringBootTestContextBootstrapper - Neither @ContextConfiguration nor @ContextHierarchy found for test class [cn.intellif.register.center.RegisterCenterApplicationTests], using SpringBootContextLoader
2019-07-30 12:26:23.208 INFO  org.springframework.test.context.support.AbstractContextLoader - Could not detect default resource locations for test class [cn.intellif.register.center.RegisterCenterApplicationTests]: no resource found for suffixes {-context.xml, Context.groovy}.
2019-07-30 12:26:23.208 INFO  org.springframework.test.context.support.AnnotationConfigContextLoaderUtils - Could not detect default configuration classes for test class [cn.intellif.register.center.RegisterCenterApplicationTests]: RegisterCenterApplicationTests does not declare any static, non-private, non-final, nested classes annotated with @Configuration.
2019-07-30 12:26:23.458 INFO  org.springframework.boot.test.context.SpringBootTestContextBootstrapper - Found @SpringBootConfiguration cn.intellif.register.center.RegisterCenterApplication for test class cn.intellif.register.center.RegisterCenterApplicationTests
2019-07-30 12:26:23.658 INFO  org.springframework.boot.test.context.SpringBootTestContextBootstrapper - Loaded default TestExecutionListener class names from location [META-INF/spring.factories]: [org.springframework.boot.test.mock.mockito.MockitoTestExecutionListener, org.springframework.boot.test.mock.mockito.ResetMocksTestExecutionListener, org.springframework.boot.test.autoconfigure.restdocs.RestDocsTestExecutionListener, org.springframework.boot.test.autoconfigure.web.client.MockRestServiceServerResetTestExecutionListener, org.springframework.boot.test.autoconfigure.web.servlet.MockMvcPrintOnlyOnFailureTestExecutionListener, org.springframework.boot.test.autoconfigure.web.servlet.WebDriverTestExecutionListener, org.springframework.test.context.web.ServletTestExecutionListener, org.springframework.test.context.support.DirtiesContextBeforeModesTestExecutionListener, org.springframework.test.context.support.DependencyInjectionTestExecutionListener, org.springframework.test.context.support.DirtiesContextTestExecutionListener, org.springframework.test.context.transaction.TransactionalTestExecutionListener, org.springframework.test.context.jdbc.SqlScriptsTestExecutionListener]
2019-07-30 12:26:23.678 INFO  org.springframework.boot.test.context.SpringBootTestContextBootstrapper - Using TestExecutionListeners: [org.springframework.test.context.web.ServletTestExecutionListener@2ab4bc72, org.springframework.test.context.support.DirtiesContextBeforeModesTestExecutionListener@4e5ed836, org.springframework.boot.test.mock.mockito.MockitoTestExecutionListener@eadd4fb, org.springframework.boot.test.autoconfigure.SpringBootDependencyInjectionTestExecutionListener@740fb309, org.springframework.test.context.support.DirtiesContextTestExecutionListener@7bd7d6d6, org.springframework.boot.test.mock.mockito.ResetMocksTestExecutionListener@43f02ef2, org.springframework.boot.test.autoconfigure.restdocs.RestDocsTestExecutionListener@239a307b, org.springframework.boot.test.autoconfigure.web.client.MockRestServiceServerResetTestExecutionListener@2a8448fa, org.springframework.boot.test.autoconfigure.web.servlet.MockMvcPrintOnlyOnFailureTestExecutionListener@6f204a1a, org.springframework.boot.test.autoconfigure.web.servlet.WebDriverTestExecutionListener@2de56eb2]
2019-07-30 12:26:25.027 INFO  org.springframework.context.annotation.AnnotationConfigApplicationContext - Refreshing org.springframework.context.annotation.AnnotationConfigApplicationContext@1fb669c3: startup date [Tue Jul 30 12:26:25 CST 2019]; root of context hierarchy
2019-07-30 12:26:25.237 INFO  org.springframework.beans.factory.annotation.AutowiredAnnotationBeanPostProcessor - JSR-330 'javax.inject.Inject' annotation found and supported for autowiring
2019-07-30 12:26:25.277 INFO  org.springframework.context.support.PostProcessorRegistrationDelegate$BeanPostProcessorChecker - Bean 'configurationPropertiesRebinderAutoConfiguration' of type [org.springframework.cloud.autoconfigure.ConfigurationPropertiesRebinderAutoConfiguration$$EnhancerBySpringCGLIB$$7a90d6fe] is not eligible for getting processed by all BeanPostProcessors (for example: not eligible for auto-proxying)
2019-07-30 12:26:26.277 INFO  cn.intellif.register.center.RegisterCenterApplicationTests - No active profile set, falling back to default profiles: default
2019-07-30 12:26:26.277 INFO  org.springframework.web.context.support.GenericWebApplicationContext - Refreshing org.springframework.web.context.support.GenericWebApplicationContext@6a66a204: startup date [Tue Jul 30 12:26:26 CST 2019]; parent: org.springframework.context.annotation.AnnotationConfigApplicationContext@1fb669c3
2019-07-30 12:26:27.456 INFO  org.springframework.cloud.context.scope.GenericScope - BeanFactory id=f1a80d72-ad5f-3212-a9f4-a3fb18fe55f4
2019-07-30 12:26:27.516 INFO  org.springframework.beans.factory.annotation.AutowiredAnnotationBeanPostProcessor - JSR-330 'javax.inject.Inject' annotation found and supported for autowiring
2019-07-30 12:26:27.896 INFO  org.springframework.context.support.PostProcessorRegistrationDelegate$BeanPostProcessorChecker - Bean 'org.springframework.cloud.autoconfigure.ConfigurationPropertiesRebinderAutoConfiguration' of type [org.springframework.cloud.autoconfigure.ConfigurationPropertiesRebinderAutoConfiguration$$EnhancerBySpringCGLIB$$7a90d6fe] is not eligible for getting processed by all BeanPostProcessors (for example: not eligible for auto-proxying)
2019-07-30 12:26:28.386 INFO  com.netflix.config.sources.URLConfigurationSource - To enable URLs as dynamic configuration sources, define System property archaius.configurationSource.additionalUrls or make config.properties available on classpath.
2019-07-30 12:26:28.386 INFO  com.netflix.config.sources.URLConfigurationSource - To enable URLs as dynamic configuration sources, define System property archaius.configurationSource.additionalUrls or make config.properties available on classpath.
2019-07-30 12:26:28.546 INFO  org.springframework.web.servlet.handler.SimpleUrlHandlerMapping - Mapped URL path [/**/favicon.ico] onto handler of type [class org.springframework.web.servlet.resource.ResourceHttpRequestHandler]
2019-07-30 12:26:28.965 INFO  org.springframework.web.servlet.mvc.method.annotation.RequestMappingHandlerAdapter - Looking for @ControllerAdvice: org.springframework.web.context.support.GenericWebApplicationContext@6a66a204: startup date [Tue Jul 30 12:26:26 CST 2019]; parent: org.springframework.context.annotation.AnnotationConfigApplicationContext@1fb669c3
2019-07-30 12:26:29.065 INFO  org.springframework.web.servlet.mvc.method.annotation.RequestMappingHandlerMapping - Mapped "{[/error]}" onto public org.springframework.http.ResponseEntity<java.util.Map<java.lang.String, java.lang.Object>> org.springframework.boot.autoconfigure.web.servlet.error.BasicErrorController.error(javax.servlet.http.HttpServletRequest)
2019-07-30 12:26:29.065 INFO  org.springframework.web.servlet.mvc.method.annotation.RequestMappingHandlerMapping - Mapped "{[/error],produces=[text/html]}" onto public org.springframework.web.servlet.ModelAndView org.springframework.boot.autoconfigure.web.servlet.error.BasicErrorController.errorHtml(javax.servlet.http.HttpServletRequest,javax.servlet.http.HttpServletResponse)
2019-07-30 12:26:29.065 INFO  org.springframework.web.servlet.mvc.method.annotation.RequestMappingHandlerMapping - Mapped "{[/],methods=[GET]}" onto public java.lang.String org.springframework.cloud.netflix.eureka.server.EurekaController.status(javax.servlet.http.HttpServletRequest,java.util.Map<java.lang.String, java.lang.Object>)
2019-07-30 12:26:29.065 INFO  org.springframework.web.servlet.mvc.method.annotation.RequestMappingHandlerMapping - Mapped "{[/lastn],methods=[GET]}" onto public java.lang.String org.springframework.cloud.netflix.eureka.server.EurekaController.lastn(javax.servlet.http.HttpServletRequest,java.util.Map<java.lang.String, java.lang.Object>)
2019-07-30 12:26:29.125 INFO  org.springframework.web.servlet.handler.SimpleUrlHandlerMapping - Mapped URL path [/webjars/**] onto handler of type [class org.springframework.web.servlet.resource.ResourceHttpRequestHandler]
2019-07-30 12:26:29.125 INFO  org.springframework.web.servlet.handler.SimpleUrlHandlerMapping - Mapped URL path [/**] onto handler of type [class org.springframework.web.servlet.resource.ResourceHttpRequestHandler]
2019-07-30 12:26:32.943 INFO  org.springframework.ui.freemarker.SpringTemplateLoader - SpringTemplateLoader for FreeMarker: using resource loader [org.springframework.web.context.support.GenericWebApplicationContext@6a66a204: startup date [Tue Jul 30 12:26:26 CST 2019]; parent: org.springframework.context.annotation.AnnotationConfigApplicationContext@1fb669c3] and template loader path [classpath:/templates/]
2019-07-30 12:26:32.943 INFO  org.springframework.web.servlet.view.freemarker.FreeMarkerConfigurer - ClassTemplateLoader for Spring macros added to FreeMarker configuration
2019-07-30 12:26:35.092 INFO  org.springframework.cloud.netflix.eureka.InstanceInfoFactory - Setting initial instance status as: STARTING
2019-07-30 12:26:35.132 INFO  com.netflix.discovery.DiscoveryClient - Initializing Eureka in region us-east-1
2019-07-30 12:26:35.132 INFO  com.netflix.discovery.DiscoveryClient - Client configured to neither register nor query for data.
2019-07-30 12:26:35.152 INFO  com.netflix.discovery.DiscoveryClient - Discovery Client initialized at timestamp 1564460795142 with initial instances count: 0
2019-07-30 12:26:35.222 INFO  com.netflix.eureka.DefaultEurekaServerContext - Initializing ...
2019-07-30 12:26:35.222 INFO  com.netflix.eureka.cluster.PeerEurekaNodes - Adding new peer nodes [http://localhost:-1/eureka/]
2019-07-30 12:26:35.872 INFO  com.netflix.discovery.provider.DiscoveryJerseyProvider - Using JSON encoding codec LegacyJacksonJson
2019-07-30 12:26:35.872 INFO  com.netflix.discovery.provider.DiscoveryJerseyProvider - Using JSON decoding codec LegacyJacksonJson
2019-07-30 12:26:35.872 INFO  com.netflix.discovery.provider.DiscoveryJerseyProvider - Using XML encoding codec XStreamXml
2019-07-30 12:26:35.872 INFO  com.netflix.discovery.provider.DiscoveryJerseyProvider - Using XML decoding codec XStreamXml
2019-07-30 12:26:36.202 INFO  com.netflix.eureka.cluster.PeerEurekaNodes - Replica node URL:  http://localhost:-1/eureka/
2019-07-30 12:26:36.221 INFO  com.netflix.eureka.registry.AbstractInstanceRegistry - Finished initializing remote region registries. All known remote regions: []
2019-07-30 12:26:36.231 INFO  com.netflix.eureka.DefaultEurekaServerContext - Initialized
2019-07-30 12:26:36.531 INFO  org.springframework.boot.actuate.endpoint.web.EndpointLinksResolver - Exposing 2 endpoint(s) beneath base path '/actuator'
2019-07-30 12:26:36.541 INFO  org.springframework.boot.actuate.endpoint.web.servlet.WebMvcEndpointHandlerMapping - Mapped "{[/actuator/health],methods=[GET],produces=[application/vnd.spring-boot.actuator.v2+json || application/json]}" onto public java.lang.Object org.springframework.boot.actuate.endpoint.web.servlet.AbstractWebMvcEndpointHandlerMapping$OperationHandler.handle(javax.servlet.http.HttpServletRequest,java.util.Map<java.lang.String, java.lang.String>)
2019-07-30 12:26:36.541 INFO  org.springframework.boot.actuate.endpoint.web.servlet.WebMvcEndpointHandlerMapping - Mapped "{[/actuator/info],methods=[GET],produces=[application/vnd.spring-boot.actuator.v2+json || application/json]}" onto public java.lang.Object org.springframework.boot.actuate.endpoint.web.servlet.AbstractWebMvcEndpointHandlerMapping$OperationHandler.handle(javax.servlet.http.HttpServletRequest,java.util.Map<java.lang.String, java.lang.String>)
2019-07-30 12:26:36.541 INFO  org.springframework.boot.actuate.endpoint.web.servlet.WebMvcEndpointHandlerMapping - Mapped "{[/actuator],methods=[GET],produces=[application/vnd.spring-boot.actuator.v2+json || application/json]}" onto protected java.util.Map<java.lang.String, java.util.Map<java.lang.String, org.springframework.boot.actuate.endpoint.web.Link>> org.springframework.boot.actuate.endpoint.web.servlet.WebMvcEndpointHandlerMapping.links(javax.servlet.http.HttpServletRequest,javax.servlet.http.HttpServletResponse)
2019-07-30 12:26:36.601 INFO  org.springframework.context.support.DefaultLifecycleProcessor - Starting beans in phase 0
2019-07-30 12:26:36.611 INFO  org.springframework.cloud.netflix.eureka.server.EurekaServerBootstrap - Setting the eureka configuration..
2019-07-30 12:26:36.611 INFO  org.springframework.cloud.netflix.eureka.server.EurekaServerBootstrap - Eureka data center value eureka.datacenter is not set, defaulting to default
2019-07-30 12:26:36.611 INFO  org.springframework.cloud.netflix.eureka.server.EurekaServerBootstrap - Eureka environment value eureka.environment is not set, defaulting to test
2019-07-30 12:26:36.671 INFO  cn.intellif.register.center.RegisterCenterApplicationTests - Started RegisterCenterApplicationTests in 12.923 seconds (JVM running for 14.414)
2019-07-30 12:26:36.681 INFO  org.springframework.cloud.netflix.eureka.server.EurekaServerBootstrap - isAws returned false
2019-07-30 12:26:36.681 INFO  org.springframework.cloud.netflix.eureka.server.EurekaServerBootstrap - Initialized server context
2019-07-30 12:26:36.681 INFO  com.netflix.eureka.registry.PeerAwareInstanceRegistryImpl - Got 1 instances from neighboring DS node
2019-07-30 12:26:36.681 INFO  com.netflix.eureka.registry.PeerAwareInstanceRegistryImpl - Renew threshold is: 1
2019-07-30 12:26:36.681 INFO  com.netflix.eureka.registry.PeerAwareInstanceRegistryImpl - Changing status to UP
2019-07-30 12:26:36.691 INFO  org.springframework.cloud.netflix.eureka.server.EurekaServerInitializerConfiguration - Started Eureka Server
2019-07-30 12:26:36.961 INFO  org.springframework.web.context.support.GenericWebApplicationContext - Closing org.springframework.web.context.support.GenericWebApplicationContext@6a66a204: startup date [Tue Jul 30 12:26:26 CST 2019]; parent: org.springframework.context.annotation.AnnotationConfigApplicationContext@1fb669c3
2019-07-30 12:26:36.961 INFO  org.springframework.cloud.netflix.eureka.serviceregistry.EurekaServiceRegistry - Unregistering application register-center with eureka with status DOWN
2019-07-30 12:26:36.971 INFO  org.springframework.context.support.DefaultLifecycleProcessor - Stopping beans in phase 0
2019-07-30 12:26:36.971 INFO  com.netflix.eureka.DefaultEurekaServerContext - Shutting down ...
2019-07-30 12:26:36.971 INFO  com.netflix.eureka.DefaultEurekaServerContext - Shut down
2019-07-30 12:26:37.341 INFO  org.springframework.context.annotation.AnnotationConfigApplicationContext - Refreshing SpringClientFactory-localhost: startup date [Tue Jul 30 12:26:37 CST 2019]; parent: org.springframework.web.context.support.GenericWebApplicationContext@6a66a204
2019-07-30 12:26:37.381 INFO  org.springframework.beans.factory.annotation.AutowiredAnnotationBeanPostProcessor - JSR-330 'javax.inject.Inject' annotation found and supported for autowiring
2019-07-30 12:26:37.531 INFO  com.netflix.discovery.DiscoveryClient - Shutting down DiscoveryClient ...
2019-07-30 12:26:37.531 INFO  com.netflix.discovery.DiscoveryClient - Completed shut down of DiscoveryClient
