2019-04-01 23:05:56.817 INFO  org.springframework.context.annotation.AnnotationConfigApplicationContext - Refreshing org.springframework.context.annotation.AnnotationConfigApplicationContext@757277dc: startup date [Mon Apr 01 23:05:56 CST 2019]; root of context hierarchy
2019-04-01 23:05:57.018 INFO  org.springframework.beans.factory.annotation.AutowiredAnnotationBeanPostProcessor - JSR-330 'javax.inject.Inject' annotation found and supported for autowiring
2019-04-01 23:05:57.045 INFO  org.springframework.context.support.PostProcessorRegistrationDelegate$BeanPostProcessorChecker - Bean 'configurationPropertiesRebinderAutoConfiguration' of type [org.springframework.cloud.autoconfigure.ConfigurationPropertiesRebinderAutoConfiguration$$EnhancerBySpringCGLIB$$6453fb00] is not eligible for getting processed by all BeanPostProcessors (for example: not eligible for auto-proxying)
2019-04-01 23:05:59.612 INFO  cn.intellif.server.zuul.ServerZuulApplication - No active profile set, falling back to default profiles: default
2019-04-01 23:05:59.636 INFO  org.springframework.boot.web.servlet.context.AnnotationConfigServletWebServerApplicationContext - Refreshing org.springframework.boot.web.servlet.context.AnnotationConfigServletWebServerApplicationContext@71e9ebae: startup date [Mon Apr 01 23:05:59 CST 2019]; parent: org.springframework.context.annotation.AnnotationConfigApplicationContext@757277dc
2019-04-01 23:06:00.606 INFO  org.springframework.beans.factory.support.DefaultListableBeanFactory - Overriding bean definition for bean 'counterFactory' with a different definition: replacing [Root bean: class [null]; scope=; abstract=false; lazyInit=false; autowireMode=3; dependencyCheck=0; autowireCandidate=true; primary=false; factoryBeanName=org.springframework.cloud.netflix.zuul.ZuulServerAutoConfiguration$ZuulMetricsConfiguration; factoryMethodName=counterFactory; initMethodName=null; destroyMethodName=(inferred); defined in class path resource [org/springframework/cloud/netflix/zuul/ZuulServerAutoConfiguration$ZuulMetricsConfiguration.class]] with [Root bean: class [null]; scope=; abstract=false; lazyInit=false; autowireMode=3; dependencyCheck=0; autowireCandidate=true; primary=false; factoryBeanName=org.springframework.cloud.netflix.zuul.ZuulServerAutoConfiguration$ZuulCounterFactoryConfiguration; factoryMethodName=counterFactory; initMethodName=null; destroyMethodName=(inferred); defined in class path resource [org/springframework/cloud/netflix/zuul/ZuulServerAutoConfiguration$ZuulCounterFactoryConfiguration.class]]
2019-04-01 23:06:01.351 INFO  org.springframework.cloud.context.scope.GenericScope - BeanFactory id=5acd4a3f-c8cc-3f68-b2b1-62a4bdd8c756
2019-04-01 23:06:01.373 INFO  org.springframework.beans.factory.annotation.AutowiredAnnotationBeanPostProcessor - JSR-330 'javax.inject.Inject' annotation found and supported for autowiring
2019-04-01 23:06:02.141 INFO  org.springframework.context.support.PostProcessorRegistrationDelegate$BeanPostProcessorChecker - Bean 'org.springframework.cloud.autoconfigure.ConfigurationPropertiesRebinderAutoConfiguration' of type [org.springframework.cloud.autoconfigure.ConfigurationPropertiesRebinderAutoConfiguration$$EnhancerBySpringCGLIB$$6453fb00] is not eligible for getting processed by all BeanPostProcessors (for example: not eligible for auto-proxying)
2019-04-01 23:06:03.061 INFO  org.springframework.boot.web.embedded.tomcat.TomcatWebServer - Tomcat initialized with port(s): 7070 (http)
2019-04-01 23:06:03.074 INFO  org.apache.coyote.http11.Http11NioProtocol - Initializing ProtocolHandler ["http-nio-7070"]
2019-04-01 23:06:03.085 INFO  org.apache.catalina.core.StandardService - Starting service [Tomcat]
2019-04-01 23:06:03.085 INFO  org.apache.catalina.core.StandardEngine - Starting Servlet Engine: Apache Tomcat/8.5.32
2019-04-01 23:06:03.103 INFO  org.apache.catalina.core.AprLifecycleListener - The APR based Apache Tomcat Native library which allows optimal performance in production environments was not found on the java.library.path: [C:\Program Files\Java\jdk1.8.0_151\bin;C:\WINDOWS\Sun\Java\bin;C:\WINDOWS\system32;C:\WINDOWS;C:\Program Files (x86)\Intel\iCLS Client\;C:\ProgramData\Oracle\Java\javapath;C:\Program Files\Intel\iCLS Client\;C:\Windows\system32;C:\Windows;C:\Windows\System32\Wbem;C:\Windows\System32\WindowsPowerShell\v1.0\;C:\Program Files (x86)\NVIDIA Corporation\PhysX\Common;%JAVA_HOME%\jre\bin;C:\Program Files\MySQL\MySQL Server 5.7\bin;D:\developtool\MAVEN\apache-maven-3.5.2\bin;C:\Program Files\TortoiseSVN\bin;C:\WINDOWS\system32;C:\WINDOWS;C:\WINDOWS\System32\Wbem;C:\WINDOWS\System32\WindowsPowerShell\v1.0\;D:\developtool\MongoDB\Server\3.4\bin;D:\solr\bin;D:\developtool\git\Git\cmd;C:\Program Files\Intel\WiFi\bin\;C:\Program Files\Common Files\Intel\WirelessCommon\;C:\Program Files (x86)\Intel\Intel(R) Management Engine Components\DAL;C:\Program Files\Intel\Intel(R) Management Engine Components\DAL;C:\Program Files (x86)\Intel\Intel(R) Management Engine Components\IPT;C:\Program Files\Intel\Intel(R) Management Engine Components\IPT;C:\WINDOWS\System32\OpenSSH\;C:\Program Files\dotnet\;C:\Program Files\Microsoft SQL Server\130\Tools\Binn\;C:\Program Files\Java\jdk1.8.0_151\bin;D:\Go\bin;D:\Program Files (x86)\IDM Computer Solutions\UltraEdit;D:\developtool\kafka_2.12-2.1.0\kafka-eagle-1.3.0\kafka-eagle-web-1.3.0-bin\kafka-eagle-web-1.3.0\bin;D:\Program Files (x86)\Microsoft Visual Studio\Common\Tools\WinNT;D:\Program Files (x86)\Microsoft Visual Studio\Common\MSDev98\Bin;D:\Program Files (x86)\Microsoft Visual Studio\Common\Tools;D:\Program Files (x86)\Microsoft Visual Studio\VC98\bin;C:\Users\86322\AppData\Local\Microsoft\WindowsApps;C:\Users\86322\AppData\Local\GitHubDesktop\bin;C:\Users\86322\AppData\Local\Microsoft\WindowsApps;C:\Users\86322\go\bin;D:\Program Files\JetBrains\GoLand 2018.3\bin;;;.]
2019-04-01 23:06:04.234 INFO  org.apache.catalina.core.ContainerBase.[Tomcat].[localhost].[/] - Initializing Spring embedded WebApplicationContext
2019-04-01 23:06:04.234 INFO  org.springframework.web.context.ContextLoader - Root WebApplicationContext: initialization completed in 4598 ms
2019-04-01 23:06:05.027 INFO  com.netflix.config.sources.URLConfigurationSource - To enable URLs as dynamic configuration sources, define System property archaius.configurationSource.additionalUrls or make config.properties available on classpath.
2019-04-01 23:06:05.038 INFO  com.netflix.config.DynamicPropertyFactory - DynamicPropertyFactory is initialized with configuration sources: com.netflix.config.ConcurrentCompositeConfiguration@62e48cb
2019-04-01 23:06:08.939 INFO  org.springframework.cloud.commons.util.InetUtils - Cannot determine local hostname
2019-04-01 23:06:11.664 INFO  org.springframework.cloud.commons.util.InetUtils - Cannot determine local hostname
2019-04-01 23:06:13.790 INFO  org.springframework.boot.web.servlet.FilterRegistrationBean - Mapping filter: 'characterEncodingFilter' to: [/*]
2019-04-01 23:06:13.791 INFO  org.springframework.boot.web.servlet.FilterRegistrationBean - Mapping filter: 'webMvcMetricsFilter' to: [/*]
2019-04-01 23:06:13.791 INFO  org.springframework.boot.web.servlet.FilterRegistrationBean - Mapping filter: 'tracingFilter' to: [/*]
2019-04-01 23:06:13.791 INFO  org.springframework.boot.web.servlet.FilterRegistrationBean - Mapping filter: 'exceptionLoggingFilter' to: [/*]
2019-04-01 23:06:13.791 INFO  org.springframework.boot.web.servlet.FilterRegistrationBean - Mapping filter: 'hiddenHttpMethodFilter' to: [/*]
2019-04-01 23:06:13.791 INFO  org.springframework.boot.web.servlet.FilterRegistrationBean - Mapping filter: 'httpPutFormContentFilter' to: [/*]
2019-04-01 23:06:13.798 INFO  org.springframework.boot.web.servlet.FilterRegistrationBean - Mapping filter: 'requestContextFilter' to: [/*]
2019-04-01 23:06:13.799 INFO  org.springframework.boot.web.servlet.FilterRegistrationBean - Mapping filter: 'httpTraceFilter' to: [/*]
2019-04-01 23:06:13.799 INFO  org.springframework.boot.web.servlet.ServletRegistrationBean - Servlet dispatcherServlet mapped to [/]
2019-04-01 23:06:13.800 INFO  org.springframework.boot.web.servlet.ServletRegistrationBean - Servlet zuulServlet mapped to [/zuul/*]
2019-04-01 23:06:13.801 INFO  org.springframework.boot.actuate.endpoint.web.ServletEndpointRegistrar - Registered '/actuator/jolokia' to jolokia-actuator-endpoint
2019-04-01 23:06:13.801 INFO  org.springframework.boot.actuate.endpoint.web.ServletEndpointRegistrar - Registered '/actuator/hystrix.stream' to hystrix.stream-actuator-endpoint
2019-04-01 23:06:13.922 INFO  com.netflix.config.sources.URLConfigurationSource - To enable URLs as dynamic configuration sources, define System property archaius.configurationSource.additionalUrls or make config.properties available on classpath.
2019-04-01 23:06:14.221 INFO  org.springframework.web.servlet.handler.SimpleUrlHandlerMapping - Mapped URL path [/**/favicon.ico] onto handler of type [class org.springframework.web.servlet.resource.ResourceHttpRequestHandler]
2019-04-01 23:06:14.882 INFO  org.springframework.web.servlet.mvc.method.annotation.RequestMappingHandlerAdapter - Looking for @ControllerAdvice: org.springframework.boot.web.servlet.context.AnnotationConfigServletWebServerApplicationContext@71e9ebae: startup date [Mon Apr 01 23:05:59 CST 2019]; parent: org.springframework.context.annotation.AnnotationConfigApplicationContext@757277dc
2019-04-01 23:06:15.028 INFO  org.springframework.web.servlet.mvc.method.annotation.RequestMappingHandlerMapping - Mapped "{[/error]}" onto public org.springframework.http.ResponseEntity<java.util.Map<java.lang.String, java.lang.Object>> org.springframework.boot.autoconfigure.web.servlet.error.BasicErrorController.error(javax.servlet.http.HttpServletRequest)
2019-04-01 23:06:15.029 INFO  org.springframework.web.servlet.mvc.method.annotation.RequestMappingHandlerMapping - Mapped "{[/error],produces=[text/html]}" onto public org.springframework.web.servlet.ModelAndView org.springframework.boot.autoconfigure.web.servlet.error.BasicErrorController.errorHtml(javax.servlet.http.HttpServletRequest,javax.servlet.http.HttpServletResponse)
2019-04-01 23:06:15.100 INFO  org.springframework.web.servlet.handler.SimpleUrlHandlerMapping - Mapped URL path [/webjars/**] onto handler of type [class org.springframework.web.servlet.resource.ResourceHttpRequestHandler]
2019-04-01 23:06:15.100 INFO  org.springframework.web.servlet.handler.SimpleUrlHandlerMapping - Mapped URL path [/**] onto handler of type [class org.springframework.web.servlet.resource.ResourceHttpRequestHandler]
2019-04-01 23:06:15.668 INFO  org.springframework.scheduling.concurrent.ThreadPoolTaskScheduler - Initializing ExecutorService 
2019-04-01 23:06:20.477 INFO  org.springframework.cloud.netflix.zuul.ZuulFilterInitializer - Starting filter initializer
2019-04-01 23:06:20.649 INFO  org.springframework.boot.actuate.endpoint.web.EndpointLinksResolver - Exposing 22 endpoint(s) beneath base path '/actuator'
2019-04-01 23:06:20.661 INFO  org.springframework.boot.actuate.endpoint.web.servlet.WebMvcEndpointHandlerMapping - Mapped "{[/actuator/archaius],methods=[GET],produces=[application/vnd.spring-boot.actuator.v2+json || application/json]}" onto public java.lang.Object org.springframework.boot.actuate.endpoint.web.servlet.AbstractWebMvcEndpointHandlerMapping$OperationHandler.handle(javax.servlet.http.HttpServletRequest,java.util.Map<java.lang.String, java.lang.String>)
2019-04-01 23:06:20.662 INFO  org.springframework.boot.actuate.endpoint.web.servlet.WebMvcEndpointHandlerMapping - Mapped "{[/actuator/auditevents],methods=[GET],produces=[application/vnd.spring-boot.actuator.v2+json || application/json]}" onto public java.lang.Object org.springframework.boot.actuate.endpoint.web.servlet.AbstractWebMvcEndpointHandlerMapping$OperationHandler.handle(javax.servlet.http.HttpServletRequest,java.util.Map<java.lang.String, java.lang.String>)
2019-04-01 23:06:20.662 INFO  org.springframework.boot.actuate.endpoint.web.servlet.WebMvcEndpointHandlerMapping - Mapped "{[/actuator/beans],methods=[GET],produces=[application/vnd.spring-boot.actuator.v2+json || application/json]}" onto public java.lang.Object org.springframework.boot.actuate.endpoint.web.servlet.AbstractWebMvcEndpointHandlerMapping$OperationHandler.handle(javax.servlet.http.HttpServletRequest,java.util.Map<java.lang.String, java.lang.String>)
2019-04-01 23:06:20.662 INFO  org.springframework.boot.actuate.endpoint.web.servlet.WebMvcEndpointHandlerMapping - Mapped "{[/actuator/health],methods=[GET],produces=[application/vnd.spring-boot.actuator.v2+json || application/json]}" onto public java.lang.Object org.springframework.boot.actuate.endpoint.web.servlet.AbstractWebMvcEndpointHandlerMapping$OperationHandler.handle(javax.servlet.http.HttpServletRequest,java.util.Map<java.lang.String, java.lang.String>)
2019-04-01 23:06:20.663 INFO  org.springframework.boot.actuate.endpoint.web.servlet.WebMvcEndpointHandlerMapping - Mapped "{[/actuator/conditions],methods=[GET],produces=[application/vnd.spring-boot.actuator.v2+json || application/json]}" onto public java.lang.Object org.springframework.boot.actuate.endpoint.web.servlet.AbstractWebMvcEndpointHandlerMapping$OperationHandler.handle(javax.servlet.http.HttpServletRequest,java.util.Map<java.lang.String, java.lang.String>)
2019-04-01 23:06:20.663 INFO  org.springframework.boot.actuate.endpoint.web.servlet.WebMvcEndpointHandlerMapping - Mapped "{[/actuator/configprops],methods=[GET],produces=[application/vnd.spring-boot.actuator.v2+json || application/json]}" onto public java.lang.Object org.springframework.boot.actuate.endpoint.web.servlet.AbstractWebMvcEndpointHandlerMapping$OperationHandler.handle(javax.servlet.http.HttpServletRequest,java.util.Map<java.lang.String, java.lang.String>)
2019-04-01 23:06:20.663 INFO  org.springframework.boot.actuate.endpoint.web.servlet.WebMvcEndpointHandlerMapping - Mapped "{[/actuator/env],methods=[GET],produces=[application/vnd.spring-boot.actuator.v2+json || application/json]}" onto public java.lang.Object org.springframework.boot.actuate.endpoint.web.servlet.AbstractWebMvcEndpointHandlerMapping$OperationHandler.handle(javax.servlet.http.HttpServletRequest,java.util.Map<java.lang.String, java.lang.String>)
2019-04-01 23:06:20.663 INFO  org.springframework.boot.actuate.endpoint.web.servlet.WebMvcEndpointHandlerMapping - Mapped "{[/actuator/env/{toMatch}],methods=[GET],produces=[application/vnd.spring-boot.actuator.v2+json || application/json]}" onto public java.lang.Object org.springframework.boot.actuate.endpoint.web.servlet.AbstractWebMvcEndpointHandlerMapping$OperationHandler.handle(javax.servlet.http.HttpServletRequest,java.util.Map<java.lang.String, java.lang.String>)
2019-04-01 23:06:20.664 INFO  org.springframework.boot.actuate.endpoint.web.servlet.WebMvcEndpointHandlerMapping - Mapped "{[/actuator/env],methods=[POST],consumes=[application/vnd.spring-boot.actuator.v2+json || application/json],produces=[application/vnd.spring-boot.actuator.v2+json || application/json]}" onto public java.lang.Object org.springframework.boot.actuate.endpoint.web.servlet.AbstractWebMvcEndpointHandlerMapping$OperationHandler.handle(javax.servlet.http.HttpServletRequest,java.util.Map<java.lang.String, java.lang.String>)
2019-04-01 23:06:20.665 INFO  org.springframework.boot.actuate.endpoint.web.servlet.WebMvcEndpointHandlerMapping - Mapped "{[/actuator/env],methods=[DELETE],produces=[application/vnd.spring-boot.actuator.v2+json || application/json]}" onto public java.lang.Object org.springframework.boot.actuate.endpoint.web.servlet.AbstractWebMvcEndpointHandlerMapping$OperationHandler.handle(javax.servlet.http.HttpServletRequest,java.util.Map<java.lang.String, java.lang.String>)
2019-04-01 23:06:20.665 INFO  org.springframework.boot.actuate.endpoint.web.servlet.WebMvcEndpointHandlerMapping - Mapped "{[/actuator/info],methods=[GET],produces=[application/vnd.spring-boot.actuator.v2+json || application/json]}" onto public java.lang.Object org.springframework.boot.actuate.endpoint.web.servlet.AbstractWebMvcEndpointHandlerMapping$OperationHandler.handle(javax.servlet.http.HttpServletRequest,java.util.Map<java.lang.String, java.lang.String>)
2019-04-01 23:06:20.665 INFO  org.springframework.boot.actuate.endpoint.web.servlet.WebMvcEndpointHandlerMapping - Mapped "{[/actuator/loggers],methods=[GET],produces=[application/vnd.spring-boot.actuator.v2+json || application/json]}" onto public java.lang.Object org.springframework.boot.actuate.endpoint.web.servlet.AbstractWebMvcEndpointHandlerMapping$OperationHandler.handle(javax.servlet.http.HttpServletRequest,java.util.Map<java.lang.String, java.lang.String>)
2019-04-01 23:06:20.665 INFO  org.springframework.boot.actuate.endpoint.web.servlet.WebMvcEndpointHandlerMapping - Mapped "{[/actuator/loggers/{name}],methods=[GET],produces=[application/vnd.spring-boot.actuator.v2+json || application/json]}" onto public java.lang.Object org.springframework.boot.actuate.endpoint.web.servlet.AbstractWebMvcEndpointHandlerMapping$OperationHandler.handle(javax.servlet.http.HttpServletRequest,java.util.Map<java.lang.String, java.lang.String>)
2019-04-01 23:06:20.665 INFO  org.springframework.boot.actuate.endpoint.web.servlet.WebMvcEndpointHandlerMapping - Mapped "{[/actuator/loggers/{name}],methods=[POST],consumes=[application/vnd.spring-boot.actuator.v2+json || application/json]}" onto public java.lang.Object org.springframework.boot.actuate.endpoint.web.servlet.AbstractWebMvcEndpointHandlerMapping$OperationHandler.handle(javax.servlet.http.HttpServletRequest,java.util.Map<java.lang.String, java.lang.String>)
2019-04-01 23:06:20.665 INFO  org.springframework.boot.actuate.endpoint.web.servlet.WebMvcEndpointHandlerMapping - Mapped "{[/actuator/heapdump],methods=[GET],produces=[application/octet-stream]}" onto public java.lang.Object org.springframework.boot.actuate.endpoint.web.servlet.AbstractWebMvcEndpointHandlerMapping$OperationHandler.handle(javax.servlet.http.HttpServletRequest,java.util.Map<java.lang.String, java.lang.String>)
2019-04-01 23:06:20.666 INFO  org.springframework.boot.actuate.endpoint.web.servlet.WebMvcEndpointHandlerMapping - Mapped "{[/actuator/threaddump],methods=[GET],produces=[application/vnd.spring-boot.actuator.v2+json || application/json]}" onto public java.lang.Object org.springframework.boot.actuate.endpoint.web.servlet.AbstractWebMvcEndpointHandlerMapping$OperationHandler.handle(javax.servlet.http.HttpServletRequest,java.util.Map<java.lang.String, java.lang.String>)
2019-04-01 23:06:20.666 INFO  org.springframework.boot.actuate.endpoint.web.servlet.WebMvcEndpointHandlerMapping - Mapped "{[/actuator/metrics],methods=[GET],produces=[application/vnd.spring-boot.actuator.v2+json || application/json]}" onto public java.lang.Object org.springframework.boot.actuate.endpoint.web.servlet.AbstractWebMvcEndpointHandlerMapping$OperationHandler.handle(javax.servlet.http.HttpServletRequest,java.util.Map<java.lang.String, java.lang.String>)
2019-04-01 23:06:20.666 INFO  org.springframework.boot.actuate.endpoint.web.servlet.WebMvcEndpointHandlerMapping - Mapped "{[/actuator/metrics/{requiredMetricName}],methods=[GET],produces=[application/vnd.spring-boot.actuator.v2+json || application/json]}" onto public java.lang.Object org.springframework.boot.actuate.endpoint.web.servlet.AbstractWebMvcEndpointHandlerMapping$OperationHandler.handle(javax.servlet.http.HttpServletRequest,java.util.Map<java.lang.String, java.lang.String>)
2019-04-01 23:06:20.666 INFO  org.springframework.boot.actuate.endpoint.web.servlet.WebMvcEndpointHandlerMapping - Mapped "{[/actuator/scheduledtasks],methods=[GET],produces=[application/vnd.spring-boot.actuator.v2+json || application/json]}" onto public java.lang.Object org.springframework.boot.actuate.endpoint.web.servlet.AbstractWebMvcEndpointHandlerMapping$OperationHandler.handle(javax.servlet.http.HttpServletRequest,java.util.Map<java.lang.String, java.lang.String>)
2019-04-01 23:06:20.666 INFO  org.springframework.boot.actuate.endpoint.web.servlet.WebMvcEndpointHandlerMapping - Mapped "{[/actuator/httptrace],methods=[GET],produces=[application/vnd.spring-boot.actuator.v2+json || application/json]}" onto public java.lang.Object org.springframework.boot.actuate.endpoint.web.servlet.AbstractWebMvcEndpointHandlerMapping$OperationHandler.handle(javax.servlet.http.HttpServletRequest,java.util.Map<java.lang.String, java.lang.String>)
2019-04-01 23:06:20.667 INFO  org.springframework.boot.actuate.endpoint.web.servlet.WebMvcEndpointHandlerMapping - Mapped "{[/actuator/mappings],methods=[GET],produces=[application/vnd.spring-boot.actuator.v2+json || application/json]}" onto public java.lang.Object org.springframework.boot.actuate.endpoint.web.servlet.AbstractWebMvcEndpointHandlerMapping$OperationHandler.handle(javax.servlet.http.HttpServletRequest,java.util.Map<java.lang.String, java.lang.String>)
2019-04-01 23:06:20.667 INFO  org.springframework.boot.actuate.endpoint.web.servlet.WebMvcEndpointHandlerMapping - Mapped "{[/actuator/refresh],methods=[POST],produces=[application/vnd.spring-boot.actuator.v2+json || application/json]}" onto public java.lang.Object org.springframework.boot.actuate.endpoint.web.servlet.AbstractWebMvcEndpointHandlerMapping$OperationHandler.handle(javax.servlet.http.HttpServletRequest,java.util.Map<java.lang.String, java.lang.String>)
2019-04-01 23:06:20.667 INFO  org.springframework.boot.actuate.endpoint.web.servlet.WebMvcEndpointHandlerMapping - Mapped "{[/actuator/features],methods=[GET],produces=[application/vnd.spring-boot.actuator.v2+json || application/json]}" onto public java.lang.Object org.springframework.boot.actuate.endpoint.web.servlet.AbstractWebMvcEndpointHandlerMapping$OperationHandler.handle(javax.servlet.http.HttpServletRequest,java.util.Map<java.lang.String, java.lang.String>)
2019-04-01 23:06:20.667 INFO  org.springframework.boot.actuate.endpoint.web.servlet.WebMvcEndpointHandlerMapping - Mapped "{[/actuator/service-registry],methods=[GET],produces=[application/vnd.spring-boot.actuator.v2+json || application/json]}" onto public java.lang.Object org.springframework.boot.actuate.endpoint.web.servlet.AbstractWebMvcEndpointHandlerMapping$OperationHandler.handle(javax.servlet.http.HttpServletRequest,java.util.Map<java.lang.String, java.lang.String>)
2019-04-01 23:06:20.668 INFO  org.springframework.boot.actuate.endpoint.web.servlet.WebMvcEndpointHandlerMapping - Mapped "{[/actuator/service-registry],methods=[POST],consumes=[application/vnd.spring-boot.actuator.v2+json || application/json],produces=[application/vnd.spring-boot.actuator.v2+json || application/json]}" onto public java.lang.Object org.springframework.boot.actuate.endpoint.web.servlet.AbstractWebMvcEndpointHandlerMapping$OperationHandler.handle(javax.servlet.http.HttpServletRequest,java.util.Map<java.lang.String, java.lang.String>)
2019-04-01 23:06:20.668 INFO  org.springframework.boot.actuate.endpoint.web.servlet.WebMvcEndpointHandlerMapping - Mapped "{[/actuator/routes],methods=[GET],produces=[application/vnd.spring-boot.actuator.v2+json || application/json]}" onto public java.lang.Object org.springframework.boot.actuate.endpoint.web.servlet.AbstractWebMvcEndpointHandlerMapping$OperationHandler.handle(javax.servlet.http.HttpServletRequest,java.util.Map<java.lang.String, java.lang.String>)
2019-04-01 23:06:20.668 INFO  org.springframework.boot.actuate.endpoint.web.servlet.WebMvcEndpointHandlerMapping - Mapped "{[/actuator/routes],methods=[POST],produces=[application/vnd.spring-boot.actuator.v2+json || application/json]}" onto public java.lang.Object org.springframework.boot.actuate.endpoint.web.servlet.AbstractWebMvcEndpointHandlerMapping$OperationHandler.handle(javax.servlet.http.HttpServletRequest,java.util.Map<java.lang.String, java.lang.String>)
2019-04-01 23:06:20.668 INFO  org.springframework.boot.actuate.endpoint.web.servlet.WebMvcEndpointHandlerMapping - Mapped "{[/actuator/routes/{format}],methods=[GET],produces=[application/vnd.spring-boot.actuator.v2+json || application/json]}" onto public java.lang.Object org.springframework.boot.actuate.endpoint.web.servlet.AbstractWebMvcEndpointHandlerMapping$OperationHandler.handle(javax.servlet.http.HttpServletRequest,java.util.Map<java.lang.String, java.lang.String>)
2019-04-01 23:06:20.669 INFO  org.springframework.boot.actuate.endpoint.web.servlet.WebMvcEndpointHandlerMapping - Mapped "{[/actuator/filters],methods=[GET],produces=[application/vnd.spring-boot.actuator.v2+json || application/json]}" onto public java.lang.Object org.springframework.boot.actuate.endpoint.web.servlet.AbstractWebMvcEndpointHandlerMapping$OperationHandler.handle(javax.servlet.http.HttpServletRequest,java.util.Map<java.lang.String, java.lang.String>)
2019-04-01 23:06:20.669 INFO  org.springframework.boot.actuate.endpoint.web.servlet.WebMvcEndpointHandlerMapping - Mapped "{[/actuator],methods=[GET],produces=[application/vnd.spring-boot.actuator.v2+json || application/json]}" onto protected java.util.Map<java.lang.String, java.util.Map<java.lang.String, org.springframework.boot.actuate.endpoint.web.Link>> org.springframework.boot.actuate.endpoint.web.servlet.WebMvcEndpointHandlerMapping.links(javax.servlet.http.HttpServletRequest,javax.servlet.http.HttpServletResponse)
2019-04-01 23:06:20.923 INFO  org.springframework.jmx.export.annotation.AnnotationMBeanExporter - Registering beans for JMX exposure on startup
2019-04-01 23:06:20.986 INFO  org.springframework.jmx.export.annotation.AnnotationMBeanExporter - Bean with name 'environmentManager' has been autodetected for JMX exposure
2019-04-01 23:06:20.988 INFO  org.springframework.jmx.export.annotation.AnnotationMBeanExporter - Bean with name 'configurationPropertiesRebinder' has been autodetected for JMX exposure
2019-04-01 23:06:20.989 INFO  org.springframework.jmx.export.annotation.AnnotationMBeanExporter - Bean with name 'refreshScope' has been autodetected for JMX exposure
2019-04-01 23:06:21.001 INFO  org.springframework.jmx.export.annotation.AnnotationMBeanExporter - Located managed bean 'environmentManager': registering with JMX server as MBean [org.springframework.cloud.context.environment:name=environmentManager,type=EnvironmentManager]
2019-04-01 23:06:21.026 INFO  org.springframework.jmx.export.annotation.AnnotationMBeanExporter - Located managed bean 'refreshScope': registering with JMX server as MBean [org.springframework.cloud.context.scope.refresh:name=refreshScope,type=RefreshScope]
2019-04-01 23:06:21.058 INFO  org.springframework.jmx.export.annotation.AnnotationMBeanExporter - Located managed bean 'configurationPropertiesRebinder': registering with JMX server as MBean [org.springframework.cloud.context.properties:name=configurationPropertiesRebinder,context=71e9ebae,type=ConfigurationPropertiesRebinder]
2019-04-01 23:06:21.108 INFO  org.springframework.context.support.DefaultLifecycleProcessor - Starting beans in phase 0
2019-04-01 23:06:21.118 INFO  org.springframework.cloud.netflix.eureka.InstanceInfoFactory - Setting initial instance status as: STARTING
2019-04-01 23:06:21.192 INFO  com.netflix.discovery.DiscoveryClient - Initializing Eureka in region us-east-1
2019-04-01 23:06:21.311 INFO  com.netflix.discovery.provider.DiscoveryJerseyProvider - Using JSON encoding codec LegacyJacksonJson
2019-04-01 23:06:21.311 INFO  com.netflix.discovery.provider.DiscoveryJerseyProvider - Using JSON decoding codec LegacyJacksonJson
2019-04-01 23:06:21.688 INFO  com.netflix.discovery.provider.DiscoveryJerseyProvider - Using XML encoding codec XStreamXml
2019-04-01 23:06:21.688 INFO  com.netflix.discovery.provider.DiscoveryJerseyProvider - Using XML decoding codec XStreamXml
2019-04-01 23:06:22.108 INFO  com.netflix.discovery.shared.resolver.aws.ConfigClusterResolver - Resolving eureka endpoints via configuration
2019-04-01 23:06:23.035 INFO  com.netflix.discovery.DiscoveryClient - Disable delta property : false
2019-04-01 23:06:23.035 INFO  com.netflix.discovery.DiscoveryClient - Single vip registry refresh property : null
2019-04-01 23:06:23.035 INFO  com.netflix.discovery.DiscoveryClient - Force full registry fetch : false
2019-04-01 23:06:23.035 INFO  com.netflix.discovery.DiscoveryClient - Application is null : false
2019-04-01 23:06:23.035 INFO  com.netflix.discovery.DiscoveryClient - Registered Applications size is zero : true
2019-04-01 23:06:23.035 INFO  com.netflix.discovery.DiscoveryClient - Application version is -1: true
2019-04-01 23:06:23.035 INFO  com.netflix.discovery.DiscoveryClient - Getting all instance registry info from the eureka server
2019-04-01 23:06:23.337 INFO  com.netflix.discovery.DiscoveryClient - The response status is 200
2019-04-01 23:06:23.339 INFO  com.netflix.discovery.DiscoveryClient - Starting heartbeat executor: renew interval is: 30
2019-04-01 23:06:23.341 INFO  com.netflix.discovery.InstanceInfoReplicator - InstanceInfoReplicator onDemand update allowed rate per min is 4
2019-04-01 23:06:23.344 INFO  com.netflix.discovery.DiscoveryClient - Discovery Client initialized at timestamp 1554131183343 with initial instances count: 0
2019-04-01 23:06:23.357 INFO  org.springframework.cloud.netflix.eureka.serviceregistry.EurekaServiceRegistry - Registering application server-zuul with eureka with status UP
2019-04-01 23:06:23.358 INFO  com.netflix.discovery.DiscoveryClient - Saw local status change event StatusChangeEvent [timestamp=1554131183358, current=UP, previous=STARTING]
2019-04-01 23:06:23.363 INFO  com.netflix.discovery.DiscoveryClient - DiscoveryClient_SERVER-ZUUL/localhost:server-zuul:7070: registering service...
2019-04-01 23:06:23.389 INFO  org.apache.coyote.http11.Http11NioProtocol - Starting ProtocolHandler ["http-nio-7070"]
2019-04-01 23:06:23.400 INFO  org.apache.tomcat.util.net.NioSelectorPool - Using a shared selector for servlet write/read
2019-04-01 23:06:23.416 INFO  org.springframework.boot.web.embedded.tomcat.TomcatWebServer - Tomcat started on port(s): 7070 (http) with context path ''
2019-04-01 23:06:23.417 INFO  org.springframework.cloud.netflix.eureka.serviceregistry.EurekaAutoServiceRegistration - Updating port to 7070
2019-04-01 23:06:23.419 INFO  cn.intellif.server.zuul.ServerZuulApplication - Started ServerZuulApplication in 29.455 seconds (JVM running for 32.953)
2019-04-01 23:06:23.498 INFO  com.netflix.discovery.DiscoveryClient - DiscoveryClient_SERVER-ZUUL/localhost:server-zuul:7070 - registration status: 204
2019-04-01 23:06:24.068 INFO  org.apache.catalina.core.ContainerBase.[Tomcat].[localhost].[/] - Initializing Spring FrameworkServlet 'dispatcherServlet'
2019-04-01 23:06:24.068 INFO  org.springframework.web.servlet.DispatcherServlet - FrameworkServlet 'dispatcherServlet': initialization started
2019-04-01 23:06:24.097 INFO  org.springframework.web.servlet.DispatcherServlet - FrameworkServlet 'dispatcherServlet': initialization completed in 29 ms
2019-04-01 23:06:28.525 INFO  com.netflix.discovery.DiscoveryClient - Disable delta property : false
2019-04-01 23:06:28.525 INFO  com.netflix.discovery.DiscoveryClient - Single vip registry refresh property : null
2019-04-01 23:06:28.525 INFO  com.netflix.discovery.DiscoveryClient - Force full registry fetch : false
2019-04-01 23:06:28.525 INFO  com.netflix.discovery.DiscoveryClient - Application is null : false
2019-04-01 23:06:28.526 INFO  com.netflix.discovery.DiscoveryClient - Registered Applications size is zero : true
2019-04-01 23:06:28.526 INFO  com.netflix.discovery.DiscoveryClient - Application version is -1: false
2019-04-01 23:06:28.526 INFO  com.netflix.discovery.DiscoveryClient - Getting all instance registry info from the eureka server
2019-04-01 23:06:28.532 INFO  com.netflix.discovery.DiscoveryClient - The response status is 200
2019-04-01 23:06:33.535 INFO  com.netflix.discovery.DiscoveryClient - Disable delta property : false
2019-04-01 23:06:33.535 INFO  com.netflix.discovery.DiscoveryClient - Single vip registry refresh property : null
2019-04-01 23:06:33.535 INFO  com.netflix.discovery.DiscoveryClient - Force full registry fetch : false
2019-04-01 23:06:33.535 INFO  com.netflix.discovery.DiscoveryClient - Application is null : false
2019-04-01 23:06:33.535 INFO  com.netflix.discovery.DiscoveryClient - Registered Applications size is zero : true
2019-04-01 23:06:33.535 INFO  com.netflix.discovery.DiscoveryClient - Application version is -1: false
2019-04-01 23:06:33.535 INFO  com.netflix.discovery.DiscoveryClient - Getting all instance registry info from the eureka server
2019-04-01 23:06:33.574 INFO  com.netflix.discovery.DiscoveryClient - The response status is 200
2019-04-01 23:06:50.728 INFO  de.codecentric.boot.admin.client.registration.ApplicationRegistrator - Application registered itself as a34f464aca11
2019-04-01 23:06:50.791 INFO  org.springframework.cloud.netflix.zuul.web.ZuulHandlerMapping - Mapped URL path [/consumer/**] onto handler of type [class org.springframework.cloud.netflix.zuul.web.ZuulController]
2019-04-01 23:06:50.791 INFO  org.springframework.cloud.netflix.zuul.web.ZuulHandlerMapping - Mapped URL path [/provider/**] onto handler of type [class org.springframework.cloud.netflix.zuul.web.ZuulController]
2019-04-01 23:06:50.792 INFO  org.springframework.cloud.netflix.zuul.web.ZuulHandlerMapping - Mapped URL path [/server-zipkin/**] onto handler of type [class org.springframework.cloud.netflix.zuul.web.ZuulController]
2019-04-01 23:06:51.296 INFO  org.springframework.context.annotation.AnnotationConfigApplicationContext - Refreshing SpringClientFactory-127.0.0.1: startup date [Mon Apr 01 23:06:51 CST 2019]; parent: org.springframework.boot.web.servlet.context.AnnotationConfigServletWebServerApplicationContext@71e9ebae
2019-04-01 23:06:51.430 INFO  org.springframework.beans.factory.annotation.AutowiredAnnotationBeanPostProcessor - JSR-330 'javax.inject.Inject' annotation found and supported for autowiring
2019-04-01 23:06:51.668 INFO  com.netflix.config.ChainedDynamicProperty - Flipping property: 127.0.0.1.ribbon.ActiveConnectionsLimit to use NEXT property: niws.loadbalancer.availabilityFilteringRule.activeConnectionsLimit = 2147483647
2019-04-01 23:06:51.696 INFO  com.netflix.util.concurrent.ShutdownEnabledTimer - Shutdown hook installed for: NFLoadBalancer-PingTimer-127.0.0.1
2019-04-01 23:06:51.720 INFO  com.netflix.loadbalancer.BaseLoadBalancer - Client: 127.0.0.1 instantiated a LoadBalancer: DynamicServerListLoadBalancer:{NFLoadBalancer:name=127.0.0.1,current list of Servers=[],Load balancer stats=Zone stats: {},Server stats: []}ServerList:null
2019-04-01 23:06:51.725 INFO  com.netflix.loadbalancer.DynamicServerListLoadBalancer - Using serverListUpdater PollingServerListUpdater
2019-04-01 23:06:51.730 INFO  com.netflix.loadbalancer.DynamicServerListLoadBalancer - DynamicServerListLoadBalancer for client 127.0.0.1 initialized: DynamicServerListLoadBalancer:{NFLoadBalancer:name=127.0.0.1,current list of Servers=[],Load balancer stats=Zone stats: {},Server stats: []}ServerList:org.springframework.cloud.netflix.ribbon.eureka.DomainExtractingServerList@3c361e5f
2019-04-01 23:07:05.798 INFO  org.springframework.cloud.netflix.zuul.web.ZuulHandlerMapping - Mapped URL path [/server-consumer/**] onto handler of type [class org.springframework.cloud.netflix.zuul.web.ZuulController]
2019-04-01 23:08:35.800 INFO  org.springframework.cloud.netflix.zuul.web.ZuulHandlerMapping - Mapped URL path [/server-provider/**] onto handler of type [class org.springframework.cloud.netflix.zuul.web.ZuulController]
2019-04-01 23:11:23.039 INFO  com.netflix.discovery.shared.resolver.aws.ConfigClusterResolver - Resolving eureka endpoints via configuration
2019-04-01 23:13:38.178 INFO  org.springframework.context.annotation.AnnotationConfigApplicationContext - Refreshing SpringClientFactory-server-consumer: startup date [Mon Apr 01 23:13:38 CST 2019]; parent: org.springframework.boot.web.servlet.context.AnnotationConfigServletWebServerApplicationContext@71e9ebae
2019-04-01 23:13:38.246 INFO  org.springframework.beans.factory.annotation.AutowiredAnnotationBeanPostProcessor - JSR-330 'javax.inject.Inject' annotation found and supported for autowiring
2019-04-01 23:13:38.273 INFO  com.netflix.config.ChainedDynamicProperty - Flipping property: server-consumer.ribbon.ActiveConnectionsLimit to use NEXT property: niws.loadbalancer.availabilityFilteringRule.activeConnectionsLimit = 2147483647
2019-04-01 23:13:38.275 INFO  com.netflix.util.concurrent.ShutdownEnabledTimer - Shutdown hook installed for: NFLoadBalancer-PingTimer-server-consumer
2019-04-01 23:13:38.276 INFO  com.netflix.loadbalancer.BaseLoadBalancer - Client: server-consumer instantiated a LoadBalancer: DynamicServerListLoadBalancer:{NFLoadBalancer:name=server-consumer,current list of Servers=[],Load balancer stats=Zone stats: {},Server stats: []}ServerList:null
2019-04-01 23:13:38.277 INFO  com.netflix.loadbalancer.DynamicServerListLoadBalancer - Using serverListUpdater PollingServerListUpdater
2019-04-01 23:13:38.338 INFO  com.netflix.config.ChainedDynamicProperty - Flipping property: server-consumer.ribbon.ActiveConnectionsLimit to use NEXT property: niws.loadbalancer.availabilityFilteringRule.activeConnectionsLimit = 2147483647
2019-04-01 23:13:38.341 INFO  com.netflix.loadbalancer.DynamicServerListLoadBalancer - DynamicServerListLoadBalancer for client server-consumer initialized: DynamicServerListLoadBalancer:{NFLoadBalancer:name=server-consumer,current list of Servers=[localhost:7000],Load balancer stats=Zone stats: {defaultzone=[Zone:defaultzone;	Instance count:1;	Active connections count: 0;	Circuit breaker tripped count: 0;	Active connections per server: 0.0;]
},Server stats: [[Server:localhost:7000;	Zone:defaultZone;	Total Requests:0;	Successive connection failure:0;	Total blackout seconds:0;	Last connection made:Thu Jan 01 08:00:00 CST 1970;	First connection made: Thu Jan 01 08:00:00 CST 1970;	Active Connections:0;	total failure count in last (1000) msecs:0;	average resp time:0.0;	90 percentile resp time:0.0;	95 percentile resp time:0.0;	min resp time:0.0;	max resp time:0.0;	stddev resp time:0.0]
]}ServerList:org.springframework.cloud.netflix.ribbon.eureka.DomainExtractingServerList@654ba29f
2019-04-01 23:13:39.283 INFO  com.netflix.config.ChainedDynamicProperty - Flipping property: server-consumer.ribbon.ActiveConnectionsLimit to use NEXT property: niws.loadbalancer.availabilityFilteringRule.activeConnectionsLimit = 2147483647
