2019-04-16 21:00:25.041 WARN  com.netflix.config.sources.URLConfigurationSource - No URLs will be polled as dynamic configuration sources.
2019-04-16 21:00:26.811 WARN  com.netflix.config.sources.URLConfigurationSource - No URLs will be polled as dynamic configuration sources.
2019-04-16 21:00:28.053 WARN  com.netflix.eureka.cluster.PeerEurekaNodes - The replica size seems to be empty. Check the route 53 DNS Registry
2019-04-16 21:00:28.278 WARN  org.apache.catalina.loader.WebappClassLoaderBase - The web application [ROOT] appears to have started a thread named [AsyncReporter{org.springframework.cloud.sleuth.zipkin2.sender.RestTemplateSender@4e6b5e6b}] but has failed to stop it. This is very likely to create a memory leak. Stack trace of thread:
 sun.misc.Unsafe.park(Native Method)
 java.util.concurrent.locks.LockSupport.parkNanos(LockSupport.java:215)
 java.util.concurrent.locks.AbstractQueuedSynchronizer$ConditionObject.awaitNanos(AbstractQueuedSynchronizer.java:2078)
 zipkin2.reporter.ByteBoundedQueue.drainTo(ByteBoundedQueue.java:81)
 zipkin2.reporter.AsyncReporter$BoundedAsyncReporter.flush(AsyncReporter.java:257)
 zipkin2.reporter.AsyncReporter$Builder$1.run(AsyncReporter.java:190)
2019-04-16 21:00:28.279 WARN  org.apache.catalina.loader.WebappClassLoaderBase - The web application [ROOT] appears to have started a thread named [spring.cloud.inetutils] but has failed to stop it. This is very likely to create a memory leak. Stack trace of thread:
 sun.misc.Unsafe.park(Native Method)
 java.util.concurrent.locks.LockSupport.park(LockSupport.java:175)
 java.util.concurrent.locks.AbstractQueuedSynchronizer$ConditionObject.await(AbstractQueuedSynchronizer.java:2039)
 java.util.concurrent.LinkedBlockingQueue.take(LinkedBlockingQueue.java:442)
 java.util.concurrent.ThreadPoolExecutor.getTask(ThreadPoolExecutor.java:1067)
 java.util.concurrent.ThreadPoolExecutor.runWorker(ThreadPoolExecutor.java:1127)
 java.util.concurrent.ThreadPoolExecutor$Worker.run(ThreadPoolExecutor.java:617)
 java.lang.Thread.run(Thread.java:745)
2019-04-16 21:00:29.262 WARN  org.springframework.context.annotation.AnnotationConfigApplicationContext - Exception encountered during context initialization - cancelling refresh attempt: org.springframework.beans.factory.BeanDefinitionStoreException: Failed to parse configuration class [org.springframework.cloud.netflix.ribbon.eureka.EurekaRibbonClientConfiguration]; nested exception is java.lang.IllegalStateException: Illegal access: this web application instance has been stopped already. Could not load [org/springframework/cloud/netflix/ribbon/eureka/EurekaRibbonClientConfiguration.class]. The following stack trace is thrown for debugging purposes as well as to attempt to terminate the thread which caused the illegal access.
2019-04-16 21:00:53.328 WARN  com.netflix.config.sources.URLConfigurationSource - No URLs will be polled as dynamic configuration sources.
2019-04-16 21:00:54.983 WARN  com.netflix.config.sources.URLConfigurationSource - No URLs will be polled as dynamic configuration sources.
2019-04-16 21:00:56.257 WARN  com.netflix.eureka.cluster.PeerEurekaNodes - The replica size seems to be empty. Check the route 53 DNS Registry
2019-04-16 21:00:57.653 WARN  de.codecentric.boot.admin.client.registration.ApplicationRegistrator - Failed to register application as Application(name=register-center, managementUrl=http://WIN-21HHNRDBUAV:9090/actuator, healthUrl=http://WIN-21HHNRDBUAV:9090/actuator/health, serviceUrl=http://WIN-21HHNRDBUAV:9090/) at spring-boot-admin ([http://localhost:5050/instances]): I/O error on POST request for "http://localhost:5050/instances": Connection refused: connect; nested exception is java.net.ConnectException: Connection refused: connect. Further attempts are logged on DEBUG level
2019-04-16 21:01:50.902 WARN  com.netflix.config.sources.URLConfigurationSource - No URLs will be polled as dynamic configuration sources.
2019-04-16 21:01:52.536 WARN  com.netflix.config.sources.URLConfigurationSource - No URLs will be polled as dynamic configuration sources.
2019-04-16 21:01:53.731 WARN  com.netflix.eureka.cluster.PeerEurekaNodes - The replica size seems to be empty. Check the route 53 DNS Registry
2019-04-16 21:01:55.012 WARN  de.codecentric.boot.admin.client.registration.ApplicationRegistrator - Failed to register application as Application(name=register-center, managementUrl=http://WIN-21HHNRDBUAV:9090/actuator, healthUrl=http://WIN-21HHNRDBUAV:9090/actuator/health, serviceUrl=http://WIN-21HHNRDBUAV:9090/) at spring-boot-admin ([http://localhost:5050/instances]): I/O error on POST request for "http://localhost:5050/instances": Connection refused: connect; nested exception is java.net.ConnectException: Connection refused: connect. Further attempts are logged on DEBUG level
