2019-04-16 21:02:17.748 INFO  org.springframework.context.annotation.AnnotationConfigApplicationContext - Refreshing org.springframework.context.annotation.AnnotationConfigApplicationContext@6aaceffd: startup date [Tue Apr 16 21:02:17 CST 2019]; root of context hierarchy
2019-04-16 21:02:17.866 INFO  org.springframework.beans.factory.annotation.AutowiredAnnotationBeanPostProcessor - JSR-330 'javax.inject.Inject' annotation found and supported for autowiring
2019-04-16 21:02:17.885 INFO  org.springframework.context.support.PostProcessorRegistrationDelegate$BeanPostProcessorChecker - Bean 'configurationPropertiesRebinderAutoConfiguration' of type [org.springframework.cloud.autoconfigure.ConfigurationPropertiesRebinderAutoConfiguration$$EnhancerBySpringCGLIB$$7facc2d7] is not eligible for getting processed by all BeanPostProcessors (for example: not eligible for auto-proxying)
2019-04-16 21:02:18.119 INFO  cn.intellif.server.zuul.ServerZuulApplication - No active profile set, falling back to default profiles: default
2019-04-16 21:02:18.128 INFO  org.springframework.boot.web.servlet.context.AnnotationConfigServletWebServerApplicationContext - Refreshing org.springframework.boot.web.servlet.context.AnnotationConfigServletWebServerApplicationContext@432038ec: startup date [Tue Apr 16 21:02:18 CST 2019]; parent: org.springframework.context.annotation.AnnotationConfigApplicationContext@6aaceffd
2019-04-16 21:02:18.701 INFO  org.springframework.beans.factory.support.DefaultListableBeanFactory - Overriding bean definition for bean 'counterFactory' with a different definition: replacing [Root bean: class [null]; scope=; abstract=false; lazyInit=false; autowireMode=3; dependencyCheck=0; autowireCandidate=true; primary=false; factoryBeanName=org.springframework.cloud.netflix.zuul.ZuulServerAutoConfiguration$ZuulMetricsConfiguration; factoryMethodName=counterFactory; initMethodName=null; destroyMethodName=(inferred); defined in class path resource [org/springframework/cloud/netflix/zuul/ZuulServerAutoConfiguration$ZuulMetricsConfiguration.class]] with [Root bean: class [null]; scope=; abstract=false; lazyInit=false; autowireMode=3; dependencyCheck=0; autowireCandidate=true; primary=false; factoryBeanName=org.springframework.cloud.netflix.zuul.ZuulServerAutoConfiguration$ZuulCounterFactoryConfiguration; factoryMethodName=counterFactory; initMethodName=null; destroyMethodName=(inferred); defined in class path resource [org/springframework/cloud/netflix/zuul/ZuulServerAutoConfiguration$ZuulCounterFactoryConfiguration.class]]
2019-04-16 21:02:18.864 INFO  org.springframework.cloud.context.scope.GenericScope - BeanFactory id=5acd4a3f-c8cc-3f68-b2b1-62a4bdd8c756
2019-04-16 21:02:18.881 INFO  org.springframework.beans.factory.annotation.AutowiredAnnotationBeanPostProcessor - JSR-330 'javax.inject.Inject' annotation found and supported for autowiring
2019-04-16 21:02:19.079 INFO  org.springframework.context.support.PostProcessorRegistrationDelegate$BeanPostProcessorChecker - Bean 'org.springframework.cloud.autoconfigure.ConfigurationPropertiesRebinderAutoConfiguration' of type [org.springframework.cloud.autoconfigure.ConfigurationPropertiesRebinderAutoConfiguration$$EnhancerBySpringCGLIB$$7facc2d7] is not eligible for getting processed by all BeanPostProcessors (for example: not eligible for auto-proxying)
2019-04-16 21:02:19.408 INFO  org.springframework.boot.web.embedded.tomcat.TomcatWebServer - Tomcat initialized with port(s): 7070 (http)
2019-04-16 21:02:19.416 INFO  org.apache.coyote.http11.Http11NioProtocol - Initializing ProtocolHandler ["http-nio-7070"]
2019-04-16 21:02:19.423 INFO  org.apache.catalina.core.StandardService - Starting service [Tomcat]
2019-04-16 21:02:19.424 INFO  org.apache.catalina.core.StandardEngine - Starting Servlet Engine: Apache Tomcat/8.5.32
2019-04-16 21:02:19.428 INFO  org.apache.catalina.core.AprLifecycleListener - The APR based Apache Tomcat Native library which allows optimal performance in production environments was not found on the java.library.path: [C:\Program Files\Java\jdk1.8.0_92\bin;C:\Windows\Sun\Java\bin;C:\Windows\system32;C:\Windows;C:\Program Files (x86)\Common Files\Oracle\Java\javapath;C:\ProgramData\Oracle\Java\javapath;C:\Windows\system32;C:\Windows;C:\Windows\System32\Wbem;C:\Windows\System32\WindowsPowerShell\v1.0\;C:\Program Files\Java\jdk1.8.0_92\bin;%JAVA_HOME%\jre\bin;D:\soft\maven\apache-maven-3.5.2\bin;C:\Program Files\Git\bin;D:\soft\solr-7.2.1\solr-7.2.1\bin;C:\Program Files\MySQL\MySQL Server 5.7\bin;D:\soft\solr\solr\bin;D:\soft\apache-apollo-1.7.1\bin;D:\cygwin64\bin;C:\Program Files (x86)\Dev-Cpp\MinGW64\bin;C:\MinGW\msys\1.0\bin;D:\Go\bin;C:\Program Files (x86)\IDM Computer Solutions\UltraEdit;D:\soft\gradle-4.10.3\bin;C:\Users\Administrator\go\bin;D:\Program Files\JetBrains\GoLand 2018.3\bin;;D:\Program Files\JetBrains\IntelliJ IDEA 2018.3.1\bin;;C:\Users\Administrator\AppData\Local\Programs\Fiddler;.]
2019-04-16 21:02:19.642 INFO  org.apache.catalina.core.ContainerBase.[Tomcat].[localhost].[/] - Initializing Spring embedded WebApplicationContext
2019-04-16 21:02:19.643 INFO  org.springframework.web.context.ContextLoader - Root WebApplicationContext: initialization completed in 1515 ms
2019-04-16 21:02:19.786 INFO  com.netflix.config.sources.URLConfigurationSource - To enable URLs as dynamic configuration sources, define System property archaius.configurationSource.additionalUrls or make config.properties available on classpath.
2019-04-16 21:02:19.792 INFO  com.netflix.config.DynamicPropertyFactory - DynamicPropertyFactory is initialized with configuration sources: com.netflix.config.ConcurrentCompositeConfiguration@62f0d600
2019-04-16 21:02:21.150 INFO  org.springframework.boot.web.servlet.FilterRegistrationBean - Mapping filter: 'characterEncodingFilter' to: [/*]
2019-04-16 21:02:21.150 INFO  org.springframework.boot.web.servlet.FilterRegistrationBean - Mapping filter: 'webMvcMetricsFilter' to: [/*]
2019-04-16 21:02:21.150 INFO  org.springframework.boot.web.servlet.FilterRegistrationBean - Mapping filter: 'tracingFilter' to: [/*]
2019-04-16 21:02:21.150 INFO  org.springframework.boot.web.servlet.FilterRegistrationBean - Mapping filter: 'exceptionLoggingFilter' to: [/*]
2019-04-16 21:02:21.150 INFO  org.springframework.boot.web.servlet.FilterRegistrationBean - Mapping filter: 'hiddenHttpMethodFilter' to: [/*]
2019-04-16 21:02:21.150 INFO  org.springframework.boot.web.servlet.FilterRegistrationBean - Mapping filter: 'httpPutFormContentFilter' to: [/*]
2019-04-16 21:02:21.150 INFO  org.springframework.boot.web.servlet.FilterRegistrationBean - Mapping filter: 'requestContextFilter' to: [/*]
2019-04-16 21:02:21.150 INFO  org.springframework.boot.web.servlet.FilterRegistrationBean - Mapping filter: 'httpTraceFilter' to: [/*]
2019-04-16 21:02:21.150 INFO  org.springframework.boot.web.servlet.ServletRegistrationBean - Servlet dispatcherServlet mapped to [/]
2019-04-16 21:02:21.151 INFO  org.springframework.boot.web.servlet.ServletRegistrationBean - Servlet zuulServlet mapped to [/zuul/*]
2019-04-16 21:02:21.152 INFO  org.springframework.boot.actuate.endpoint.web.ServletEndpointRegistrar - Registered '/actuator/jolokia' to jolokia-actuator-endpoint
2019-04-16 21:02:21.152 INFO  org.springframework.boot.actuate.endpoint.web.ServletEndpointRegistrar - Registered '/actuator/hystrix.stream' to hystrix.stream-actuator-endpoint
2019-04-16 21:02:21.209 INFO  com.netflix.config.sources.URLConfigurationSource - To enable URLs as dynamic configuration sources, define System property archaius.configurationSource.additionalUrls or make config.properties available on classpath.
2019-04-16 21:02:21.277 INFO  org.springframework.web.servlet.handler.SimpleUrlHandlerMapping - Mapped URL path [/**/favicon.ico] onto handler of type [class org.springframework.web.servlet.resource.ResourceHttpRequestHandler]
2019-04-16 21:02:21.493 INFO  org.springframework.web.servlet.mvc.method.annotation.RequestMappingHandlerAdapter - Looking for @ControllerAdvice: org.springframework.boot.web.servlet.context.AnnotationConfigServletWebServerApplicationContext@432038ec: startup date [Tue Apr 16 21:02:18 CST 2019]; parent: org.springframework.context.annotation.AnnotationConfigApplicationContext@6aaceffd
2019-04-16 21:02:21.575 INFO  org.springframework.web.servlet.mvc.method.annotation.RequestMappingHandlerMapping - Mapped "{[/error]}" onto public org.springframework.http.ResponseEntity<java.util.Map<java.lang.String, java.lang.Object>> org.springframework.boot.autoconfigure.web.servlet.error.BasicErrorController.error(javax.servlet.http.HttpServletRequest)
2019-04-16 21:02:21.576 INFO  org.springframework.web.servlet.mvc.method.annotation.RequestMappingHandlerMapping - Mapped "{[/error],produces=[text/html]}" onto public org.springframework.web.servlet.ModelAndView org.springframework.boot.autoconfigure.web.servlet.error.BasicErrorController.errorHtml(javax.servlet.http.HttpServletRequest,javax.servlet.http.HttpServletResponse)
2019-04-16 21:02:21.656 INFO  org.springframework.web.servlet.handler.SimpleUrlHandlerMapping - Mapped URL path [/webjars/**] onto handler of type [class org.springframework.web.servlet.resource.ResourceHttpRequestHandler]
2019-04-16 21:02:21.656 INFO  org.springframework.web.servlet.handler.SimpleUrlHandlerMapping - Mapped URL path [/**] onto handler of type [class org.springframework.web.servlet.resource.ResourceHttpRequestHandler]
2019-04-16 21:02:21.888 INFO  org.springframework.scheduling.concurrent.ThreadPoolTaskScheduler - Initializing ExecutorService 
2019-04-16 21:02:22.518 INFO  org.springframework.cloud.netflix.zuul.ZuulFilterInitializer - Starting filter initializer
2019-04-16 21:02:22.587 INFO  org.springframework.boot.actuate.endpoint.web.EndpointLinksResolver - Exposing 22 endpoint(s) beneath base path '/actuator'
2019-04-16 21:02:22.595 INFO  org.springframework.boot.actuate.endpoint.web.servlet.WebMvcEndpointHandlerMapping - Mapped "{[/actuator/archaius],methods=[GET],produces=[application/vnd.spring-boot.actuator.v2+json || application/json]}" onto public java.lang.Object org.springframework.boot.actuate.endpoint.web.servlet.AbstractWebMvcEndpointHandlerMapping$OperationHandler.handle(javax.servlet.http.HttpServletRequest,java.util.Map<java.lang.String, java.lang.String>)
2019-04-16 21:02:22.595 INFO  org.springframework.boot.actuate.endpoint.web.servlet.WebMvcEndpointHandlerMapping - Mapped "{[/actuator/auditevents],methods=[GET],produces=[application/vnd.spring-boot.actuator.v2+json || application/json]}" onto public java.lang.Object org.springframework.boot.actuate.endpoint.web.servlet.AbstractWebMvcEndpointHandlerMapping$OperationHandler.handle(javax.servlet.http.HttpServletRequest,java.util.Map<java.lang.String, java.lang.String>)
2019-04-16 21:02:22.596 INFO  org.springframework.boot.actuate.endpoint.web.servlet.WebMvcEndpointHandlerMapping - Mapped "{[/actuator/beans],methods=[GET],produces=[application/vnd.spring-boot.actuator.v2+json || application/json]}" onto public java.lang.Object org.springframework.boot.actuate.endpoint.web.servlet.AbstractWebMvcEndpointHandlerMapping$OperationHandler.handle(javax.servlet.http.HttpServletRequest,java.util.Map<java.lang.String, java.lang.String>)
2019-04-16 21:02:22.596 INFO  org.springframework.boot.actuate.endpoint.web.servlet.WebMvcEndpointHandlerMapping - Mapped "{[/actuator/health],methods=[GET],produces=[application/vnd.spring-boot.actuator.v2+json || application/json]}" onto public java.lang.Object org.springframework.boot.actuate.endpoint.web.servlet.AbstractWebMvcEndpointHandlerMapping$OperationHandler.handle(javax.servlet.http.HttpServletRequest,java.util.Map<java.lang.String, java.lang.String>)
2019-04-16 21:02:22.596 INFO  org.springframework.boot.actuate.endpoint.web.servlet.WebMvcEndpointHandlerMapping - Mapped "{[/actuator/conditions],methods=[GET],produces=[application/vnd.spring-boot.actuator.v2+json || application/json]}" onto public java.lang.Object org.springframework.boot.actuate.endpoint.web.servlet.AbstractWebMvcEndpointHandlerMapping$OperationHandler.handle(javax.servlet.http.HttpServletRequest,java.util.Map<java.lang.String, java.lang.String>)
2019-04-16 21:02:22.596 INFO  org.springframework.boot.actuate.endpoint.web.servlet.WebMvcEndpointHandlerMapping - Mapped "{[/actuator/configprops],methods=[GET],produces=[application/vnd.spring-boot.actuator.v2+json || application/json]}" onto public java.lang.Object org.springframework.boot.actuate.endpoint.web.servlet.AbstractWebMvcEndpointHandlerMapping$OperationHandler.handle(javax.servlet.http.HttpServletRequest,java.util.Map<java.lang.String, java.lang.String>)
2019-04-16 21:02:22.596 INFO  org.springframework.boot.actuate.endpoint.web.servlet.WebMvcEndpointHandlerMapping - Mapped "{[/actuator/env],methods=[GET],produces=[application/vnd.spring-boot.actuator.v2+json || application/json]}" onto public java.lang.Object org.springframework.boot.actuate.endpoint.web.servlet.AbstractWebMvcEndpointHandlerMapping$OperationHandler.handle(javax.servlet.http.HttpServletRequest,java.util.Map<java.lang.String, java.lang.String>)
2019-04-16 21:02:22.596 INFO  org.springframework.boot.actuate.endpoint.web.servlet.WebMvcEndpointHandlerMapping - Mapped "{[/actuator/env/{toMatch}],methods=[GET],produces=[application/vnd.spring-boot.actuator.v2+json || application/json]}" onto public java.lang.Object org.springframework.boot.actuate.endpoint.web.servlet.AbstractWebMvcEndpointHandlerMapping$OperationHandler.handle(javax.servlet.http.HttpServletRequest,java.util.Map<java.lang.String, java.lang.String>)
2019-04-16 21:02:22.597 INFO  org.springframework.boot.actuate.endpoint.web.servlet.WebMvcEndpointHandlerMapping - Mapped "{[/actuator/env],methods=[POST],consumes=[application/vnd.spring-boot.actuator.v2+json || application/json],produces=[application/vnd.spring-boot.actuator.v2+json || application/json]}" onto public java.lang.Object org.springframework.boot.actuate.endpoint.web.servlet.AbstractWebMvcEndpointHandlerMapping$OperationHandler.handle(javax.servlet.http.HttpServletRequest,java.util.Map<java.lang.String, java.lang.String>)
2019-04-16 21:02:22.597 INFO  org.springframework.boot.actuate.endpoint.web.servlet.WebMvcEndpointHandlerMapping - Mapped "{[/actuator/env],methods=[DELETE],produces=[application/vnd.spring-boot.actuator.v2+json || application/json]}" onto public java.lang.Object org.springframework.boot.actuate.endpoint.web.servlet.AbstractWebMvcEndpointHandlerMapping$OperationHandler.handle(javax.servlet.http.HttpServletRequest,java.util.Map<java.lang.String, java.lang.String>)
2019-04-16 21:02:22.597 INFO  org.springframework.boot.actuate.endpoint.web.servlet.WebMvcEndpointHandlerMapping - Mapped "{[/actuator/info],methods=[GET],produces=[application/vnd.spring-boot.actuator.v2+json || application/json]}" onto public java.lang.Object org.springframework.boot.actuate.endpoint.web.servlet.AbstractWebMvcEndpointHandlerMapping$OperationHandler.handle(javax.servlet.http.HttpServletRequest,java.util.Map<java.lang.String, java.lang.String>)
2019-04-16 21:02:22.597 INFO  org.springframework.boot.actuate.endpoint.web.servlet.WebMvcEndpointHandlerMapping - Mapped "{[/actuator/loggers],methods=[GET],produces=[application/vnd.spring-boot.actuator.v2+json || application/json]}" onto public java.lang.Object org.springframework.boot.actuate.endpoint.web.servlet.AbstractWebMvcEndpointHandlerMapping$OperationHandler.handle(javax.servlet.http.HttpServletRequest,java.util.Map<java.lang.String, java.lang.String>)
2019-04-16 21:02:22.598 INFO  org.springframework.boot.actuate.endpoint.web.servlet.WebMvcEndpointHandlerMapping - Mapped "{[/actuator/loggers/{name}],methods=[GET],produces=[application/vnd.spring-boot.actuator.v2+json || application/json]}" onto public java.lang.Object org.springframework.boot.actuate.endpoint.web.servlet.AbstractWebMvcEndpointHandlerMapping$OperationHandler.handle(javax.servlet.http.HttpServletRequest,java.util.Map<java.lang.String, java.lang.String>)
2019-04-16 21:02:22.598 INFO  org.springframework.boot.actuate.endpoint.web.servlet.WebMvcEndpointHandlerMapping - Mapped "{[/actuator/loggers/{name}],methods=[POST],consumes=[application/vnd.spring-boot.actuator.v2+json || application/json]}" onto public java.lang.Object org.springframework.boot.actuate.endpoint.web.servlet.AbstractWebMvcEndpointHandlerMapping$OperationHandler.handle(javax.servlet.http.HttpServletRequest,java.util.Map<java.lang.String, java.lang.String>)
2019-04-16 21:02:22.598 INFO  org.springframework.boot.actuate.endpoint.web.servlet.WebMvcEndpointHandlerMapping - Mapped "{[/actuator/heapdump],methods=[GET],produces=[application/octet-stream]}" onto public java.lang.Object org.springframework.boot.actuate.endpoint.web.servlet.AbstractWebMvcEndpointHandlerMapping$OperationHandler.handle(javax.servlet.http.HttpServletRequest,java.util.Map<java.lang.String, java.lang.String>)
2019-04-16 21:02:22.598 INFO  org.springframework.boot.actuate.endpoint.web.servlet.WebMvcEndpointHandlerMapping - Mapped "{[/actuator/threaddump],methods=[GET],produces=[application/vnd.spring-boot.actuator.v2+json || application/json]}" onto public java.lang.Object org.springframework.boot.actuate.endpoint.web.servlet.AbstractWebMvcEndpointHandlerMapping$OperationHandler.handle(javax.servlet.http.HttpServletRequest,java.util.Map<java.lang.String, java.lang.String>)
2019-04-16 21:02:22.598 INFO  org.springframework.boot.actuate.endpoint.web.servlet.WebMvcEndpointHandlerMapping - Mapped "{[/actuator/metrics],methods=[GET],produces=[application/vnd.spring-boot.actuator.v2+json || application/json]}" onto public java.lang.Object org.springframework.boot.actuate.endpoint.web.servlet.AbstractWebMvcEndpointHandlerMapping$OperationHandler.handle(javax.servlet.http.HttpServletRequest,java.util.Map<java.lang.String, java.lang.String>)
2019-04-16 21:02:22.599 INFO  org.springframework.boot.actuate.endpoint.web.servlet.WebMvcEndpointHandlerMapping - Mapped "{[/actuator/metrics/{requiredMetricName}],methods=[GET],produces=[application/vnd.spring-boot.actuator.v2+json || application/json]}" onto public java.lang.Object org.springframework.boot.actuate.endpoint.web.servlet.AbstractWebMvcEndpointHandlerMapping$OperationHandler.handle(javax.servlet.http.HttpServletRequest,java.util.Map<java.lang.String, java.lang.String>)
2019-04-16 21:02:22.599 INFO  org.springframework.boot.actuate.endpoint.web.servlet.WebMvcEndpointHandlerMapping - Mapped "{[/actuator/scheduledtasks],methods=[GET],produces=[application/vnd.spring-boot.actuator.v2+json || application/json]}" onto public java.lang.Object org.springframework.boot.actuate.endpoint.web.servlet.AbstractWebMvcEndpointHandlerMapping$OperationHandler.handle(javax.servlet.http.HttpServletRequest,java.util.Map<java.lang.String, java.lang.String>)
2019-04-16 21:02:22.599 INFO  org.springframework.boot.actuate.endpoint.web.servlet.WebMvcEndpointHandlerMapping - Mapped "{[/actuator/httptrace],methods=[GET],produces=[application/vnd.spring-boot.actuator.v2+json || application/json]}" onto public java.lang.Object org.springframework.boot.actuate.endpoint.web.servlet.AbstractWebMvcEndpointHandlerMapping$OperationHandler.handle(javax.servlet.http.HttpServletRequest,java.util.Map<java.lang.String, java.lang.String>)
2019-04-16 21:02:22.599 INFO  org.springframework.boot.actuate.endpoint.web.servlet.WebMvcEndpointHandlerMapping - Mapped "{[/actuator/mappings],methods=[GET],produces=[application/vnd.spring-boot.actuator.v2+json || application/json]}" onto public java.lang.Object org.springframework.boot.actuate.endpoint.web.servlet.AbstractWebMvcEndpointHandlerMapping$OperationHandler.handle(javax.servlet.http.HttpServletRequest,java.util.Map<java.lang.String, java.lang.String>)
2019-04-16 21:02:22.599 INFO  org.springframework.boot.actuate.endpoint.web.servlet.WebMvcEndpointHandlerMapping - Mapped "{[/actuator/refresh],methods=[POST],produces=[application/vnd.spring-boot.actuator.v2+json || application/json]}" onto public java.lang.Object org.springframework.boot.actuate.endpoint.web.servlet.AbstractWebMvcEndpointHandlerMapping$OperationHandler.handle(javax.servlet.http.HttpServletRequest,java.util.Map<java.lang.String, java.lang.String>)
2019-04-16 21:02:22.599 INFO  org.springframework.boot.actuate.endpoint.web.servlet.WebMvcEndpointHandlerMapping - Mapped "{[/actuator/features],methods=[GET],produces=[application/vnd.spring-boot.actuator.v2+json || application/json]}" onto public java.lang.Object org.springframework.boot.actuate.endpoint.web.servlet.AbstractWebMvcEndpointHandlerMapping$OperationHandler.handle(javax.servlet.http.HttpServletRequest,java.util.Map<java.lang.String, java.lang.String>)
2019-04-16 21:02:22.600 INFO  org.springframework.boot.actuate.endpoint.web.servlet.WebMvcEndpointHandlerMapping - Mapped "{[/actuator/service-registry],methods=[GET],produces=[application/vnd.spring-boot.actuator.v2+json || application/json]}" onto public java.lang.Object org.springframework.boot.actuate.endpoint.web.servlet.AbstractWebMvcEndpointHandlerMapping$OperationHandler.handle(javax.servlet.http.HttpServletRequest,java.util.Map<java.lang.String, java.lang.String>)
2019-04-16 21:02:22.600 INFO  org.springframework.boot.actuate.endpoint.web.servlet.WebMvcEndpointHandlerMapping - Mapped "{[/actuator/service-registry],methods=[POST],consumes=[application/vnd.spring-boot.actuator.v2+json || application/json],produces=[application/vnd.spring-boot.actuator.v2+json || application/json]}" onto public java.lang.Object org.springframework.boot.actuate.endpoint.web.servlet.AbstractWebMvcEndpointHandlerMapping$OperationHandler.handle(javax.servlet.http.HttpServletRequest,java.util.Map<java.lang.String, java.lang.String>)
2019-04-16 21:02:22.600 INFO  org.springframework.boot.actuate.endpoint.web.servlet.WebMvcEndpointHandlerMapping - Mapped "{[/actuator/routes],methods=[GET],produces=[application/vnd.spring-boot.actuator.v2+json || application/json]}" onto public java.lang.Object org.springframework.boot.actuate.endpoint.web.servlet.AbstractWebMvcEndpointHandlerMapping$OperationHandler.handle(javax.servlet.http.HttpServletRequest,java.util.Map<java.lang.String, java.lang.String>)
2019-04-16 21:02:22.600 INFO  org.springframework.boot.actuate.endpoint.web.servlet.WebMvcEndpointHandlerMapping - Mapped "{[/actuator/routes],methods=[POST],produces=[application/vnd.spring-boot.actuator.v2+json || application/json]}" onto public java.lang.Object org.springframework.boot.actuate.endpoint.web.servlet.AbstractWebMvcEndpointHandlerMapping$OperationHandler.handle(javax.servlet.http.HttpServletRequest,java.util.Map<java.lang.String, java.lang.String>)
2019-04-16 21:02:22.600 INFO  org.springframework.boot.actuate.endpoint.web.servlet.WebMvcEndpointHandlerMapping - Mapped "{[/actuator/routes/{format}],methods=[GET],produces=[application/vnd.spring-boot.actuator.v2+json || application/json]}" onto public java.lang.Object org.springframework.boot.actuate.endpoint.web.servlet.AbstractWebMvcEndpointHandlerMapping$OperationHandler.handle(javax.servlet.http.HttpServletRequest,java.util.Map<java.lang.String, java.lang.String>)
2019-04-16 21:02:22.600 INFO  org.springframework.boot.actuate.endpoint.web.servlet.WebMvcEndpointHandlerMapping - Mapped "{[/actuator/filters],methods=[GET],produces=[application/vnd.spring-boot.actuator.v2+json || application/json]}" onto public java.lang.Object org.springframework.boot.actuate.endpoint.web.servlet.AbstractWebMvcEndpointHandlerMapping$OperationHandler.handle(javax.servlet.http.HttpServletRequest,java.util.Map<java.lang.String, java.lang.String>)
2019-04-16 21:02:22.601 INFO  org.springframework.boot.actuate.endpoint.web.servlet.WebMvcEndpointHandlerMapping - Mapped "{[/actuator],methods=[GET],produces=[application/vnd.spring-boot.actuator.v2+json || application/json]}" onto protected java.util.Map<java.lang.String, java.util.Map<java.lang.String, org.springframework.boot.actuate.endpoint.web.Link>> org.springframework.boot.actuate.endpoint.web.servlet.WebMvcEndpointHandlerMapping.links(javax.servlet.http.HttpServletRequest,javax.servlet.http.HttpServletResponse)
2019-04-16 21:02:22.646 INFO  org.springframework.jmx.export.annotation.AnnotationMBeanExporter - Registering beans for JMX exposure on startup
2019-04-16 21:02:22.653 INFO  org.springframework.jmx.export.annotation.AnnotationMBeanExporter - Bean with name 'environmentManager' has been autodetected for JMX exposure
2019-04-16 21:02:22.654 INFO  org.springframework.jmx.export.annotation.AnnotationMBeanExporter - Bean with name 'configurationPropertiesRebinder' has been autodetected for JMX exposure
2019-04-16 21:02:22.655 INFO  org.springframework.jmx.export.annotation.AnnotationMBeanExporter - Bean with name 'refreshScope' has been autodetected for JMX exposure
2019-04-16 21:02:22.658 INFO  org.springframework.jmx.export.annotation.AnnotationMBeanExporter - Located managed bean 'environmentManager': registering with JMX server as MBean [org.springframework.cloud.context.environment:name=environmentManager,type=EnvironmentManager]
2019-04-16 21:02:22.664 INFO  org.springframework.jmx.export.annotation.AnnotationMBeanExporter - Located managed bean 'refreshScope': registering with JMX server as MBean [org.springframework.cloud.context.scope.refresh:name=refreshScope,type=RefreshScope]
2019-04-16 21:02:22.671 INFO  org.springframework.jmx.export.annotation.AnnotationMBeanExporter - Located managed bean 'configurationPropertiesRebinder': registering with JMX server as MBean [org.springframework.cloud.context.properties:name=configurationPropertiesRebinder,context=432038ec,type=ConfigurationPropertiesRebinder]
2019-04-16 21:02:22.681 INFO  org.springframework.context.support.DefaultLifecycleProcessor - Starting beans in phase 0
2019-04-16 21:02:22.684 INFO  org.springframework.cloud.netflix.eureka.InstanceInfoFactory - Setting initial instance status as: STARTING
2019-04-16 21:02:22.711 INFO  com.netflix.discovery.DiscoveryClient - Initializing Eureka in region us-east-1
2019-04-16 21:02:22.749 INFO  com.netflix.discovery.provider.DiscoveryJerseyProvider - Using JSON encoding codec LegacyJacksonJson
2019-04-16 21:02:22.749 INFO  com.netflix.discovery.provider.DiscoveryJerseyProvider - Using JSON decoding codec LegacyJacksonJson
2019-04-16 21:02:22.856 INFO  com.netflix.discovery.provider.DiscoveryJerseyProvider - Using XML encoding codec XStreamXml
2019-04-16 21:02:22.856 INFO  com.netflix.discovery.provider.DiscoveryJerseyProvider - Using XML decoding codec XStreamXml
2019-04-16 21:02:22.966 INFO  com.netflix.discovery.shared.resolver.aws.ConfigClusterResolver - Resolving eureka endpoints via configuration
2019-04-16 21:02:23.063 INFO  com.netflix.discovery.DiscoveryClient - Disable delta property : false
2019-04-16 21:02:23.063 INFO  com.netflix.discovery.DiscoveryClient - Single vip registry refresh property : null
2019-04-16 21:02:23.063 INFO  com.netflix.discovery.DiscoveryClient - Force full registry fetch : false
2019-04-16 21:02:23.063 INFO  com.netflix.discovery.DiscoveryClient - Application is null : false
2019-04-16 21:02:23.063 INFO  com.netflix.discovery.DiscoveryClient - Registered Applications size is zero : true
2019-04-16 21:02:23.063 INFO  com.netflix.discovery.DiscoveryClient - Application version is -1: true
2019-04-16 21:02:23.063 INFO  com.netflix.discovery.DiscoveryClient - Getting all instance registry info from the eureka server
2019-04-16 21:02:23.115 INFO  com.netflix.discovery.DiscoveryClient - The response status is 200
2019-04-16 21:02:23.117 INFO  com.netflix.discovery.DiscoveryClient - Starting heartbeat executor: renew interval is: 30
2019-04-16 21:02:23.118 INFO  com.netflix.discovery.InstanceInfoReplicator - InstanceInfoReplicator onDemand update allowed rate per min is 4
2019-04-16 21:02:23.121 INFO  com.netflix.discovery.DiscoveryClient - Discovery Client initialized at timestamp 1555419743120 with initial instances count: 0
2019-04-16 21:02:23.127 INFO  org.springframework.cloud.netflix.eureka.serviceregistry.EurekaServiceRegistry - Registering application server-zuul with eureka with status UP
2019-04-16 21:02:23.127 INFO  com.netflix.discovery.DiscoveryClient - Saw local status change event StatusChangeEvent [timestamp=1555419743127, current=UP, previous=STARTING]
2019-04-16 21:02:23.129 INFO  com.netflix.discovery.DiscoveryClient - DiscoveryClient_SERVER-ZUUL/WIN-21HHNRDBUAV:server-zuul:7070: registering service...
2019-04-16 21:02:23.152 INFO  org.apache.coyote.http11.Http11NioProtocol - Starting ProtocolHandler ["http-nio-7070"]
2019-04-16 21:02:23.161 INFO  org.apache.tomcat.util.net.NioSelectorPool - Using a shared selector for servlet write/read
2019-04-16 21:02:23.173 INFO  org.springframework.boot.web.embedded.tomcat.TomcatWebServer - Tomcat started on port(s): 7070 (http) with context path ''
2019-04-16 21:02:23.173 INFO  org.springframework.cloud.netflix.eureka.serviceregistry.EurekaAutoServiceRegistration - Updating port to 7070
2019-04-16 21:02:23.175 INFO  cn.intellif.server.zuul.ServerZuulApplication - Started ServerZuulApplication in 5.851 seconds (JVM running for 7.109)
2019-04-16 21:02:23.180 INFO  com.netflix.discovery.DiscoveryClient - DiscoveryClient_SERVER-ZUUL/WIN-21HHNRDBUAV:server-zuul:7070 - registration status: 204
2019-04-16 21:02:23.239 INFO  de.codecentric.boot.admin.client.registration.ApplicationRegistrator - Application registered itself as 78fcb720e65b
2019-04-16 21:02:23.260 INFO  org.apache.catalina.core.ContainerBase.[Tomcat].[localhost].[/] - Initializing Spring FrameworkServlet 'dispatcherServlet'
2019-04-16 21:02:23.260 INFO  org.springframework.web.servlet.DispatcherServlet - FrameworkServlet 'dispatcherServlet': initialization started
2019-04-16 21:02:23.278 INFO  org.springframework.web.servlet.DispatcherServlet - FrameworkServlet 'dispatcherServlet': initialization completed in 17 ms
2019-04-16 21:02:23.289 INFO  org.springframework.cloud.netflix.zuul.web.ZuulHandlerMapping - Mapped URL path [/consumer/**] onto handler of type [class org.springframework.cloud.netflix.zuul.web.ZuulController]
2019-04-16 21:02:23.289 INFO  org.springframework.cloud.netflix.zuul.web.ZuulHandlerMapping - Mapped URL path [/provider/**] onto handler of type [class org.springframework.cloud.netflix.zuul.web.ZuulController]
2019-04-16 21:02:23.996 INFO  org.springframework.context.annotation.AnnotationConfigApplicationContext - Refreshing SpringClientFactory-127.0.0.1: startup date [Tue Apr 16 21:02:23 CST 2019]; parent: org.springframework.boot.web.servlet.context.AnnotationConfigServletWebServerApplicationContext@432038ec
2019-04-16 21:02:24.036 INFO  org.springframework.beans.factory.annotation.AutowiredAnnotationBeanPostProcessor - JSR-330 'javax.inject.Inject' annotation found and supported for autowiring
2019-04-16 21:02:24.275 INFO  com.netflix.config.ChainedDynamicProperty - Flipping property: 127.0.0.1.ribbon.ActiveConnectionsLimit to use NEXT property: niws.loadbalancer.availabilityFilteringRule.activeConnectionsLimit = 2147483647
2019-04-16 21:02:24.289 INFO  com.netflix.util.concurrent.ShutdownEnabledTimer - Shutdown hook installed for: NFLoadBalancer-PingTimer-127.0.0.1
2019-04-16 21:02:24.311 INFO  com.netflix.loadbalancer.BaseLoadBalancer - Client: 127.0.0.1 instantiated a LoadBalancer: DynamicServerListLoadBalancer:{NFLoadBalancer:name=127.0.0.1,current list of Servers=[],Load balancer stats=Zone stats: {},Server stats: []}ServerList:null
2019-04-16 21:02:24.318 INFO  com.netflix.loadbalancer.DynamicServerListLoadBalancer - Using serverListUpdater PollingServerListUpdater
2019-04-16 21:02:24.323 INFO  com.netflix.loadbalancer.DynamicServerListLoadBalancer - DynamicServerListLoadBalancer for client 127.0.0.1 initialized: DynamicServerListLoadBalancer:{NFLoadBalancer:name=127.0.0.1,current list of Servers=[],Load balancer stats=Zone stats: {},Server stats: []}ServerList:org.springframework.cloud.netflix.ribbon.eureka.DomainExtractingServerList@6ecb9e01
2019-04-16 21:02:28.126 INFO  com.netflix.discovery.DiscoveryClient - Disable delta property : false
2019-04-16 21:02:28.126 INFO  com.netflix.discovery.DiscoveryClient - Single vip registry refresh property : null
2019-04-16 21:02:28.126 INFO  com.netflix.discovery.DiscoveryClient - Force full registry fetch : false
2019-04-16 21:02:28.126 INFO  com.netflix.discovery.DiscoveryClient - Application is null : false
2019-04-16 21:02:28.126 INFO  com.netflix.discovery.DiscoveryClient - Registered Applications size is zero : true
2019-04-16 21:02:28.126 INFO  com.netflix.discovery.DiscoveryClient - Application version is -1: false
2019-04-16 21:02:28.126 INFO  com.netflix.discovery.DiscoveryClient - Getting all instance registry info from the eureka server
2019-04-16 21:02:28.150 INFO  com.netflix.discovery.DiscoveryClient - The response status is 200
2019-04-16 21:02:33.153 INFO  com.netflix.discovery.DiscoveryClient - Disable delta property : false
2019-04-16 21:02:33.153 INFO  com.netflix.discovery.DiscoveryClient - Single vip registry refresh property : null
2019-04-16 21:02:33.153 INFO  com.netflix.discovery.DiscoveryClient - Force full registry fetch : false
2019-04-16 21:02:33.153 INFO  com.netflix.discovery.DiscoveryClient - Application is null : false
2019-04-16 21:02:33.153 INFO  com.netflix.discovery.DiscoveryClient - Registered Applications size is zero : true
2019-04-16 21:02:33.153 INFO  com.netflix.discovery.DiscoveryClient - Application version is -1: false
2019-04-16 21:02:33.153 INFO  com.netflix.discovery.DiscoveryClient - Getting all instance registry info from the eureka server
2019-04-16 21:02:33.187 INFO  com.netflix.discovery.DiscoveryClient - The response status is 200
2019-04-16 21:02:33.824 INFO  org.springframework.cloud.netflix.zuul.web.ZuulHandlerMapping - Mapped URL path [/server-zipkin/**] onto handler of type [class org.springframework.cloud.netflix.zuul.web.ZuulController]
2019-04-16 21:02:53.800 INFO  org.springframework.cloud.netflix.zuul.web.ZuulHandlerMapping - Mapped URL path [/server-provider/**] onto handler of type [class org.springframework.cloud.netflix.zuul.web.ZuulController]
