2019-04-01 23:09:35.917 ERROR io.undertow.request - UT005023: Exception handling request to /zipkin/index.html
java.lang.IllegalArgumentException: Prometheus requires that all meters with the same name have the same set of tag keys. There is already an existing meter containing tag keys [method, status, uri]. The meter you are attempting to register has keys [exception, method, status, uri].
	at io.micrometer.prometheus.PrometheusMeterRegistry.lambda$collectorByName$9(PrometheusMeterRegistry.java:361) ~[micrometer-registry-prometheus-1.0.6.jar:1.0.6]
	at java.util.concurrent.ConcurrentHashMap.compute(ConcurrentHashMap.java:1877) ~[na:1.8.0_151]
	at io.micrometer.prometheus.PrometheusMeterRegistry.collectorByName(PrometheusMeterRegistry.java:348) ~[micrometer-registry-prometheus-1.0.6.jar:1.0.6]
	at io.micrometer.prometheus.PrometheusMeterRegistry.newTimer(PrometheusMeterRegistry.java:160) ~[micrometer-registry-prometheus-1.0.6.jar:1.0.6]
	at io.micrometer.core.instrument.MeterRegistry.lambda$timer$2(MeterRegistry.java:257) ~[micrometer-core-1.0.6.jar:1.0.6]
	at io.micrometer.core.instrument.MeterRegistry.getOrCreateMeter(MeterRegistry.java:566) ~[micrometer-core-1.0.6.jar:1.0.6]
	at io.micrometer.core.instrument.MeterRegistry.registerMeterIfNecessary(MeterRegistry.java:528) ~[micrometer-core-1.0.6.jar:1.0.6]
	at io.micrometer.core.instrument.MeterRegistry.timer(MeterRegistry.java:255) ~[micrometer-core-1.0.6.jar:1.0.6]
	at io.micrometer.core.instrument.Timer$Builder.register(Timer.java:447) ~[micrometer-core-1.0.6.jar:1.0.6]
	at org.springframework.boot.actuate.metrics.web.servlet.WebMvcMetricsFilter.stop(WebMvcMetricsFilter.java:234) ~[spring-boot-actuator-2.0.4.RELEASE.jar:2.0.4.RELEASE]
	at org.springframework.boot.actuate.metrics.web.servlet.WebMvcMetricsFilter.record(WebMvcMetricsFilter.java:225) ~[spring-boot-actuator-2.0.4.RELEASE.jar:2.0.4.RELEASE]
	at org.springframework.boot.actuate.metrics.web.servlet.WebMvcMetricsFilter.filterAndRecordMetrics(WebMvcMetricsFilter.java:163) ~[spring-boot-actuator-2.0.4.RELEASE.jar:2.0.4.RELEASE]
	at org.springframework.boot.actuate.metrics.web.servlet.WebMvcMetricsFilter.filterAndRecordMetrics(WebMvcMetricsFilter.java:123) ~[spring-boot-actuator-2.0.4.RELEASE.jar:2.0.4.RELEASE]
	at org.springframework.boot.actuate.metrics.web.servlet.WebMvcMetricsFilter.doFilterInternal(WebMvcMetricsFilter.java:108) ~[spring-boot-actuator-2.0.4.RELEASE.jar:2.0.4.RELEASE]
	at org.springframework.web.filter.OncePerRequestFilter.doFilter(OncePerRequestFilter.java:107) ~[spring-web-5.0.8.RELEASE.jar:5.0.8.RELEASE]
	at io.undertow.servlet.core.ManagedFilter.doFilter(ManagedFilter.java:61) ~[undertow-servlet-1.4.25.Final.jar:1.4.25.Final]
	at io.undertow.servlet.handlers.FilterHandler$FilterChainImpl.doFilter(FilterHandler.java:131) ~[undertow-servlet-1.4.25.Final.jar:1.4.25.Final]
	at io.undertow.servlet.handlers.FilterHandler.handleRequest(FilterHandler.java:84) ~[undertow-servlet-1.4.25.Final.jar:1.4.25.Final]
	at io.undertow.servlet.handlers.security.ServletSecurityRoleHandler.handleRequest(ServletSecurityRoleHandler.java:62) ~[undertow-servlet-1.4.25.Final.jar:1.4.25.Final]
	at io.undertow.servlet.handlers.ServletChain$1.handleRequest(ServletChain.java:64) ~[undertow-servlet-1.4.25.Final.jar:1.4.25.Final]
	at io.undertow.servlet.handlers.ServletDispatchingHandler.handleRequest(ServletDispatchingHandler.java:36) ~[undertow-servlet-1.4.25.Final.jar:1.4.25.Final]
	at io.undertow.servlet.handlers.security.SSLInformationAssociationHandler.handleRequest(SSLInformationAssociationHandler.java:132) ~[undertow-servlet-1.4.25.Final.jar:1.4.25.Final]
	at io.undertow.servlet.handlers.security.ServletAuthenticationCallHandler.handleRequest(ServletAuthenticationCallHandler.java:57) ~[undertow-servlet-1.4.25.Final.jar:1.4.25.Final]
	at io.undertow.server.handlers.PredicateHandler.handleRequest(PredicateHandler.java:43) ~[undertow-core-1.4.25.Final.jar:1.4.25.Final]
	at io.undertow.security.handlers.AbstractConfidentialityHandler.handleRequest(AbstractConfidentialityHandler.java:46) ~[undertow-core-1.4.25.Final.jar:1.4.25.Final]
	at io.undertow.servlet.handlers.security.ServletConfidentialityConstraintHandler.handleRequest(ServletConfidentialityConstraintHandler.java:64) ~[undertow-servlet-1.4.25.Final.jar:1.4.25.Final]
	at io.undertow.security.handlers.AuthenticationMechanismsHandler.handleRequest(AuthenticationMechanismsHandler.java:60) ~[undertow-core-1.4.25.Final.jar:1.4.25.Final]
	at io.undertow.servlet.handlers.security.CachedAuthenticatedSessionHandler.handleRequest(CachedAuthenticatedSessionHandler.java:77) ~[undertow-servlet-1.4.25.Final.jar:1.4.25.Final]
	at io.undertow.security.handlers.AbstractSecurityContextAssociationHandler.handleRequest(AbstractSecurityContextAssociationHandler.java:43) ~[undertow-core-1.4.25.Final.jar:1.4.25.Final]
	at io.undertow.server.handlers.PredicateHandler.handleRequest(PredicateHandler.java:43) ~[undertow-core-1.4.25.Final.jar:1.4.25.Final]
	at io.undertow.server.handlers.PredicateHandler.handleRequest(PredicateHandler.java:43) ~[undertow-core-1.4.25.Final.jar:1.4.25.Final]
	at io.undertow.servlet.handlers.ServletInitialHandler.handleFirstRequest(ServletInitialHandler.java:292) [undertow-servlet-1.4.25.Final.jar:1.4.25.Final]
	at io.undertow.servlet.handlers.ServletInitialHandler.access$100(ServletInitialHandler.java:81) [undertow-servlet-1.4.25.Final.jar:1.4.25.Final]
	at io.undertow.servlet.handlers.ServletInitialHandler$2.call(ServletInitialHandler.java:138) [undertow-servlet-1.4.25.Final.jar:1.4.25.Final]
	at io.undertow.servlet.handlers.ServletInitialHandler$2.call(ServletInitialHandler.java:135) [undertow-servlet-1.4.25.Final.jar:1.4.25.Final]
	at io.undertow.servlet.core.ServletRequestContextThreadSetupAction$1.call(ServletRequestContextThreadSetupAction.java:48) [undertow-servlet-1.4.25.Final.jar:1.4.25.Final]
	at io.undertow.servlet.core.ContextClassLoaderSetupAction$1.call(ContextClassLoaderSetupAction.java:43) [undertow-servlet-1.4.25.Final.jar:1.4.25.Final]
	at io.undertow.servlet.handlers.ServletInitialHandler.dispatchRequest(ServletInitialHandler.java:272) [undertow-servlet-1.4.25.Final.jar:1.4.25.Final]
	at io.undertow.servlet.handlers.ServletInitialHandler.access$000(ServletInitialHandler.java:81) [undertow-servlet-1.4.25.Final.jar:1.4.25.Final]
	at io.undertow.servlet.handlers.ServletInitialHandler$1.handleRequest(ServletInitialHandler.java:104) [undertow-servlet-1.4.25.Final.jar:1.4.25.Final]
	at io.undertow.server.Connectors.executeRootHandler(Connectors.java:336) [undertow-core-1.4.25.Final.jar:1.4.25.Final]
	at io.undertow.server.HttpServerExchange$1.run(HttpServerExchange.java:830) [undertow-core-1.4.25.Final.jar:1.4.25.Final]
	at java.util.concurrent.ThreadPoolExecutor.runWorker(ThreadPoolExecutor.java:1149) [na:1.8.0_151]
	at java.util.concurrent.ThreadPoolExecutor$Worker.run(ThreadPoolExecutor.java:624) [na:1.8.0_151]
	at java.lang.Thread.run(Thread.java:748) [na:1.8.0_151]
2019-04-01 23:09:36.075 ERROR io.undertow.request - UT005023: Exception handling request to /zipkin/config.json
java.lang.IllegalArgumentException: Prometheus requires that all meters with the same name have the same set of tag keys. There is already an existing meter containing tag keys [method, status, uri]. The meter you are attempting to register has keys [exception, method, status, uri].
	at io.micrometer.prometheus.PrometheusMeterRegistry.lambda$collectorByName$9(PrometheusMeterRegistry.java:361) ~[micrometer-registry-prometheus-1.0.6.jar:1.0.6]
	at java.util.concurrent.ConcurrentHashMap.compute(ConcurrentHashMap.java:1877) ~[na:1.8.0_151]
	at io.micrometer.prometheus.PrometheusMeterRegistry.collectorByName(PrometheusMeterRegistry.java:348) ~[micrometer-registry-prometheus-1.0.6.jar:1.0.6]
	at io.micrometer.prometheus.PrometheusMeterRegistry.newTimer(PrometheusMeterRegistry.java:160) ~[micrometer-registry-prometheus-1.0.6.jar:1.0.6]
	at io.micrometer.core.instrument.MeterRegistry.lambda$timer$2(MeterRegistry.java:257) ~[micrometer-core-1.0.6.jar:1.0.6]
	at io.micrometer.core.instrument.MeterRegistry.getOrCreateMeter(MeterRegistry.java:566) ~[micrometer-core-1.0.6.jar:1.0.6]
	at io.micrometer.core.instrument.MeterRegistry.registerMeterIfNecessary(MeterRegistry.java:528) ~[micrometer-core-1.0.6.jar:1.0.6]
	at io.micrometer.core.instrument.MeterRegistry.timer(MeterRegistry.java:255) ~[micrometer-core-1.0.6.jar:1.0.6]
	at io.micrometer.core.instrument.Timer$Builder.register(Timer.java:447) ~[micrometer-core-1.0.6.jar:1.0.6]
	at org.springframework.boot.actuate.metrics.web.servlet.WebMvcMetricsFilter.stop(WebMvcMetricsFilter.java:234) ~[spring-boot-actuator-2.0.4.RELEASE.jar:2.0.4.RELEASE]
	at org.springframework.boot.actuate.metrics.web.servlet.WebMvcMetricsFilter.record(WebMvcMetricsFilter.java:225) ~[spring-boot-actuator-2.0.4.RELEASE.jar:2.0.4.RELEASE]
	at org.springframework.boot.actuate.metrics.web.servlet.WebMvcMetricsFilter.filterAndRecordMetrics(WebMvcMetricsFilter.java:163) ~[spring-boot-actuator-2.0.4.RELEASE.jar:2.0.4.RELEASE]
	at org.springframework.boot.actuate.metrics.web.servlet.WebMvcMetricsFilter.filterAndRecordMetrics(WebMvcMetricsFilter.java:123) ~[spring-boot-actuator-2.0.4.RELEASE.jar:2.0.4.RELEASE]
	at org.springframework.boot.actuate.metrics.web.servlet.WebMvcMetricsFilter.doFilterInternal(WebMvcMetricsFilter.java:108) ~[spring-boot-actuator-2.0.4.RELEASE.jar:2.0.4.RELEASE]
	at org.springframework.web.filter.OncePerRequestFilter.doFilter(OncePerRequestFilter.java:107) ~[spring-web-5.0.8.RELEASE.jar:5.0.8.RELEASE]
	at io.undertow.servlet.core.ManagedFilter.doFilter(ManagedFilter.java:61) ~[undertow-servlet-1.4.25.Final.jar:1.4.25.Final]
	at io.undertow.servlet.handlers.FilterHandler$FilterChainImpl.doFilter(FilterHandler.java:131) ~[undertow-servlet-1.4.25.Final.jar:1.4.25.Final]
	at io.undertow.servlet.handlers.FilterHandler.handleRequest(FilterHandler.java:84) ~[undertow-servlet-1.4.25.Final.jar:1.4.25.Final]
	at io.undertow.servlet.handlers.security.ServletSecurityRoleHandler.handleRequest(ServletSecurityRoleHandler.java:62) ~[undertow-servlet-1.4.25.Final.jar:1.4.25.Final]
	at io.undertow.servlet.handlers.ServletChain$1.handleRequest(ServletChain.java:64) ~[undertow-servlet-1.4.25.Final.jar:1.4.25.Final]
	at io.undertow.servlet.handlers.ServletDispatchingHandler.handleRequest(ServletDispatchingHandler.java:36) ~[undertow-servlet-1.4.25.Final.jar:1.4.25.Final]
	at io.undertow.servlet.handlers.security.SSLInformationAssociationHandler.handleRequest(SSLInformationAssociationHandler.java:132) ~[undertow-servlet-1.4.25.Final.jar:1.4.25.Final]
	at io.undertow.servlet.handlers.security.ServletAuthenticationCallHandler.handleRequest(ServletAuthenticationCallHandler.java:57) ~[undertow-servlet-1.4.25.Final.jar:1.4.25.Final]
	at io.undertow.server.handlers.PredicateHandler.handleRequest(PredicateHandler.java:43) ~[undertow-core-1.4.25.Final.jar:1.4.25.Final]
	at io.undertow.security.handlers.AbstractConfidentialityHandler.handleRequest(AbstractConfidentialityHandler.java:46) ~[undertow-core-1.4.25.Final.jar:1.4.25.Final]
	at io.undertow.servlet.handlers.security.ServletConfidentialityConstraintHandler.handleRequest(ServletConfidentialityConstraintHandler.java:64) ~[undertow-servlet-1.4.25.Final.jar:1.4.25.Final]
	at io.undertow.security.handlers.AuthenticationMechanismsHandler.handleRequest(AuthenticationMechanismsHandler.java:60) ~[undertow-core-1.4.25.Final.jar:1.4.25.Final]
	at io.undertow.servlet.handlers.security.CachedAuthenticatedSessionHandler.handleRequest(CachedAuthenticatedSessionHandler.java:77) ~[undertow-servlet-1.4.25.Final.jar:1.4.25.Final]
	at io.undertow.security.handlers.AbstractSecurityContextAssociationHandler.handleRequest(AbstractSecurityContextAssociationHandler.java:43) ~[undertow-core-1.4.25.Final.jar:1.4.25.Final]
	at io.undertow.server.handlers.PredicateHandler.handleRequest(PredicateHandler.java:43) ~[undertow-core-1.4.25.Final.jar:1.4.25.Final]
	at io.undertow.server.handlers.PredicateHandler.handleRequest(PredicateHandler.java:43) ~[undertow-core-1.4.25.Final.jar:1.4.25.Final]
	at io.undertow.servlet.handlers.ServletInitialHandler.handleFirstRequest(ServletInitialHandler.java:292) [undertow-servlet-1.4.25.Final.jar:1.4.25.Final]
	at io.undertow.servlet.handlers.ServletInitialHandler.access$100(ServletInitialHandler.java:81) [undertow-servlet-1.4.25.Final.jar:1.4.25.Final]
	at io.undertow.servlet.handlers.ServletInitialHandler$2.call(ServletInitialHandler.java:138) [undertow-servlet-1.4.25.Final.jar:1.4.25.Final]
	at io.undertow.servlet.handlers.ServletInitialHandler$2.call(ServletInitialHandler.java:135) [undertow-servlet-1.4.25.Final.jar:1.4.25.Final]
	at io.undertow.servlet.core.ServletRequestContextThreadSetupAction$1.call(ServletRequestContextThreadSetupAction.java:48) [undertow-servlet-1.4.25.Final.jar:1.4.25.Final]
	at io.undertow.servlet.core.ContextClassLoaderSetupAction$1.call(ContextClassLoaderSetupAction.java:43) [undertow-servlet-1.4.25.Final.jar:1.4.25.Final]
	at io.undertow.servlet.handlers.ServletInitialHandler.dispatchRequest(ServletInitialHandler.java:272) [undertow-servlet-1.4.25.Final.jar:1.4.25.Final]
	at io.undertow.servlet.handlers.ServletInitialHandler.access$000(ServletInitialHandler.java:81) [undertow-servlet-1.4.25.Final.jar:1.4.25.Final]
	at io.undertow.servlet.handlers.ServletInitialHandler$1.handleRequest(ServletInitialHandler.java:104) [undertow-servlet-1.4.25.Final.jar:1.4.25.Final]
	at io.undertow.server.Connectors.executeRootHandler(Connectors.java:336) [undertow-core-1.4.25.Final.jar:1.4.25.Final]
	at io.undertow.server.HttpServerExchange$1.run(HttpServerExchange.java:830) [undertow-core-1.4.25.Final.jar:1.4.25.Final]
	at java.util.concurrent.ThreadPoolExecutor.runWorker(ThreadPoolExecutor.java:1149) [na:1.8.0_151]
	at java.util.concurrent.ThreadPoolExecutor$Worker.run(ThreadPoolExecutor.java:624) [na:1.8.0_151]
	at java.lang.Thread.run(Thread.java:748) [na:1.8.0_151]
2019-04-01 23:09:36.107 ERROR io.undertow.request - UT005023: Exception handling request to /zipkin/favicon.ico
java.lang.IllegalArgumentException: Prometheus requires that all meters with the same name have the same set of tag keys. There is already an existing meter containing tag keys [method, status, uri]. The meter you are attempting to register has keys [exception, method, status, uri].
	at io.micrometer.prometheus.PrometheusMeterRegistry.lambda$collectorByName$9(PrometheusMeterRegistry.java:361) ~[micrometer-registry-prometheus-1.0.6.jar:1.0.6]
	at java.util.concurrent.ConcurrentHashMap.compute(ConcurrentHashMap.java:1877) ~[na:1.8.0_151]
	at io.micrometer.prometheus.PrometheusMeterRegistry.collectorByName(PrometheusMeterRegistry.java:348) ~[micrometer-registry-prometheus-1.0.6.jar:1.0.6]
	at io.micrometer.prometheus.PrometheusMeterRegistry.newTimer(PrometheusMeterRegistry.java:160) ~[micrometer-registry-prometheus-1.0.6.jar:1.0.6]
	at io.micrometer.core.instrument.MeterRegistry.lambda$timer$2(MeterRegistry.java:257) ~[micrometer-core-1.0.6.jar:1.0.6]
	at io.micrometer.core.instrument.MeterRegistry.getOrCreateMeter(MeterRegistry.java:566) ~[micrometer-core-1.0.6.jar:1.0.6]
	at io.micrometer.core.instrument.MeterRegistry.registerMeterIfNecessary(MeterRegistry.java:528) ~[micrometer-core-1.0.6.jar:1.0.6]
	at io.micrometer.core.instrument.MeterRegistry.timer(MeterRegistry.java:255) ~[micrometer-core-1.0.6.jar:1.0.6]
	at io.micrometer.core.instrument.Timer$Builder.register(Timer.java:447) ~[micrometer-core-1.0.6.jar:1.0.6]
	at org.springframework.boot.actuate.metrics.web.servlet.WebMvcMetricsFilter.stop(WebMvcMetricsFilter.java:234) ~[spring-boot-actuator-2.0.4.RELEASE.jar:2.0.4.RELEASE]
	at org.springframework.boot.actuate.metrics.web.servlet.WebMvcMetricsFilter.record(WebMvcMetricsFilter.java:225) ~[spring-boot-actuator-2.0.4.RELEASE.jar:2.0.4.RELEASE]
	at org.springframework.boot.actuate.metrics.web.servlet.WebMvcMetricsFilter.filterAndRecordMetrics(WebMvcMetricsFilter.java:163) ~[spring-boot-actuator-2.0.4.RELEASE.jar:2.0.4.RELEASE]
	at org.springframework.boot.actuate.metrics.web.servlet.WebMvcMetricsFilter.filterAndRecordMetrics(WebMvcMetricsFilter.java:123) ~[spring-boot-actuator-2.0.4.RELEASE.jar:2.0.4.RELEASE]
	at org.springframework.boot.actuate.metrics.web.servlet.WebMvcMetricsFilter.doFilterInternal(WebMvcMetricsFilter.java:108) ~[spring-boot-actuator-2.0.4.RELEASE.jar:2.0.4.RELEASE]
	at org.springframework.web.filter.OncePerRequestFilter.doFilter(OncePerRequestFilter.java:107) ~[spring-web-5.0.8.RELEASE.jar:5.0.8.RELEASE]
	at io.undertow.servlet.core.ManagedFilter.doFilter(ManagedFilter.java:61) ~[undertow-servlet-1.4.25.Final.jar:1.4.25.Final]
	at io.undertow.servlet.handlers.FilterHandler$FilterChainImpl.doFilter(FilterHandler.java:131) ~[undertow-servlet-1.4.25.Final.jar:1.4.25.Final]
	at io.undertow.servlet.handlers.FilterHandler.handleRequest(FilterHandler.java:84) ~[undertow-servlet-1.4.25.Final.jar:1.4.25.Final]
	at io.undertow.servlet.handlers.security.ServletSecurityRoleHandler.handleRequest(ServletSecurityRoleHandler.java:62) ~[undertow-servlet-1.4.25.Final.jar:1.4.25.Final]
	at io.undertow.servlet.handlers.ServletChain$1.handleRequest(ServletChain.java:64) ~[undertow-servlet-1.4.25.Final.jar:1.4.25.Final]
	at io.undertow.servlet.handlers.ServletDispatchingHandler.handleRequest(ServletDispatchingHandler.java:36) ~[undertow-servlet-1.4.25.Final.jar:1.4.25.Final]
	at io.undertow.servlet.handlers.security.SSLInformationAssociationHandler.handleRequest(SSLInformationAssociationHandler.java:132) ~[undertow-servlet-1.4.25.Final.jar:1.4.25.Final]
	at io.undertow.servlet.handlers.security.ServletAuthenticationCallHandler.handleRequest(ServletAuthenticationCallHandler.java:57) ~[undertow-servlet-1.4.25.Final.jar:1.4.25.Final]
	at io.undertow.server.handlers.PredicateHandler.handleRequest(PredicateHandler.java:43) ~[undertow-core-1.4.25.Final.jar:1.4.25.Final]
	at io.undertow.security.handlers.AbstractConfidentialityHandler.handleRequest(AbstractConfidentialityHandler.java:46) ~[undertow-core-1.4.25.Final.jar:1.4.25.Final]
	at io.undertow.servlet.handlers.security.ServletConfidentialityConstraintHandler.handleRequest(ServletConfidentialityConstraintHandler.java:64) ~[undertow-servlet-1.4.25.Final.jar:1.4.25.Final]
	at io.undertow.security.handlers.AuthenticationMechanismsHandler.handleRequest(AuthenticationMechanismsHandler.java:60) ~[undertow-core-1.4.25.Final.jar:1.4.25.Final]
	at io.undertow.servlet.handlers.security.CachedAuthenticatedSessionHandler.handleRequest(CachedAuthenticatedSessionHandler.java:77) ~[undertow-servlet-1.4.25.Final.jar:1.4.25.Final]
	at io.undertow.security.handlers.AbstractSecurityContextAssociationHandler.handleRequest(AbstractSecurityContextAssociationHandler.java:43) ~[undertow-core-1.4.25.Final.jar:1.4.25.Final]
	at io.undertow.server.handlers.PredicateHandler.handleRequest(PredicateHandler.java:43) ~[undertow-core-1.4.25.Final.jar:1.4.25.Final]
	at io.undertow.server.handlers.PredicateHandler.handleRequest(PredicateHandler.java:43) ~[undertow-core-1.4.25.Final.jar:1.4.25.Final]
	at io.undertow.servlet.handlers.ServletInitialHandler.handleFirstRequest(ServletInitialHandler.java:292) [undertow-servlet-1.4.25.Final.jar:1.4.25.Final]
	at io.undertow.servlet.handlers.ServletInitialHandler.access$100(ServletInitialHandler.java:81) [undertow-servlet-1.4.25.Final.jar:1.4.25.Final]
	at io.undertow.servlet.handlers.ServletInitialHandler$2.call(ServletInitialHandler.java:138) [undertow-servlet-1.4.25.Final.jar:1.4.25.Final]
	at io.undertow.servlet.handlers.ServletInitialHandler$2.call(ServletInitialHandler.java:135) [undertow-servlet-1.4.25.Final.jar:1.4.25.Final]
	at io.undertow.servlet.core.ServletRequestContextThreadSetupAction$1.call(ServletRequestContextThreadSetupAction.java:48) [undertow-servlet-1.4.25.Final.jar:1.4.25.Final]
	at io.undertow.servlet.core.ContextClassLoaderSetupAction$1.call(ContextClassLoaderSetupAction.java:43) [undertow-servlet-1.4.25.Final.jar:1.4.25.Final]
	at io.undertow.servlet.handlers.ServletInitialHandler.dispatchRequest(ServletInitialHandler.java:272) [undertow-servlet-1.4.25.Final.jar:1.4.25.Final]
	at io.undertow.servlet.handlers.ServletInitialHandler.access$000(ServletInitialHandler.java:81) [undertow-servlet-1.4.25.Final.jar:1.4.25.Final]
	at io.undertow.servlet.handlers.ServletInitialHandler$1.handleRequest(ServletInitialHandler.java:104) [undertow-servlet-1.4.25.Final.jar:1.4.25.Final]
	at io.undertow.server.Connectors.executeRootHandler(Connectors.java:336) [undertow-core-1.4.25.Final.jar:1.4.25.Final]
	at io.undertow.server.HttpServerExchange$1.run(HttpServerExchange.java:830) [undertow-core-1.4.25.Final.jar:1.4.25.Final]
	at java.util.concurrent.ThreadPoolExecutor.runWorker(ThreadPoolExecutor.java:1149) [na:1.8.0_151]
	at java.util.concurrent.ThreadPoolExecutor$Worker.run(ThreadPoolExecutor.java:624) [na:1.8.0_151]
	at java.lang.Thread.run(Thread.java:748) [na:1.8.0_151]
2019-04-01 23:09:36.130 ERROR io.undertow.request - UT005023: Exception handling request to /api/v2/services
java.lang.IllegalArgumentException: Prometheus requires that all meters with the same name have the same set of tag keys. There is already an existing meter containing tag keys [method, status, uri]. The meter you are attempting to register has keys [exception, method, status, uri].
	at io.micrometer.prometheus.PrometheusMeterRegistry.lambda$collectorByName$9(PrometheusMeterRegistry.java:361) ~[micrometer-registry-prometheus-1.0.6.jar:1.0.6]
	at java.util.concurrent.ConcurrentHashMap.compute(ConcurrentHashMap.java:1877) ~[na:1.8.0_151]
	at io.micrometer.prometheus.PrometheusMeterRegistry.collectorByName(PrometheusMeterRegistry.java:348) ~[micrometer-registry-prometheus-1.0.6.jar:1.0.6]
	at io.micrometer.prometheus.PrometheusMeterRegistry.newTimer(PrometheusMeterRegistry.java:160) ~[micrometer-registry-prometheus-1.0.6.jar:1.0.6]
	at io.micrometer.core.instrument.MeterRegistry.lambda$timer$2(MeterRegistry.java:257) ~[micrometer-core-1.0.6.jar:1.0.6]
	at io.micrometer.core.instrument.MeterRegistry.getOrCreateMeter(MeterRegistry.java:566) ~[micrometer-core-1.0.6.jar:1.0.6]
	at io.micrometer.core.instrument.MeterRegistry.registerMeterIfNecessary(MeterRegistry.java:528) ~[micrometer-core-1.0.6.jar:1.0.6]
	at io.micrometer.core.instrument.MeterRegistry.timer(MeterRegistry.java:255) ~[micrometer-core-1.0.6.jar:1.0.6]
	at io.micrometer.core.instrument.Timer$Builder.register(Timer.java:447) ~[micrometer-core-1.0.6.jar:1.0.6]
	at org.springframework.boot.actuate.metrics.web.servlet.WebMvcMetricsFilter.stop(WebMvcMetricsFilter.java:234) ~[spring-boot-actuator-2.0.4.RELEASE.jar:2.0.4.RELEASE]
	at org.springframework.boot.actuate.metrics.web.servlet.WebMvcMetricsFilter.record(WebMvcMetricsFilter.java:225) ~[spring-boot-actuator-2.0.4.RELEASE.jar:2.0.4.RELEASE]
	at org.springframework.boot.actuate.metrics.web.servlet.WebMvcMetricsFilter.filterAndRecordMetrics(WebMvcMetricsFilter.java:163) ~[spring-boot-actuator-2.0.4.RELEASE.jar:2.0.4.RELEASE]
	at org.springframework.boot.actuate.metrics.web.servlet.WebMvcMetricsFilter.filterAndRecordMetrics(WebMvcMetricsFilter.java:123) ~[spring-boot-actuator-2.0.4.RELEASE.jar:2.0.4.RELEASE]
	at org.springframework.boot.actuate.metrics.web.servlet.WebMvcMetricsFilter.doFilterInternal(WebMvcMetricsFilter.java:108) ~[spring-boot-actuator-2.0.4.RELEASE.jar:2.0.4.RELEASE]
	at org.springframework.web.filter.OncePerRequestFilter.doFilter(OncePerRequestFilter.java:107) ~[spring-web-5.0.8.RELEASE.jar:5.0.8.RELEASE]
	at io.undertow.servlet.core.ManagedFilter.doFilter(ManagedFilter.java:61) ~[undertow-servlet-1.4.25.Final.jar:1.4.25.Final]
	at io.undertow.servlet.handlers.FilterHandler$FilterChainImpl.doFilter(FilterHandler.java:131) ~[undertow-servlet-1.4.25.Final.jar:1.4.25.Final]
	at io.undertow.servlet.handlers.FilterHandler.handleRequest(FilterHandler.java:84) ~[undertow-servlet-1.4.25.Final.jar:1.4.25.Final]
	at io.undertow.servlet.handlers.security.ServletSecurityRoleHandler.handleRequest(ServletSecurityRoleHandler.java:62) ~[undertow-servlet-1.4.25.Final.jar:1.4.25.Final]
	at io.undertow.servlet.handlers.ServletChain$1.handleRequest(ServletChain.java:64) ~[undertow-servlet-1.4.25.Final.jar:1.4.25.Final]
	at io.undertow.servlet.handlers.ServletDispatchingHandler.handleRequest(ServletDispatchingHandler.java:36) ~[undertow-servlet-1.4.25.Final.jar:1.4.25.Final]
	at io.undertow.servlet.handlers.security.SSLInformationAssociationHandler.handleRequest(SSLInformationAssociationHandler.java:132) ~[undertow-servlet-1.4.25.Final.jar:1.4.25.Final]
	at io.undertow.servlet.handlers.security.ServletAuthenticationCallHandler.handleRequest(ServletAuthenticationCallHandler.java:57) ~[undertow-servlet-1.4.25.Final.jar:1.4.25.Final]
	at io.undertow.server.handlers.PredicateHandler.handleRequest(PredicateHandler.java:43) ~[undertow-core-1.4.25.Final.jar:1.4.25.Final]
	at io.undertow.security.handlers.AbstractConfidentialityHandler.handleRequest(AbstractConfidentialityHandler.java:46) ~[undertow-core-1.4.25.Final.jar:1.4.25.Final]
	at io.undertow.servlet.handlers.security.ServletConfidentialityConstraintHandler.handleRequest(ServletConfidentialityConstraintHandler.java:64) ~[undertow-servlet-1.4.25.Final.jar:1.4.25.Final]
	at io.undertow.security.handlers.AuthenticationMechanismsHandler.handleRequest(AuthenticationMechanismsHandler.java:60) ~[undertow-core-1.4.25.Final.jar:1.4.25.Final]
	at io.undertow.servlet.handlers.security.CachedAuthenticatedSessionHandler.handleRequest(CachedAuthenticatedSessionHandler.java:77) ~[undertow-servlet-1.4.25.Final.jar:1.4.25.Final]
	at io.undertow.security.handlers.AbstractSecurityContextAssociationHandler.handleRequest(AbstractSecurityContextAssociationHandler.java:43) ~[undertow-core-1.4.25.Final.jar:1.4.25.Final]
	at io.undertow.server.handlers.PredicateHandler.handleRequest(PredicateHandler.java:43) ~[undertow-core-1.4.25.Final.jar:1.4.25.Final]
	at io.undertow.server.handlers.PredicateHandler.handleRequest(PredicateHandler.java:43) ~[undertow-core-1.4.25.Final.jar:1.4.25.Final]
	at io.undertow.servlet.handlers.ServletInitialHandler.handleFirstRequest(ServletInitialHandler.java:292) [undertow-servlet-1.4.25.Final.jar:1.4.25.Final]
	at io.undertow.servlet.handlers.ServletInitialHandler.access$100(ServletInitialHandler.java:81) [undertow-servlet-1.4.25.Final.jar:1.4.25.Final]
	at io.undertow.servlet.handlers.ServletInitialHandler$2.call(ServletInitialHandler.java:138) [undertow-servlet-1.4.25.Final.jar:1.4.25.Final]
	at io.undertow.servlet.handlers.ServletInitialHandler$2.call(ServletInitialHandler.java:135) [undertow-servlet-1.4.25.Final.jar:1.4.25.Final]
	at io.undertow.servlet.core.ServletRequestContextThreadSetupAction$1.call(ServletRequestContextThreadSetupAction.java:48) [undertow-servlet-1.4.25.Final.jar:1.4.25.Final]
	at io.undertow.servlet.core.ContextClassLoaderSetupAction$1.call(ContextClassLoaderSetupAction.java:43) [undertow-servlet-1.4.25.Final.jar:1.4.25.Final]
	at io.undertow.servlet.handlers.ServletInitialHandler.dispatchRequest(ServletInitialHandler.java:272) [undertow-servlet-1.4.25.Final.jar:1.4.25.Final]
	at io.undertow.servlet.handlers.ServletInitialHandler.access$000(ServletInitialHandler.java:81) [undertow-servlet-1.4.25.Final.jar:1.4.25.Final]
	at io.undertow.servlet.handlers.ServletInitialHandler$1.handleRequest(ServletInitialHandler.java:104) [undertow-servlet-1.4.25.Final.jar:1.4.25.Final]
	at io.undertow.server.Connectors.executeRootHandler(Connectors.java:336) [undertow-core-1.4.25.Final.jar:1.4.25.Final]
	at io.undertow.server.HttpServerExchange$1.run(HttpServerExchange.java:830) [undertow-core-1.4.25.Final.jar:1.4.25.Final]
	at java.util.concurrent.ThreadPoolExecutor.runWorker(ThreadPoolExecutor.java:1149) [na:1.8.0_151]
	at java.util.concurrent.ThreadPoolExecutor$Worker.run(ThreadPoolExecutor.java:624) [na:1.8.0_151]
	at java.lang.Thread.run(Thread.java:748) [na:1.8.0_151]
2019-04-01 23:09:36.187 ERROR io.undertow.request - UT005023: Exception handling request to /zipkin/nav_zh.properties
java.lang.IllegalArgumentException: Prometheus requires that all meters with the same name have the same set of tag keys. There is already an existing meter containing tag keys [method, status, uri]. The meter you are attempting to register has keys [exception, method, status, uri].
	at io.micrometer.prometheus.PrometheusMeterRegistry.lambda$collectorByName$9(PrometheusMeterRegistry.java:361) ~[micrometer-registry-prometheus-1.0.6.jar:1.0.6]
	at java.util.concurrent.ConcurrentHashMap.compute(ConcurrentHashMap.java:1877) ~[na:1.8.0_151]
	at io.micrometer.prometheus.PrometheusMeterRegistry.collectorByName(PrometheusMeterRegistry.java:348) ~[micrometer-registry-prometheus-1.0.6.jar:1.0.6]
	at io.micrometer.prometheus.PrometheusMeterRegistry.newTimer(PrometheusMeterRegistry.java:160) ~[micrometer-registry-prometheus-1.0.6.jar:1.0.6]
	at io.micrometer.core.instrument.MeterRegistry.lambda$timer$2(MeterRegistry.java:257) ~[micrometer-core-1.0.6.jar:1.0.6]
	at io.micrometer.core.instrument.MeterRegistry.getOrCreateMeter(MeterRegistry.java:566) ~[micrometer-core-1.0.6.jar:1.0.6]
	at io.micrometer.core.instrument.MeterRegistry.registerMeterIfNecessary(MeterRegistry.java:528) ~[micrometer-core-1.0.6.jar:1.0.6]
	at io.micrometer.core.instrument.MeterRegistry.timer(MeterRegistry.java:255) ~[micrometer-core-1.0.6.jar:1.0.6]
	at io.micrometer.core.instrument.Timer$Builder.register(Timer.java:447) ~[micrometer-core-1.0.6.jar:1.0.6]
	at org.springframework.boot.actuate.metrics.web.servlet.WebMvcMetricsFilter.stop(WebMvcMetricsFilter.java:234) ~[spring-boot-actuator-2.0.4.RELEASE.jar:2.0.4.RELEASE]
	at org.springframework.boot.actuate.metrics.web.servlet.WebMvcMetricsFilter.record(WebMvcMetricsFilter.java:225) ~[spring-boot-actuator-2.0.4.RELEASE.jar:2.0.4.RELEASE]
	at org.springframework.boot.actuate.metrics.web.servlet.WebMvcMetricsFilter.filterAndRecordMetrics(WebMvcMetricsFilter.java:163) ~[spring-boot-actuator-2.0.4.RELEASE.jar:2.0.4.RELEASE]
	at org.springframework.boot.actuate.metrics.web.servlet.WebMvcMetricsFilter.filterAndRecordMetrics(WebMvcMetricsFilter.java:123) ~[spring-boot-actuator-2.0.4.RELEASE.jar:2.0.4.RELEASE]
	at org.springframework.boot.actuate.metrics.web.servlet.WebMvcMetricsFilter.doFilterInternal(WebMvcMetricsFilter.java:108) ~[spring-boot-actuator-2.0.4.RELEASE.jar:2.0.4.RELEASE]
	at org.springframework.web.filter.OncePerRequestFilter.doFilter(OncePerRequestFilter.java:107) ~[spring-web-5.0.8.RELEASE.jar:5.0.8.RELEASE]
	at io.undertow.servlet.core.ManagedFilter.doFilter(ManagedFilter.java:61) ~[undertow-servlet-1.4.25.Final.jar:1.4.25.Final]
	at io.undertow.servlet.handlers.FilterHandler$FilterChainImpl.doFilter(FilterHandler.java:131) ~[undertow-servlet-1.4.25.Final.jar:1.4.25.Final]
	at io.undertow.servlet.handlers.FilterHandler.handleRequest(FilterHandler.java:84) ~[undertow-servlet-1.4.25.Final.jar:1.4.25.Final]
	at io.undertow.servlet.handlers.security.ServletSecurityRoleHandler.handleRequest(ServletSecurityRoleHandler.java:62) ~[undertow-servlet-1.4.25.Final.jar:1.4.25.Final]
	at io.undertow.servlet.handlers.ServletChain$1.handleRequest(ServletChain.java:64) ~[undertow-servlet-1.4.25.Final.jar:1.4.25.Final]
	at io.undertow.servlet.handlers.ServletDispatchingHandler.handleRequest(ServletDispatchingHandler.java:36) ~[undertow-servlet-1.4.25.Final.jar:1.4.25.Final]
	at io.undertow.servlet.handlers.security.SSLInformationAssociationHandler.handleRequest(SSLInformationAssociationHandler.java:132) ~[undertow-servlet-1.4.25.Final.jar:1.4.25.Final]
	at io.undertow.servlet.handlers.security.ServletAuthenticationCallHandler.handleRequest(ServletAuthenticationCallHandler.java:57) ~[undertow-servlet-1.4.25.Final.jar:1.4.25.Final]
	at io.undertow.server.handlers.PredicateHandler.handleRequest(PredicateHandler.java:43) ~[undertow-core-1.4.25.Final.jar:1.4.25.Final]
	at io.undertow.security.handlers.AbstractConfidentialityHandler.handleRequest(AbstractConfidentialityHandler.java:46) ~[undertow-core-1.4.25.Final.jar:1.4.25.Final]
	at io.undertow.servlet.handlers.security.ServletConfidentialityConstraintHandler.handleRequest(ServletConfidentialityConstraintHandler.java:64) ~[undertow-servlet-1.4.25.Final.jar:1.4.25.Final]
	at io.undertow.security.handlers.AuthenticationMechanismsHandler.handleRequest(AuthenticationMechanismsHandler.java:60) ~[undertow-core-1.4.25.Final.jar:1.4.25.Final]
	at io.undertow.servlet.handlers.security.CachedAuthenticatedSessionHandler.handleRequest(CachedAuthenticatedSessionHandler.java:77) ~[undertow-servlet-1.4.25.Final.jar:1.4.25.Final]
	at io.undertow.security.handlers.AbstractSecurityContextAssociationHandler.handleRequest(AbstractSecurityContextAssociationHandler.java:43) ~[undertow-core-1.4.25.Final.jar:1.4.25.Final]
	at io.undertow.server.handlers.PredicateHandler.handleRequest(PredicateHandler.java:43) ~[undertow-core-1.4.25.Final.jar:1.4.25.Final]
	at io.undertow.server.handlers.PredicateHandler.handleRequest(PredicateHandler.java:43) ~[undertow-core-1.4.25.Final.jar:1.4.25.Final]
	at io.undertow.servlet.handlers.ServletInitialHandler.handleFirstRequest(ServletInitialHandler.java:292) [undertow-servlet-1.4.25.Final.jar:1.4.25.Final]
	at io.undertow.servlet.handlers.ServletInitialHandler.access$100(ServletInitialHandler.java:81) [undertow-servlet-1.4.25.Final.jar:1.4.25.Final]
	at io.undertow.servlet.handlers.ServletInitialHandler$2.call(ServletInitialHandler.java:138) [undertow-servlet-1.4.25.Final.jar:1.4.25.Final]
	at io.undertow.servlet.handlers.ServletInitialHandler$2.call(ServletInitialHandler.java:135) [undertow-servlet-1.4.25.Final.jar:1.4.25.Final]
	at io.undertow.servlet.core.ServletRequestContextThreadSetupAction$1.call(ServletRequestContextThreadSetupAction.java:48) [undertow-servlet-1.4.25.Final.jar:1.4.25.Final]
	at io.undertow.servlet.core.ContextClassLoaderSetupAction$1.call(ContextClassLoaderSetupAction.java:43) [undertow-servlet-1.4.25.Final.jar:1.4.25.Final]
	at io.undertow.servlet.handlers.ServletInitialHandler.dispatchRequest(ServletInitialHandler.java:272) [undertow-servlet-1.4.25.Final.jar:1.4.25.Final]
	at io.undertow.servlet.handlers.ServletInitialHandler.access$000(ServletInitialHandler.java:81) [undertow-servlet-1.4.25.Final.jar:1.4.25.Final]
	at io.undertow.servlet.handlers.ServletInitialHandler$1.handleRequest(ServletInitialHandler.java:104) [undertow-servlet-1.4.25.Final.jar:1.4.25.Final]
	at io.undertow.server.Connectors.executeRootHandler(Connectors.java:336) [undertow-core-1.4.25.Final.jar:1.4.25.Final]
	at io.undertow.server.HttpServerExchange$1.run(HttpServerExchange.java:830) [undertow-core-1.4.25.Final.jar:1.4.25.Final]
	at java.util.concurrent.ThreadPoolExecutor.runWorker(ThreadPoolExecutor.java:1149) [na:1.8.0_151]
	at java.util.concurrent.ThreadPoolExecutor$Worker.run(ThreadPoolExecutor.java:624) [na:1.8.0_151]
	at java.lang.Thread.run(Thread.java:748) [na:1.8.0_151]
2019-04-01 23:09:36.200 ERROR io.undertow.request - UT005023: Exception handling request to /api/v2/spans
java.lang.IllegalArgumentException: Prometheus requires that all meters with the same name have the same set of tag keys. There is already an existing meter containing tag keys [method, status, uri]. The meter you are attempting to register has keys [exception, method, status, uri].
	at io.micrometer.prometheus.PrometheusMeterRegistry.lambda$collectorByName$9(PrometheusMeterRegistry.java:361) ~[micrometer-registry-prometheus-1.0.6.jar:1.0.6]
	at java.util.concurrent.ConcurrentHashMap.compute(ConcurrentHashMap.java:1877) ~[na:1.8.0_151]
	at io.micrometer.prometheus.PrometheusMeterRegistry.collectorByName(PrometheusMeterRegistry.java:348) ~[micrometer-registry-prometheus-1.0.6.jar:1.0.6]
	at io.micrometer.prometheus.PrometheusMeterRegistry.newTimer(PrometheusMeterRegistry.java:160) ~[micrometer-registry-prometheus-1.0.6.jar:1.0.6]
	at io.micrometer.core.instrument.MeterRegistry.lambda$timer$2(MeterRegistry.java:257) ~[micrometer-core-1.0.6.jar:1.0.6]
	at io.micrometer.core.instrument.MeterRegistry.getOrCreateMeter(MeterRegistry.java:566) ~[micrometer-core-1.0.6.jar:1.0.6]
	at io.micrometer.core.instrument.MeterRegistry.registerMeterIfNecessary(MeterRegistry.java:528) ~[micrometer-core-1.0.6.jar:1.0.6]
	at io.micrometer.core.instrument.MeterRegistry.timer(MeterRegistry.java:255) ~[micrometer-core-1.0.6.jar:1.0.6]
	at io.micrometer.core.instrument.Timer$Builder.register(Timer.java:447) ~[micrometer-core-1.0.6.jar:1.0.6]
	at org.springframework.boot.actuate.metrics.web.servlet.WebMvcMetricsFilter.stop(WebMvcMetricsFilter.java:234) ~[spring-boot-actuator-2.0.4.RELEASE.jar:2.0.4.RELEASE]
	at org.springframework.boot.actuate.metrics.web.servlet.WebMvcMetricsFilter.record(WebMvcMetricsFilter.java:225) ~[spring-boot-actuator-2.0.4.RELEASE.jar:2.0.4.RELEASE]
	at org.springframework.boot.actuate.metrics.web.servlet.WebMvcMetricsFilter.filterAndRecordMetrics(WebMvcMetricsFilter.java:163) ~[spring-boot-actuator-2.0.4.RELEASE.jar:2.0.4.RELEASE]
	at org.springframework.boot.actuate.metrics.web.servlet.WebMvcMetricsFilter.filterAndRecordMetrics(WebMvcMetricsFilter.java:123) ~[spring-boot-actuator-2.0.4.RELEASE.jar:2.0.4.RELEASE]
	at org.springframework.boot.actuate.metrics.web.servlet.WebMvcMetricsFilter.doFilterInternal(WebMvcMetricsFilter.java:108) ~[spring-boot-actuator-2.0.4.RELEASE.jar:2.0.4.RELEASE]
	at org.springframework.web.filter.OncePerRequestFilter.doFilter(OncePerRequestFilter.java:107) ~[spring-web-5.0.8.RELEASE.jar:5.0.8.RELEASE]
	at io.undertow.servlet.core.ManagedFilter.doFilter(ManagedFilter.java:61) ~[undertow-servlet-1.4.25.Final.jar:1.4.25.Final]
	at io.undertow.servlet.handlers.FilterHandler$FilterChainImpl.doFilter(FilterHandler.java:131) ~[undertow-servlet-1.4.25.Final.jar:1.4.25.Final]
	at io.undertow.servlet.handlers.FilterHandler.handleRequest(FilterHandler.java:84) ~[undertow-servlet-1.4.25.Final.jar:1.4.25.Final]
	at io.undertow.servlet.handlers.security.ServletSecurityRoleHandler.handleRequest(ServletSecurityRoleHandler.java:62) ~[undertow-servlet-1.4.25.Final.jar:1.4.25.Final]
	at io.undertow.servlet.handlers.ServletChain$1.handleRequest(ServletChain.java:64) ~[undertow-servlet-1.4.25.Final.jar:1.4.25.Final]
	at io.undertow.servlet.handlers.ServletDispatchingHandler.handleRequest(ServletDispatchingHandler.java:36) ~[undertow-servlet-1.4.25.Final.jar:1.4.25.Final]
	at io.undertow.servlet.handlers.security.SSLInformationAssociationHandler.handleRequest(SSLInformationAssociationHandler.java:132) ~[undertow-servlet-1.4.25.Final.jar:1.4.25.Final]
	at io.undertow.servlet.handlers.security.ServletAuthenticationCallHandler.handleRequest(ServletAuthenticationCallHandler.java:57) ~[undertow-servlet-1.4.25.Final.jar:1.4.25.Final]
	at io.undertow.server.handlers.PredicateHandler.handleRequest(PredicateHandler.java:43) ~[undertow-core-1.4.25.Final.jar:1.4.25.Final]
	at io.undertow.security.handlers.AbstractConfidentialityHandler.handleRequest(AbstractConfidentialityHandler.java:46) ~[undertow-core-1.4.25.Final.jar:1.4.25.Final]
	at io.undertow.servlet.handlers.security.ServletConfidentialityConstraintHandler.handleRequest(ServletConfidentialityConstraintHandler.java:64) ~[undertow-servlet-1.4.25.Final.jar:1.4.25.Final]
	at io.undertow.security.handlers.AuthenticationMechanismsHandler.handleRequest(AuthenticationMechanismsHandler.java:60) ~[undertow-core-1.4.25.Final.jar:1.4.25.Final]
	at io.undertow.servlet.handlers.security.CachedAuthenticatedSessionHandler.handleRequest(CachedAuthenticatedSessionHandler.java:77) ~[undertow-servlet-1.4.25.Final.jar:1.4.25.Final]
	at io.undertow.security.handlers.AbstractSecurityContextAssociationHandler.handleRequest(AbstractSecurityContextAssociationHandler.java:43) ~[undertow-core-1.4.25.Final.jar:1.4.25.Final]
	at io.undertow.server.handlers.PredicateHandler.handleRequest(PredicateHandler.java:43) ~[undertow-core-1.4.25.Final.jar:1.4.25.Final]
	at io.undertow.server.handlers.PredicateHandler.handleRequest(PredicateHandler.java:43) ~[undertow-core-1.4.25.Final.jar:1.4.25.Final]
	at io.undertow.servlet.handlers.ServletInitialHandler.handleFirstRequest(ServletInitialHandler.java:292) [undertow-servlet-1.4.25.Final.jar:1.4.25.Final]
	at io.undertow.servlet.handlers.ServletInitialHandler.access$100(ServletInitialHandler.java:81) [undertow-servlet-1.4.25.Final.jar:1.4.25.Final]
	at io.undertow.servlet.handlers.ServletInitialHandler$2.call(ServletInitialHandler.java:138) [undertow-servlet-1.4.25.Final.jar:1.4.25.Final]
	at io.undertow.servlet.handlers.ServletInitialHandler$2.call(ServletInitialHandler.java:135) [undertow-servlet-1.4.25.Final.jar:1.4.25.Final]
	at io.undertow.servlet.core.ServletRequestContextThreadSetupAction$1.call(ServletRequestContextThreadSetupAction.java:48) [undertow-servlet-1.4.25.Final.jar:1.4.25.Final]
	at io.undertow.servlet.core.ContextClassLoaderSetupAction$1.call(ContextClassLoaderSetupAction.java:43) [undertow-servlet-1.4.25.Final.jar:1.4.25.Final]
	at io.undertow.servlet.handlers.ServletInitialHandler.dispatchRequest(ServletInitialHandler.java:272) [undertow-servlet-1.4.25.Final.jar:1.4.25.Final]
	at io.undertow.servlet.handlers.ServletInitialHandler.access$000(ServletInitialHandler.java:81) [undertow-servlet-1.4.25.Final.jar:1.4.25.Final]
	at io.undertow.servlet.handlers.ServletInitialHandler$1.handleRequest(ServletInitialHandler.java:104) [undertow-servlet-1.4.25.Final.jar:1.4.25.Final]
	at io.undertow.server.Connectors.executeRootHandler(Connectors.java:336) [undertow-core-1.4.25.Final.jar:1.4.25.Final]
	at io.undertow.server.HttpServerExchange$1.run(HttpServerExchange.java:830) [undertow-core-1.4.25.Final.jar:1.4.25.Final]
	at java.util.concurrent.ThreadPoolExecutor.runWorker(ThreadPoolExecutor.java:1149) [na:1.8.0_151]
	at java.util.concurrent.ThreadPoolExecutor$Worker.run(ThreadPoolExecutor.java:624) [na:1.8.0_151]
	at java.lang.Thread.run(Thread.java:748) [na:1.8.0_151]
2019-04-01 23:09:36.203 ERROR io.undertow.request - UT005023: Exception handling request to /zipkin/traces_zh.properties
java.lang.IllegalArgumentException: Prometheus requires that all meters with the same name have the same set of tag keys. There is already an existing meter containing tag keys [method, status, uri]. The meter you are attempting to register has keys [exception, method, status, uri].
	at io.micrometer.prometheus.PrometheusMeterRegistry.lambda$collectorByName$9(PrometheusMeterRegistry.java:361) ~[micrometer-registry-prometheus-1.0.6.jar:1.0.6]
	at java.util.concurrent.ConcurrentHashMap.compute(ConcurrentHashMap.java:1877) ~[na:1.8.0_151]
	at io.micrometer.prometheus.PrometheusMeterRegistry.collectorByName(PrometheusMeterRegistry.java:348) ~[micrometer-registry-prometheus-1.0.6.jar:1.0.6]
	at io.micrometer.prometheus.PrometheusMeterRegistry.newTimer(PrometheusMeterRegistry.java:160) ~[micrometer-registry-prometheus-1.0.6.jar:1.0.6]
	at io.micrometer.core.instrument.MeterRegistry.lambda$timer$2(MeterRegistry.java:257) ~[micrometer-core-1.0.6.jar:1.0.6]
	at io.micrometer.core.instrument.MeterRegistry.getOrCreateMeter(MeterRegistry.java:566) ~[micrometer-core-1.0.6.jar:1.0.6]
	at io.micrometer.core.instrument.MeterRegistry.registerMeterIfNecessary(MeterRegistry.java:528) ~[micrometer-core-1.0.6.jar:1.0.6]
	at io.micrometer.core.instrument.MeterRegistry.timer(MeterRegistry.java:255) ~[micrometer-core-1.0.6.jar:1.0.6]
	at io.micrometer.core.instrument.Timer$Builder.register(Timer.java:447) ~[micrometer-core-1.0.6.jar:1.0.6]
	at org.springframework.boot.actuate.metrics.web.servlet.WebMvcMetricsFilter.stop(WebMvcMetricsFilter.java:234) ~[spring-boot-actuator-2.0.4.RELEASE.jar:2.0.4.RELEASE]
	at org.springframework.boot.actuate.metrics.web.servlet.WebMvcMetricsFilter.record(WebMvcMetricsFilter.java:225) ~[spring-boot-actuator-2.0.4.RELEASE.jar:2.0.4.RELEASE]
	at org.springframework.boot.actuate.metrics.web.servlet.WebMvcMetricsFilter.filterAndRecordMetrics(WebMvcMetricsFilter.java:163) ~[spring-boot-actuator-2.0.4.RELEASE.jar:2.0.4.RELEASE]
	at org.springframework.boot.actuate.metrics.web.servlet.WebMvcMetricsFilter.filterAndRecordMetrics(WebMvcMetricsFilter.java:123) ~[spring-boot-actuator-2.0.4.RELEASE.jar:2.0.4.RELEASE]
	at org.springframework.boot.actuate.metrics.web.servlet.WebMvcMetricsFilter.doFilterInternal(WebMvcMetricsFilter.java:108) ~[spring-boot-actuator-2.0.4.RELEASE.jar:2.0.4.RELEASE]
	at org.springframework.web.filter.OncePerRequestFilter.doFilter(OncePerRequestFilter.java:107) ~[spring-web-5.0.8.RELEASE.jar:5.0.8.RELEASE]
	at io.undertow.servlet.core.ManagedFilter.doFilter(ManagedFilter.java:61) ~[undertow-servlet-1.4.25.Final.jar:1.4.25.Final]
	at io.undertow.servlet.handlers.FilterHandler$FilterChainImpl.doFilter(FilterHandler.java:131) ~[undertow-servlet-1.4.25.Final.jar:1.4.25.Final]
	at io.undertow.servlet.handlers.FilterHandler.handleRequest(FilterHandler.java:84) ~[undertow-servlet-1.4.25.Final.jar:1.4.25.Final]
	at io.undertow.servlet.handlers.security.ServletSecurityRoleHandler.handleRequest(ServletSecurityRoleHandler.java:62) ~[undertow-servlet-1.4.25.Final.jar:1.4.25.Final]
	at io.undertow.servlet.handlers.ServletChain$1.handleRequest(ServletChain.java:64) ~[undertow-servlet-1.4.25.Final.jar:1.4.25.Final]
	at io.undertow.servlet.handlers.ServletDispatchingHandler.handleRequest(ServletDispatchingHandler.java:36) ~[undertow-servlet-1.4.25.Final.jar:1.4.25.Final]
	at io.undertow.servlet.handlers.security.SSLInformationAssociationHandler.handleRequest(SSLInformationAssociationHandler.java:132) ~[undertow-servlet-1.4.25.Final.jar:1.4.25.Final]
	at io.undertow.servlet.handlers.security.ServletAuthenticationCallHandler.handleRequest(ServletAuthenticationCallHandler.java:57) ~[undertow-servlet-1.4.25.Final.jar:1.4.25.Final]
	at io.undertow.server.handlers.PredicateHandler.handleRequest(PredicateHandler.java:43) ~[undertow-core-1.4.25.Final.jar:1.4.25.Final]
	at io.undertow.security.handlers.AbstractConfidentialityHandler.handleRequest(AbstractConfidentialityHandler.java:46) ~[undertow-core-1.4.25.Final.jar:1.4.25.Final]
	at io.undertow.servlet.handlers.security.ServletConfidentialityConstraintHandler.handleRequest(ServletConfidentialityConstraintHandler.java:64) ~[undertow-servlet-1.4.25.Final.jar:1.4.25.Final]
	at io.undertow.security.handlers.AuthenticationMechanismsHandler.handleRequest(AuthenticationMechanismsHandler.java:60) ~[undertow-core-1.4.25.Final.jar:1.4.25.Final]
	at io.undertow.servlet.handlers.security.CachedAuthenticatedSessionHandler.handleRequest(CachedAuthenticatedSessionHandler.java:77) ~[undertow-servlet-1.4.25.Final.jar:1.4.25.Final]
	at io.undertow.security.handlers.AbstractSecurityContextAssociationHandler.handleRequest(AbstractSecurityContextAssociationHandler.java:43) ~[undertow-core-1.4.25.Final.jar:1.4.25.Final]
	at io.undertow.server.handlers.PredicateHandler.handleRequest(PredicateHandler.java:43) ~[undertow-core-1.4.25.Final.jar:1.4.25.Final]
	at io.undertow.server.handlers.PredicateHandler.handleRequest(PredicateHandler.java:43) ~[undertow-core-1.4.25.Final.jar:1.4.25.Final]
	at io.undertow.servlet.handlers.ServletInitialHandler.handleFirstRequest(ServletInitialHandler.java:292) [undertow-servlet-1.4.25.Final.jar:1.4.25.Final]
	at io.undertow.servlet.handlers.ServletInitialHandler.access$100(ServletInitialHandler.java:81) [undertow-servlet-1.4.25.Final.jar:1.4.25.Final]
	at io.undertow.servlet.handlers.ServletInitialHandler$2.call(ServletInitialHandler.java:138) [undertow-servlet-1.4.25.Final.jar:1.4.25.Final]
	at io.undertow.servlet.handlers.ServletInitialHandler$2.call(ServletInitialHandler.java:135) [undertow-servlet-1.4.25.Final.jar:1.4.25.Final]
	at io.undertow.servlet.core.ServletRequestContextThreadSetupAction$1.call(ServletRequestContextThreadSetupAction.java:48) [undertow-servlet-1.4.25.Final.jar:1.4.25.Final]
	at io.undertow.servlet.core.ContextClassLoaderSetupAction$1.call(ContextClassLoaderSetupAction.java:43) [undertow-servlet-1.4.25.Final.jar:1.4.25.Final]
	at io.undertow.servlet.handlers.ServletInitialHandler.dispatchRequest(ServletInitialHandler.java:272) [undertow-servlet-1.4.25.Final.jar:1.4.25.Final]
	at io.undertow.servlet.handlers.ServletInitialHandler.access$000(ServletInitialHandler.java:81) [undertow-servlet-1.4.25.Final.jar:1.4.25.Final]
	at io.undertow.servlet.handlers.ServletInitialHandler$1.handleRequest(ServletInitialHandler.java:104) [undertow-servlet-1.4.25.Final.jar:1.4.25.Final]
	at io.undertow.server.Connectors.executeRootHandler(Connectors.java:336) [undertow-core-1.4.25.Final.jar:1.4.25.Final]
	at io.undertow.server.HttpServerExchange$1.run(HttpServerExchange.java:830) [undertow-core-1.4.25.Final.jar:1.4.25.Final]
	at java.util.concurrent.ThreadPoolExecutor.runWorker(ThreadPoolExecutor.java:1149) [na:1.8.0_151]
	at java.util.concurrent.ThreadPoolExecutor$Worker.run(ThreadPoolExecutor.java:624) [na:1.8.0_151]
	at java.lang.Thread.run(Thread.java:748) [na:1.8.0_151]
2019-04-01 23:09:37.870 ERROR io.undertow.request - UT005023: Exception handling request to /zipkin/index.html
java.lang.IllegalArgumentException: Prometheus requires that all meters with the same name have the same set of tag keys. There is already an existing meter containing tag keys [method, status, uri]. The meter you are attempting to register has keys [exception, method, status, uri].
	at io.micrometer.prometheus.PrometheusMeterRegistry.lambda$collectorByName$9(PrometheusMeterRegistry.java:361) ~[micrometer-registry-prometheus-1.0.6.jar:1.0.6]
	at java.util.concurrent.ConcurrentHashMap.compute(ConcurrentHashMap.java:1877) ~[na:1.8.0_151]
	at io.micrometer.prometheus.PrometheusMeterRegistry.collectorByName(PrometheusMeterRegistry.java:348) ~[micrometer-registry-prometheus-1.0.6.jar:1.0.6]
	at io.micrometer.prometheus.PrometheusMeterRegistry.newTimer(PrometheusMeterRegistry.java:160) ~[micrometer-registry-prometheus-1.0.6.jar:1.0.6]
	at io.micrometer.core.instrument.MeterRegistry.lambda$timer$2(MeterRegistry.java:257) ~[micrometer-core-1.0.6.jar:1.0.6]
	at io.micrometer.core.instrument.MeterRegistry.getOrCreateMeter(MeterRegistry.java:566) ~[micrometer-core-1.0.6.jar:1.0.6]
	at io.micrometer.core.instrument.MeterRegistry.registerMeterIfNecessary(MeterRegistry.java:528) ~[micrometer-core-1.0.6.jar:1.0.6]
	at io.micrometer.core.instrument.MeterRegistry.timer(MeterRegistry.java:255) ~[micrometer-core-1.0.6.jar:1.0.6]
	at io.micrometer.core.instrument.Timer$Builder.register(Timer.java:447) ~[micrometer-core-1.0.6.jar:1.0.6]
	at org.springframework.boot.actuate.metrics.web.servlet.WebMvcMetricsFilter.stop(WebMvcMetricsFilter.java:234) ~[spring-boot-actuator-2.0.4.RELEASE.jar:2.0.4.RELEASE]
	at org.springframework.boot.actuate.metrics.web.servlet.WebMvcMetricsFilter.record(WebMvcMetricsFilter.java:225) ~[spring-boot-actuator-2.0.4.RELEASE.jar:2.0.4.RELEASE]
	at org.springframework.boot.actuate.metrics.web.servlet.WebMvcMetricsFilter.filterAndRecordMetrics(WebMvcMetricsFilter.java:163) ~[spring-boot-actuator-2.0.4.RELEASE.jar:2.0.4.RELEASE]
	at org.springframework.boot.actuate.metrics.web.servlet.WebMvcMetricsFilter.filterAndRecordMetrics(WebMvcMetricsFilter.java:123) ~[spring-boot-actuator-2.0.4.RELEASE.jar:2.0.4.RELEASE]
	at org.springframework.boot.actuate.metrics.web.servlet.WebMvcMetricsFilter.doFilterInternal(WebMvcMetricsFilter.java:108) ~[spring-boot-actuator-2.0.4.RELEASE.jar:2.0.4.RELEASE]
	at org.springframework.web.filter.OncePerRequestFilter.doFilter(OncePerRequestFilter.java:107) ~[spring-web-5.0.8.RELEASE.jar:5.0.8.RELEASE]
	at io.undertow.servlet.core.ManagedFilter.doFilter(ManagedFilter.java:61) ~[undertow-servlet-1.4.25.Final.jar:1.4.25.Final]
	at io.undertow.servlet.handlers.FilterHandler$FilterChainImpl.doFilter(FilterHandler.java:131) ~[undertow-servlet-1.4.25.Final.jar:1.4.25.Final]
	at io.undertow.servlet.handlers.FilterHandler.handleRequest(FilterHandler.java:84) ~[undertow-servlet-1.4.25.Final.jar:1.4.25.Final]
	at io.undertow.servlet.handlers.security.ServletSecurityRoleHandler.handleRequest(ServletSecurityRoleHandler.java:62) ~[undertow-servlet-1.4.25.Final.jar:1.4.25.Final]
	at io.undertow.servlet.handlers.ServletChain$1.handleRequest(ServletChain.java:64) ~[undertow-servlet-1.4.25.Final.jar:1.4.25.Final]
	at io.undertow.servlet.handlers.ServletDispatchingHandler.handleRequest(ServletDispatchingHandler.java:36) ~[undertow-servlet-1.4.25.Final.jar:1.4.25.Final]
	at io.undertow.servlet.handlers.security.SSLInformationAssociationHandler.handleRequest(SSLInformationAssociationHandler.java:132) ~[undertow-servlet-1.4.25.Final.jar:1.4.25.Final]
	at io.undertow.servlet.handlers.security.ServletAuthenticationCallHandler.handleRequest(ServletAuthenticationCallHandler.java:57) ~[undertow-servlet-1.4.25.Final.jar:1.4.25.Final]
	at io.undertow.server.handlers.PredicateHandler.handleRequest(PredicateHandler.java:43) ~[undertow-core-1.4.25.Final.jar:1.4.25.Final]
	at io.undertow.security.handlers.AbstractConfidentialityHandler.handleRequest(AbstractConfidentialityHandler.java:46) ~[undertow-core-1.4.25.Final.jar:1.4.25.Final]
	at io.undertow.servlet.handlers.security.ServletConfidentialityConstraintHandler.handleRequest(ServletConfidentialityConstraintHandler.java:64) ~[undertow-servlet-1.4.25.Final.jar:1.4.25.Final]
	at io.undertow.security.handlers.AuthenticationMechanismsHandler.handleRequest(AuthenticationMechanismsHandler.java:60) ~[undertow-core-1.4.25.Final.jar:1.4.25.Final]
	at io.undertow.servlet.handlers.security.CachedAuthenticatedSessionHandler.handleRequest(CachedAuthenticatedSessionHandler.java:77) ~[undertow-servlet-1.4.25.Final.jar:1.4.25.Final]
	at io.undertow.security.handlers.AbstractSecurityContextAssociationHandler.handleRequest(AbstractSecurityContextAssociationHandler.java:43) ~[undertow-core-1.4.25.Final.jar:1.4.25.Final]
	at io.undertow.server.handlers.PredicateHandler.handleRequest(PredicateHandler.java:43) ~[undertow-core-1.4.25.Final.jar:1.4.25.Final]
	at io.undertow.server.handlers.PredicateHandler.handleRequest(PredicateHandler.java:43) ~[undertow-core-1.4.25.Final.jar:1.4.25.Final]
	at io.undertow.servlet.handlers.ServletInitialHandler.handleFirstRequest(ServletInitialHandler.java:292) [undertow-servlet-1.4.25.Final.jar:1.4.25.Final]
	at io.undertow.servlet.handlers.ServletInitialHandler.access$100(ServletInitialHandler.java:81) [undertow-servlet-1.4.25.Final.jar:1.4.25.Final]
	at io.undertow.servlet.handlers.ServletInitialHandler$2.call(ServletInitialHandler.java:138) [undertow-servlet-1.4.25.Final.jar:1.4.25.Final]
	at io.undertow.servlet.handlers.ServletInitialHandler$2.call(ServletInitialHandler.java:135) [undertow-servlet-1.4.25.Final.jar:1.4.25.Final]
	at io.undertow.servlet.core.ServletRequestContextThreadSetupAction$1.call(ServletRequestContextThreadSetupAction.java:48) [undertow-servlet-1.4.25.Final.jar:1.4.25.Final]
	at io.undertow.servlet.core.ContextClassLoaderSetupAction$1.call(ContextClassLoaderSetupAction.java:43) [undertow-servlet-1.4.25.Final.jar:1.4.25.Final]
	at io.undertow.servlet.handlers.ServletInitialHandler.dispatchRequest(ServletInitialHandler.java:272) [undertow-servlet-1.4.25.Final.jar:1.4.25.Final]
	at io.undertow.servlet.handlers.ServletInitialHandler.access$000(ServletInitialHandler.java:81) [undertow-servlet-1.4.25.Final.jar:1.4.25.Final]
	at io.undertow.servlet.handlers.ServletInitialHandler$1.handleRequest(ServletInitialHandler.java:104) [undertow-servlet-1.4.25.Final.jar:1.4.25.Final]
	at io.undertow.server.Connectors.executeRootHandler(Connectors.java:336) [undertow-core-1.4.25.Final.jar:1.4.25.Final]
	at io.undertow.server.HttpServerExchange$1.run(HttpServerExchange.java:830) [undertow-core-1.4.25.Final.jar:1.4.25.Final]
	at java.util.concurrent.ThreadPoolExecutor.runWorker(ThreadPoolExecutor.java:1149) [na:1.8.0_151]
	at java.util.concurrent.ThreadPoolExecutor$Worker.run(ThreadPoolExecutor.java:624) [na:1.8.0_151]
	at java.lang.Thread.run(Thread.java:748) [na:1.8.0_151]
2019-04-01 23:09:38.088 ERROR io.undertow.request - UT005023: Exception handling request to /zipkin/favicon.ico
java.lang.IllegalArgumentException: Prometheus requires that all meters with the same name have the same set of tag keys. There is already an existing meter containing tag keys [method, status, uri]. The meter you are attempting to register has keys [exception, method, status, uri].
	at io.micrometer.prometheus.PrometheusMeterRegistry.lambda$collectorByName$9(PrometheusMeterRegistry.java:361) ~[micrometer-registry-prometheus-1.0.6.jar:1.0.6]
	at java.util.concurrent.ConcurrentHashMap.compute(ConcurrentHashMap.java:1877) ~[na:1.8.0_151]
	at io.micrometer.prometheus.PrometheusMeterRegistry.collectorByName(PrometheusMeterRegistry.java:348) ~[micrometer-registry-prometheus-1.0.6.jar:1.0.6]
	at io.micrometer.prometheus.PrometheusMeterRegistry.newTimer(PrometheusMeterRegistry.java:160) ~[micrometer-registry-prometheus-1.0.6.jar:1.0.6]
	at io.micrometer.core.instrument.MeterRegistry.lambda$timer$2(MeterRegistry.java:257) ~[micrometer-core-1.0.6.jar:1.0.6]
	at io.micrometer.core.instrument.MeterRegistry.getOrCreateMeter(MeterRegistry.java:566) ~[micrometer-core-1.0.6.jar:1.0.6]
	at io.micrometer.core.instrument.MeterRegistry.registerMeterIfNecessary(MeterRegistry.java:528) ~[micrometer-core-1.0.6.jar:1.0.6]
	at io.micrometer.core.instrument.MeterRegistry.timer(MeterRegistry.java:255) ~[micrometer-core-1.0.6.jar:1.0.6]
	at io.micrometer.core.instrument.Timer$Builder.register(Timer.java:447) ~[micrometer-core-1.0.6.jar:1.0.6]
	at org.springframework.boot.actuate.metrics.web.servlet.WebMvcMetricsFilter.stop(WebMvcMetricsFilter.java:234) ~[spring-boot-actuator-2.0.4.RELEASE.jar:2.0.4.RELEASE]
	at org.springframework.boot.actuate.metrics.web.servlet.WebMvcMetricsFilter.record(WebMvcMetricsFilter.java:225) ~[spring-boot-actuator-2.0.4.RELEASE.jar:2.0.4.RELEASE]
	at org.springframework.boot.actuate.metrics.web.servlet.WebMvcMetricsFilter.filterAndRecordMetrics(WebMvcMetricsFilter.java:163) ~[spring-boot-actuator-2.0.4.RELEASE.jar:2.0.4.RELEASE]
	at org.springframework.boot.actuate.metrics.web.servlet.WebMvcMetricsFilter.filterAndRecordMetrics(WebMvcMetricsFilter.java:123) ~[spring-boot-actuator-2.0.4.RELEASE.jar:2.0.4.RELEASE]
	at org.springframework.boot.actuate.metrics.web.servlet.WebMvcMetricsFilter.doFilterInternal(WebMvcMetricsFilter.java:108) ~[spring-boot-actuator-2.0.4.RELEASE.jar:2.0.4.RELEASE]
	at org.springframework.web.filter.OncePerRequestFilter.doFilter(OncePerRequestFilter.java:107) ~[spring-web-5.0.8.RELEASE.jar:5.0.8.RELEASE]
	at io.undertow.servlet.core.ManagedFilter.doFilter(ManagedFilter.java:61) ~[undertow-servlet-1.4.25.Final.jar:1.4.25.Final]
	at io.undertow.servlet.handlers.FilterHandler$FilterChainImpl.doFilter(FilterHandler.java:131) ~[undertow-servlet-1.4.25.Final.jar:1.4.25.Final]
	at io.undertow.servlet.handlers.FilterHandler.handleRequest(FilterHandler.java:84) ~[undertow-servlet-1.4.25.Final.jar:1.4.25.Final]
	at io.undertow.servlet.handlers.security.ServletSecurityRoleHandler.handleRequest(ServletSecurityRoleHandler.java:62) ~[undertow-servlet-1.4.25.Final.jar:1.4.25.Final]
	at io.undertow.servlet.handlers.ServletChain$1.handleRequest(ServletChain.java:64) ~[undertow-servlet-1.4.25.Final.jar:1.4.25.Final]
	at io.undertow.servlet.handlers.ServletDispatchingHandler.handleRequest(ServletDispatchingHandler.java:36) ~[undertow-servlet-1.4.25.Final.jar:1.4.25.Final]
	at io.undertow.servlet.handlers.security.SSLInformationAssociationHandler.handleRequest(SSLInformationAssociationHandler.java:132) ~[undertow-servlet-1.4.25.Final.jar:1.4.25.Final]
	at io.undertow.servlet.handlers.security.ServletAuthenticationCallHandler.handleRequest(ServletAuthenticationCallHandler.java:57) ~[undertow-servlet-1.4.25.Final.jar:1.4.25.Final]
	at io.undertow.server.handlers.PredicateHandler.handleRequest(PredicateHandler.java:43) ~[undertow-core-1.4.25.Final.jar:1.4.25.Final]
	at io.undertow.security.handlers.AbstractConfidentialityHandler.handleRequest(AbstractConfidentialityHandler.java:46) ~[undertow-core-1.4.25.Final.jar:1.4.25.Final]
	at io.undertow.servlet.handlers.security.ServletConfidentialityConstraintHandler.handleRequest(ServletConfidentialityConstraintHandler.java:64) ~[undertow-servlet-1.4.25.Final.jar:1.4.25.Final]
	at io.undertow.security.handlers.AuthenticationMechanismsHandler.handleRequest(AuthenticationMechanismsHandler.java:60) ~[undertow-core-1.4.25.Final.jar:1.4.25.Final]
	at io.undertow.servlet.handlers.security.CachedAuthenticatedSessionHandler.handleRequest(CachedAuthenticatedSessionHandler.java:77) ~[undertow-servlet-1.4.25.Final.jar:1.4.25.Final]
	at io.undertow.security.handlers.AbstractSecurityContextAssociationHandler.handleRequest(AbstractSecurityContextAssociationHandler.java:43) ~[undertow-core-1.4.25.Final.jar:1.4.25.Final]
	at io.undertow.server.handlers.PredicateHandler.handleRequest(PredicateHandler.java:43) ~[undertow-core-1.4.25.Final.jar:1.4.25.Final]
	at io.undertow.server.handlers.PredicateHandler.handleRequest(PredicateHandler.java:43) ~[undertow-core-1.4.25.Final.jar:1.4.25.Final]
	at io.undertow.servlet.handlers.ServletInitialHandler.handleFirstRequest(ServletInitialHandler.java:292) [undertow-servlet-1.4.25.Final.jar:1.4.25.Final]
	at io.undertow.servlet.handlers.ServletInitialHandler.access$100(ServletInitialHandler.java:81) [undertow-servlet-1.4.25.Final.jar:1.4.25.Final]
	at io.undertow.servlet.handlers.ServletInitialHandler$2.call(ServletInitialHandler.java:138) [undertow-servlet-1.4.25.Final.jar:1.4.25.Final]
	at io.undertow.servlet.handlers.ServletInitialHandler$2.call(ServletInitialHandler.java:135) [undertow-servlet-1.4.25.Final.jar:1.4.25.Final]
	at io.undertow.servlet.core.ServletRequestContextThreadSetupAction$1.call(ServletRequestContextThreadSetupAction.java:48) [undertow-servlet-1.4.25.Final.jar:1.4.25.Final]
	at io.undertow.servlet.core.ContextClassLoaderSetupAction$1.call(ContextClassLoaderSetupAction.java:43) [undertow-servlet-1.4.25.Final.jar:1.4.25.Final]
	at io.undertow.servlet.handlers.ServletInitialHandler.dispatchRequest(ServletInitialHandler.java:272) [undertow-servlet-1.4.25.Final.jar:1.4.25.Final]
	at io.undertow.servlet.handlers.ServletInitialHandler.access$000(ServletInitialHandler.java:81) [undertow-servlet-1.4.25.Final.jar:1.4.25.Final]
	at io.undertow.servlet.handlers.ServletInitialHandler$1.handleRequest(ServletInitialHandler.java:104) [undertow-servlet-1.4.25.Final.jar:1.4.25.Final]
	at io.undertow.server.Connectors.executeRootHandler(Connectors.java:336) [undertow-core-1.4.25.Final.jar:1.4.25.Final]
	at io.undertow.server.HttpServerExchange$1.run(HttpServerExchange.java:830) [undertow-core-1.4.25.Final.jar:1.4.25.Final]
	at java.util.concurrent.ThreadPoolExecutor.runWorker(ThreadPoolExecutor.java:1149) [na:1.8.0_151]
	at java.util.concurrent.ThreadPoolExecutor$Worker.run(ThreadPoolExecutor.java:624) [na:1.8.0_151]
	at java.lang.Thread.run(Thread.java:748) [na:1.8.0_151]
2019-04-01 23:09:38.104 ERROR io.undertow.request - UT005023: Exception handling request to /api/v2/dependencies
java.lang.IllegalArgumentException: Prometheus requires that all meters with the same name have the same set of tag keys. There is already an existing meter containing tag keys [method, status, uri]. The meter you are attempting to register has keys [exception, method, status, uri].
	at io.micrometer.prometheus.PrometheusMeterRegistry.lambda$collectorByName$9(PrometheusMeterRegistry.java:361) ~[micrometer-registry-prometheus-1.0.6.jar:1.0.6]
	at java.util.concurrent.ConcurrentHashMap.compute(ConcurrentHashMap.java:1877) ~[na:1.8.0_151]
	at io.micrometer.prometheus.PrometheusMeterRegistry.collectorByName(PrometheusMeterRegistry.java:348) ~[micrometer-registry-prometheus-1.0.6.jar:1.0.6]
	at io.micrometer.prometheus.PrometheusMeterRegistry.newTimer(PrometheusMeterRegistry.java:160) ~[micrometer-registry-prometheus-1.0.6.jar:1.0.6]
	at io.micrometer.core.instrument.MeterRegistry.lambda$timer$2(MeterRegistry.java:257) ~[micrometer-core-1.0.6.jar:1.0.6]
	at io.micrometer.core.instrument.MeterRegistry.getOrCreateMeter(MeterRegistry.java:566) ~[micrometer-core-1.0.6.jar:1.0.6]
	at io.micrometer.core.instrument.MeterRegistry.registerMeterIfNecessary(MeterRegistry.java:528) ~[micrometer-core-1.0.6.jar:1.0.6]
	at io.micrometer.core.instrument.MeterRegistry.timer(MeterRegistry.java:255) ~[micrometer-core-1.0.6.jar:1.0.6]
	at io.micrometer.core.instrument.Timer$Builder.register(Timer.java:447) ~[micrometer-core-1.0.6.jar:1.0.6]
	at org.springframework.boot.actuate.metrics.web.servlet.WebMvcMetricsFilter.stop(WebMvcMetricsFilter.java:234) ~[spring-boot-actuator-2.0.4.RELEASE.jar:2.0.4.RELEASE]
	at org.springframework.boot.actuate.metrics.web.servlet.WebMvcMetricsFilter.record(WebMvcMetricsFilter.java:225) ~[spring-boot-actuator-2.0.4.RELEASE.jar:2.0.4.RELEASE]
	at org.springframework.boot.actuate.metrics.web.servlet.WebMvcMetricsFilter.filterAndRecordMetrics(WebMvcMetricsFilter.java:163) ~[spring-boot-actuator-2.0.4.RELEASE.jar:2.0.4.RELEASE]
	at org.springframework.boot.actuate.metrics.web.servlet.WebMvcMetricsFilter.filterAndRecordMetrics(WebMvcMetricsFilter.java:123) ~[spring-boot-actuator-2.0.4.RELEASE.jar:2.0.4.RELEASE]
	at org.springframework.boot.actuate.metrics.web.servlet.WebMvcMetricsFilter.doFilterInternal(WebMvcMetricsFilter.java:108) ~[spring-boot-actuator-2.0.4.RELEASE.jar:2.0.4.RELEASE]
	at org.springframework.web.filter.OncePerRequestFilter.doFilter(OncePerRequestFilter.java:107) ~[spring-web-5.0.8.RELEASE.jar:5.0.8.RELEASE]
	at io.undertow.servlet.core.ManagedFilter.doFilter(ManagedFilter.java:61) ~[undertow-servlet-1.4.25.Final.jar:1.4.25.Final]
	at io.undertow.servlet.handlers.FilterHandler$FilterChainImpl.doFilter(FilterHandler.java:131) ~[undertow-servlet-1.4.25.Final.jar:1.4.25.Final]
	at io.undertow.servlet.handlers.FilterHandler.handleRequest(FilterHandler.java:84) ~[undertow-servlet-1.4.25.Final.jar:1.4.25.Final]
	at io.undertow.servlet.handlers.security.ServletSecurityRoleHandler.handleRequest(ServletSecurityRoleHandler.java:62) ~[undertow-servlet-1.4.25.Final.jar:1.4.25.Final]
	at io.undertow.servlet.handlers.ServletChain$1.handleRequest(ServletChain.java:64) ~[undertow-servlet-1.4.25.Final.jar:1.4.25.Final]
	at io.undertow.servlet.handlers.ServletDispatchingHandler.handleRequest(ServletDispatchingHandler.java:36) ~[undertow-servlet-1.4.25.Final.jar:1.4.25.Final]
	at io.undertow.servlet.handlers.security.SSLInformationAssociationHandler.handleRequest(SSLInformationAssociationHandler.java:132) ~[undertow-servlet-1.4.25.Final.jar:1.4.25.Final]
	at io.undertow.servlet.handlers.security.ServletAuthenticationCallHandler.handleRequest(ServletAuthenticationCallHandler.java:57) ~[undertow-servlet-1.4.25.Final.jar:1.4.25.Final]
	at io.undertow.server.handlers.PredicateHandler.handleRequest(PredicateHandler.java:43) ~[undertow-core-1.4.25.Final.jar:1.4.25.Final]
	at io.undertow.security.handlers.AbstractConfidentialityHandler.handleRequest(AbstractConfidentialityHandler.java:46) ~[undertow-core-1.4.25.Final.jar:1.4.25.Final]
	at io.undertow.servlet.handlers.security.ServletConfidentialityConstraintHandler.handleRequest(ServletConfidentialityConstraintHandler.java:64) ~[undertow-servlet-1.4.25.Final.jar:1.4.25.Final]
	at io.undertow.security.handlers.AuthenticationMechanismsHandler.handleRequest(AuthenticationMechanismsHandler.java:60) ~[undertow-core-1.4.25.Final.jar:1.4.25.Final]
	at io.undertow.servlet.handlers.security.CachedAuthenticatedSessionHandler.handleRequest(CachedAuthenticatedSessionHandler.java:77) ~[undertow-servlet-1.4.25.Final.jar:1.4.25.Final]
	at io.undertow.security.handlers.AbstractSecurityContextAssociationHandler.handleRequest(AbstractSecurityContextAssociationHandler.java:43) ~[undertow-core-1.4.25.Final.jar:1.4.25.Final]
	at io.undertow.server.handlers.PredicateHandler.handleRequest(PredicateHandler.java:43) ~[undertow-core-1.4.25.Final.jar:1.4.25.Final]
	at io.undertow.server.handlers.PredicateHandler.handleRequest(PredicateHandler.java:43) ~[undertow-core-1.4.25.Final.jar:1.4.25.Final]
	at io.undertow.servlet.handlers.ServletInitialHandler.handleFirstRequest(ServletInitialHandler.java:292) [undertow-servlet-1.4.25.Final.jar:1.4.25.Final]
	at io.undertow.servlet.handlers.ServletInitialHandler.access$100(ServletInitialHandler.java:81) [undertow-servlet-1.4.25.Final.jar:1.4.25.Final]
	at io.undertow.servlet.handlers.ServletInitialHandler$2.call(ServletInitialHandler.java:138) [undertow-servlet-1.4.25.Final.jar:1.4.25.Final]
	at io.undertow.servlet.handlers.ServletInitialHandler$2.call(ServletInitialHandler.java:135) [undertow-servlet-1.4.25.Final.jar:1.4.25.Final]
	at io.undertow.servlet.core.ServletRequestContextThreadSetupAction$1.call(ServletRequestContextThreadSetupAction.java:48) [undertow-servlet-1.4.25.Final.jar:1.4.25.Final]
	at io.undertow.servlet.core.ContextClassLoaderSetupAction$1.call(ContextClassLoaderSetupAction.java:43) [undertow-servlet-1.4.25.Final.jar:1.4.25.Final]
	at io.undertow.servlet.handlers.ServletInitialHandler.dispatchRequest(ServletInitialHandler.java:272) [undertow-servlet-1.4.25.Final.jar:1.4.25.Final]
	at io.undertow.servlet.handlers.ServletInitialHandler.access$000(ServletInitialHandler.java:81) [undertow-servlet-1.4.25.Final.jar:1.4.25.Final]
	at io.undertow.servlet.handlers.ServletInitialHandler$1.handleRequest(ServletInitialHandler.java:104) [undertow-servlet-1.4.25.Final.jar:1.4.25.Final]
	at io.undertow.server.Connectors.executeRootHandler(Connectors.java:336) [undertow-core-1.4.25.Final.jar:1.4.25.Final]
	at io.undertow.server.HttpServerExchange$1.run(HttpServerExchange.java:830) [undertow-core-1.4.25.Final.jar:1.4.25.Final]
	at java.util.concurrent.ThreadPoolExecutor.runWorker(ThreadPoolExecutor.java:1149) [na:1.8.0_151]
	at java.util.concurrent.ThreadPoolExecutor$Worker.run(ThreadPoolExecutor.java:624) [na:1.8.0_151]
	at java.lang.Thread.run(Thread.java:748) [na:1.8.0_151]
2019-04-01 23:09:38.113 ERROR io.undertow.request - UT005023: Exception handling request to /zipkin/nav_zh.properties
java.lang.IllegalArgumentException: Prometheus requires that all meters with the same name have the same set of tag keys. There is already an existing meter containing tag keys [method, status, uri]. The meter you are attempting to register has keys [exception, method, status, uri].
	at io.micrometer.prometheus.PrometheusMeterRegistry.lambda$collectorByName$9(PrometheusMeterRegistry.java:361) ~[micrometer-registry-prometheus-1.0.6.jar:1.0.6]
	at java.util.concurrent.ConcurrentHashMap.compute(ConcurrentHashMap.java:1877) ~[na:1.8.0_151]
	at io.micrometer.prometheus.PrometheusMeterRegistry.collectorByName(PrometheusMeterRegistry.java:348) ~[micrometer-registry-prometheus-1.0.6.jar:1.0.6]
	at io.micrometer.prometheus.PrometheusMeterRegistry.newTimer(PrometheusMeterRegistry.java:160) ~[micrometer-registry-prometheus-1.0.6.jar:1.0.6]
	at io.micrometer.core.instrument.MeterRegistry.lambda$timer$2(MeterRegistry.java:257) ~[micrometer-core-1.0.6.jar:1.0.6]
	at io.micrometer.core.instrument.MeterRegistry.getOrCreateMeter(MeterRegistry.java:566) ~[micrometer-core-1.0.6.jar:1.0.6]
	at io.micrometer.core.instrument.MeterRegistry.registerMeterIfNecessary(MeterRegistry.java:528) ~[micrometer-core-1.0.6.jar:1.0.6]
	at io.micrometer.core.instrument.MeterRegistry.timer(MeterRegistry.java:255) ~[micrometer-core-1.0.6.jar:1.0.6]
	at io.micrometer.core.instrument.Timer$Builder.register(Timer.java:447) ~[micrometer-core-1.0.6.jar:1.0.6]
	at org.springframework.boot.actuate.metrics.web.servlet.WebMvcMetricsFilter.stop(WebMvcMetricsFilter.java:234) ~[spring-boot-actuator-2.0.4.RELEASE.jar:2.0.4.RELEASE]
	at org.springframework.boot.actuate.metrics.web.servlet.WebMvcMetricsFilter.record(WebMvcMetricsFilter.java:225) ~[spring-boot-actuator-2.0.4.RELEASE.jar:2.0.4.RELEASE]
	at org.springframework.boot.actuate.metrics.web.servlet.WebMvcMetricsFilter.filterAndRecordMetrics(WebMvcMetricsFilter.java:163) ~[spring-boot-actuator-2.0.4.RELEASE.jar:2.0.4.RELEASE]
	at org.springframework.boot.actuate.metrics.web.servlet.WebMvcMetricsFilter.filterAndRecordMetrics(WebMvcMetricsFilter.java:123) ~[spring-boot-actuator-2.0.4.RELEASE.jar:2.0.4.RELEASE]
	at org.springframework.boot.actuate.metrics.web.servlet.WebMvcMetricsFilter.doFilterInternal(WebMvcMetricsFilter.java:108) ~[spring-boot-actuator-2.0.4.RELEASE.jar:2.0.4.RELEASE]
	at org.springframework.web.filter.OncePerRequestFilter.doFilter(OncePerRequestFilter.java:107) ~[spring-web-5.0.8.RELEASE.jar:5.0.8.RELEASE]
	at io.undertow.servlet.core.ManagedFilter.doFilter(ManagedFilter.java:61) ~[undertow-servlet-1.4.25.Final.jar:1.4.25.Final]
	at io.undertow.servlet.handlers.FilterHandler$FilterChainImpl.doFilter(FilterHandler.java:131) ~[undertow-servlet-1.4.25.Final.jar:1.4.25.Final]
	at io.undertow.servlet.handlers.FilterHandler.handleRequest(FilterHandler.java:84) ~[undertow-servlet-1.4.25.Final.jar:1.4.25.Final]
	at io.undertow.servlet.handlers.security.ServletSecurityRoleHandler.handleRequest(ServletSecurityRoleHandler.java:62) ~[undertow-servlet-1.4.25.Final.jar:1.4.25.Final]
	at io.undertow.servlet.handlers.ServletChain$1.handleRequest(ServletChain.java:64) ~[undertow-servlet-1.4.25.Final.jar:1.4.25.Final]
	at io.undertow.servlet.handlers.ServletDispatchingHandler.handleRequest(ServletDispatchingHandler.java:36) ~[undertow-servlet-1.4.25.Final.jar:1.4.25.Final]
	at io.undertow.servlet.handlers.security.SSLInformationAssociationHandler.handleRequest(SSLInformationAssociationHandler.java:132) ~[undertow-servlet-1.4.25.Final.jar:1.4.25.Final]
	at io.undertow.servlet.handlers.security.ServletAuthenticationCallHandler.handleRequest(ServletAuthenticationCallHandler.java:57) ~[undertow-servlet-1.4.25.Final.jar:1.4.25.Final]
	at io.undertow.server.handlers.PredicateHandler.handleRequest(PredicateHandler.java:43) ~[undertow-core-1.4.25.Final.jar:1.4.25.Final]
	at io.undertow.security.handlers.AbstractConfidentialityHandler.handleRequest(AbstractConfidentialityHandler.java:46) ~[undertow-core-1.4.25.Final.jar:1.4.25.Final]
	at io.undertow.servlet.handlers.security.ServletConfidentialityConstraintHandler.handleRequest(ServletConfidentialityConstraintHandler.java:64) ~[undertow-servlet-1.4.25.Final.jar:1.4.25.Final]
	at io.undertow.security.handlers.AuthenticationMechanismsHandler.handleRequest(AuthenticationMechanismsHandler.java:60) ~[undertow-core-1.4.25.Final.jar:1.4.25.Final]
	at io.undertow.servlet.handlers.security.CachedAuthenticatedSessionHandler.handleRequest(CachedAuthenticatedSessionHandler.java:77) ~[undertow-servlet-1.4.25.Final.jar:1.4.25.Final]
	at io.undertow.security.handlers.AbstractSecurityContextAssociationHandler.handleRequest(AbstractSecurityContextAssociationHandler.java:43) ~[undertow-core-1.4.25.Final.jar:1.4.25.Final]
	at io.undertow.server.handlers.PredicateHandler.handleRequest(PredicateHandler.java:43) ~[undertow-core-1.4.25.Final.jar:1.4.25.Final]
	at io.undertow.server.handlers.PredicateHandler.handleRequest(PredicateHandler.java:43) ~[undertow-core-1.4.25.Final.jar:1.4.25.Final]
	at io.undertow.servlet.handlers.ServletInitialHandler.handleFirstRequest(ServletInitialHandler.java:292) [undertow-servlet-1.4.25.Final.jar:1.4.25.Final]
	at io.undertow.servlet.handlers.ServletInitialHandler.access$100(ServletInitialHandler.java:81) [undertow-servlet-1.4.25.Final.jar:1.4.25.Final]
	at io.undertow.servlet.handlers.ServletInitialHandler$2.call(ServletInitialHandler.java:138) [undertow-servlet-1.4.25.Final.jar:1.4.25.Final]
	at io.undertow.servlet.handlers.ServletInitialHandler$2.call(ServletInitialHandler.java:135) [undertow-servlet-1.4.25.Final.jar:1.4.25.Final]
	at io.undertow.servlet.core.ServletRequestContextThreadSetupAction$1.call(ServletRequestContextThreadSetupAction.java:48) [undertow-servlet-1.4.25.Final.jar:1.4.25.Final]
	at io.undertow.servlet.core.ContextClassLoaderSetupAction$1.call(ContextClassLoaderSetupAction.java:43) [undertow-servlet-1.4.25.Final.jar:1.4.25.Final]
	at io.undertow.servlet.handlers.ServletInitialHandler.dispatchRequest(ServletInitialHandler.java:272) [undertow-servlet-1.4.25.Final.jar:1.4.25.Final]
	at io.undertow.servlet.handlers.ServletInitialHandler.access$000(ServletInitialHandler.java:81) [undertow-servlet-1.4.25.Final.jar:1.4.25.Final]
	at io.undertow.servlet.handlers.ServletInitialHandler$1.handleRequest(ServletInitialHandler.java:104) [undertow-servlet-1.4.25.Final.jar:1.4.25.Final]
	at io.undertow.server.Connectors.executeRootHandler(Connectors.java:336) [undertow-core-1.4.25.Final.jar:1.4.25.Final]
	at io.undertow.server.HttpServerExchange$1.run(HttpServerExchange.java:830) [undertow-core-1.4.25.Final.jar:1.4.25.Final]
	at java.util.concurrent.ThreadPoolExecutor.runWorker(ThreadPoolExecutor.java:1149) [na:1.8.0_151]
	at java.util.concurrent.ThreadPoolExecutor$Worker.run(ThreadPoolExecutor.java:624) [na:1.8.0_151]
	at java.lang.Thread.run(Thread.java:748) [na:1.8.0_151]
2019-04-01 23:09:38.125 ERROR io.undertow.request - UT005023: Exception handling request to /zipkin/dep_zh.properties
java.lang.IllegalArgumentException: Prometheus requires that all meters with the same name have the same set of tag keys. There is already an existing meter containing tag keys [method, status, uri]. The meter you are attempting to register has keys [exception, method, status, uri].
	at io.micrometer.prometheus.PrometheusMeterRegistry.lambda$collectorByName$9(PrometheusMeterRegistry.java:361) ~[micrometer-registry-prometheus-1.0.6.jar:1.0.6]
	at java.util.concurrent.ConcurrentHashMap.compute(ConcurrentHashMap.java:1877) ~[na:1.8.0_151]
	at io.micrometer.prometheus.PrometheusMeterRegistry.collectorByName(PrometheusMeterRegistry.java:348) ~[micrometer-registry-prometheus-1.0.6.jar:1.0.6]
	at io.micrometer.prometheus.PrometheusMeterRegistry.newTimer(PrometheusMeterRegistry.java:160) ~[micrometer-registry-prometheus-1.0.6.jar:1.0.6]
	at io.micrometer.core.instrument.MeterRegistry.lambda$timer$2(MeterRegistry.java:257) ~[micrometer-core-1.0.6.jar:1.0.6]
	at io.micrometer.core.instrument.MeterRegistry.getOrCreateMeter(MeterRegistry.java:566) ~[micrometer-core-1.0.6.jar:1.0.6]
	at io.micrometer.core.instrument.MeterRegistry.registerMeterIfNecessary(MeterRegistry.java:528) ~[micrometer-core-1.0.6.jar:1.0.6]
	at io.micrometer.core.instrument.MeterRegistry.timer(MeterRegistry.java:255) ~[micrometer-core-1.0.6.jar:1.0.6]
	at io.micrometer.core.instrument.Timer$Builder.register(Timer.java:447) ~[micrometer-core-1.0.6.jar:1.0.6]
	at org.springframework.boot.actuate.metrics.web.servlet.WebMvcMetricsFilter.stop(WebMvcMetricsFilter.java:234) ~[spring-boot-actuator-2.0.4.RELEASE.jar:2.0.4.RELEASE]
	at org.springframework.boot.actuate.metrics.web.servlet.WebMvcMetricsFilter.record(WebMvcMetricsFilter.java:225) ~[spring-boot-actuator-2.0.4.RELEASE.jar:2.0.4.RELEASE]
	at org.springframework.boot.actuate.metrics.web.servlet.WebMvcMetricsFilter.filterAndRecordMetrics(WebMvcMetricsFilter.java:163) ~[spring-boot-actuator-2.0.4.RELEASE.jar:2.0.4.RELEASE]
	at org.springframework.boot.actuate.metrics.web.servlet.WebMvcMetricsFilter.filterAndRecordMetrics(WebMvcMetricsFilter.java:123) ~[spring-boot-actuator-2.0.4.RELEASE.jar:2.0.4.RELEASE]
	at org.springframework.boot.actuate.metrics.web.servlet.WebMvcMetricsFilter.doFilterInternal(WebMvcMetricsFilter.java:108) ~[spring-boot-actuator-2.0.4.RELEASE.jar:2.0.4.RELEASE]
	at org.springframework.web.filter.OncePerRequestFilter.doFilter(OncePerRequestFilter.java:107) ~[spring-web-5.0.8.RELEASE.jar:5.0.8.RELEASE]
	at io.undertow.servlet.core.ManagedFilter.doFilter(ManagedFilter.java:61) ~[undertow-servlet-1.4.25.Final.jar:1.4.25.Final]
	at io.undertow.servlet.handlers.FilterHandler$FilterChainImpl.doFilter(FilterHandler.java:131) ~[undertow-servlet-1.4.25.Final.jar:1.4.25.Final]
	at io.undertow.servlet.handlers.FilterHandler.handleRequest(FilterHandler.java:84) ~[undertow-servlet-1.4.25.Final.jar:1.4.25.Final]
	at io.undertow.servlet.handlers.security.ServletSecurityRoleHandler.handleRequest(ServletSecurityRoleHandler.java:62) ~[undertow-servlet-1.4.25.Final.jar:1.4.25.Final]
	at io.undertow.servlet.handlers.ServletChain$1.handleRequest(ServletChain.java:64) ~[undertow-servlet-1.4.25.Final.jar:1.4.25.Final]
	at io.undertow.servlet.handlers.ServletDispatchingHandler.handleRequest(ServletDispatchingHandler.java:36) ~[undertow-servlet-1.4.25.Final.jar:1.4.25.Final]
	at io.undertow.servlet.handlers.security.SSLInformationAssociationHandler.handleRequest(SSLInformationAssociationHandler.java:132) ~[undertow-servlet-1.4.25.Final.jar:1.4.25.Final]
	at io.undertow.servlet.handlers.security.ServletAuthenticationCallHandler.handleRequest(ServletAuthenticationCallHandler.java:57) ~[undertow-servlet-1.4.25.Final.jar:1.4.25.Final]
	at io.undertow.server.handlers.PredicateHandler.handleRequest(PredicateHandler.java:43) ~[undertow-core-1.4.25.Final.jar:1.4.25.Final]
	at io.undertow.security.handlers.AbstractConfidentialityHandler.handleRequest(AbstractConfidentialityHandler.java:46) ~[undertow-core-1.4.25.Final.jar:1.4.25.Final]
	at io.undertow.servlet.handlers.security.ServletConfidentialityConstraintHandler.handleRequest(ServletConfidentialityConstraintHandler.java:64) ~[undertow-servlet-1.4.25.Final.jar:1.4.25.Final]
	at io.undertow.security.handlers.AuthenticationMechanismsHandler.handleRequest(AuthenticationMechanismsHandler.java:60) ~[undertow-core-1.4.25.Final.jar:1.4.25.Final]
	at io.undertow.servlet.handlers.security.CachedAuthenticatedSessionHandler.handleRequest(CachedAuthenticatedSessionHandler.java:77) ~[undertow-servlet-1.4.25.Final.jar:1.4.25.Final]
	at io.undertow.security.handlers.AbstractSecurityContextAssociationHandler.handleRequest(AbstractSecurityContextAssociationHandler.java:43) ~[undertow-core-1.4.25.Final.jar:1.4.25.Final]
	at io.undertow.server.handlers.PredicateHandler.handleRequest(PredicateHandler.java:43) ~[undertow-core-1.4.25.Final.jar:1.4.25.Final]
	at io.undertow.server.handlers.PredicateHandler.handleRequest(PredicateHandler.java:43) ~[undertow-core-1.4.25.Final.jar:1.4.25.Final]
	at io.undertow.servlet.handlers.ServletInitialHandler.handleFirstRequest(ServletInitialHandler.java:292) [undertow-servlet-1.4.25.Final.jar:1.4.25.Final]
	at io.undertow.servlet.handlers.ServletInitialHandler.access$100(ServletInitialHandler.java:81) [undertow-servlet-1.4.25.Final.jar:1.4.25.Final]
	at io.undertow.servlet.handlers.ServletInitialHandler$2.call(ServletInitialHandler.java:138) [undertow-servlet-1.4.25.Final.jar:1.4.25.Final]
	at io.undertow.servlet.handlers.ServletInitialHandler$2.call(ServletInitialHandler.java:135) [undertow-servlet-1.4.25.Final.jar:1.4.25.Final]
	at io.undertow.servlet.core.ServletRequestContextThreadSetupAction$1.call(ServletRequestContextThreadSetupAction.java:48) [undertow-servlet-1.4.25.Final.jar:1.4.25.Final]
	at io.undertow.servlet.core.ContextClassLoaderSetupAction$1.call(ContextClassLoaderSetupAction.java:43) [undertow-servlet-1.4.25.Final.jar:1.4.25.Final]
	at io.undertow.servlet.handlers.ServletInitialHandler.dispatchRequest(ServletInitialHandler.java:272) [undertow-servlet-1.4.25.Final.jar:1.4.25.Final]
	at io.undertow.servlet.handlers.ServletInitialHandler.access$000(ServletInitialHandler.java:81) [undertow-servlet-1.4.25.Final.jar:1.4.25.Final]
	at io.undertow.servlet.handlers.ServletInitialHandler$1.handleRequest(ServletInitialHandler.java:104) [undertow-servlet-1.4.25.Final.jar:1.4.25.Final]
	at io.undertow.server.Connectors.executeRootHandler(Connectors.java:336) [undertow-core-1.4.25.Final.jar:1.4.25.Final]
	at io.undertow.server.HttpServerExchange$1.run(HttpServerExchange.java:830) [undertow-core-1.4.25.Final.jar:1.4.25.Final]
	at java.util.concurrent.ThreadPoolExecutor.runWorker(ThreadPoolExecutor.java:1149) [na:1.8.0_151]
	at java.util.concurrent.ThreadPoolExecutor$Worker.run(ThreadPoolExecutor.java:624) [na:1.8.0_151]
	at java.lang.Thread.run(Thread.java:748) [na:1.8.0_151]
