2019-04-16 21:02:04.509 INFO  org.springframework.context.annotation.AnnotationConfigApplicationContext - Refreshing org.springframework.context.annotation.AnnotationConfigApplicationContext@f79e: startup date [Tue Apr 16 21:02:04 CST 2019]; root of context hierarchy
2019-04-16 21:02:04.621 INFO  org.springframework.beans.factory.annotation.AutowiredAnnotationBeanPostProcessor - JSR-330 'javax.inject.Inject' annotation found and supported for autowiring
2019-04-16 21:02:04.640 INFO  org.springframework.context.support.PostProcessorRegistrationDelegate$BeanPostProcessorChecker - Bean 'configurationPropertiesRebinderAutoConfiguration' of type [org.springframework.cloud.autoconfigure.ConfigurationPropertiesRebinderAutoConfiguration$$EnhancerBySpringCGLIB$$ca781b2d] is not eligible for getting processed by all BeanPostProcessors (for example: not eligible for auto-proxying)
2019-04-16 21:02:04.858 INFO  cn.intellif.server.zipkin.ServerZipkinApplication - No active profile set, falling back to default profiles: default
2019-04-16 21:02:04.868 INFO  org.springframework.boot.web.servlet.context.AnnotationConfigServletWebServerApplicationContext - Refreshing org.springframework.boot.web.servlet.context.AnnotationConfigServletWebServerApplicationContext@babafc2: startup date [Tue Apr 16 21:02:04 CST 2019]; parent: org.springframework.context.annotation.AnnotationConfigApplicationContext@f79e
2019-04-16 21:02:05.394 INFO  org.springframework.beans.factory.support.DefaultListableBeanFactory - Overriding bean definition for bean 'characterEncodingFilter' with a different definition: replacing [Root bean: class [null]; scope=; abstract=false; lazyInit=false; autowireMode=3; dependencyCheck=0; autowireCandidate=true; primary=false; factoryBeanName=org.springframework.boot.autoconfigure.web.servlet.HttpEncodingAutoConfiguration; factoryMethodName=characterEncodingFilter; initMethodName=null; destroyMethodName=(inferred); defined in class path resource [org/springframework/boot/autoconfigure/web/servlet/HttpEncodingAutoConfiguration.class]] with [Root bean: class [null]; scope=; abstract=false; lazyInit=false; autowireMode=3; dependencyCheck=0; autowireCandidate=true; primary=false; factoryBeanName=zipkin2.autoconfigure.ui.ZipkinUiAutoConfiguration; factoryMethodName=characterEncodingFilter; initMethodName=null; destroyMethodName=(inferred); defined in class path resource [zipkin2/autoconfigure/ui/ZipkinUiAutoConfiguration.class]]
2019-04-16 21:02:05.537 INFO  org.springframework.cloud.context.scope.GenericScope - BeanFactory id=9b449230-c17a-3ea6-beb6-6695a278e52a
2019-04-16 21:02:05.550 INFO  org.springframework.beans.factory.annotation.AutowiredAnnotationBeanPostProcessor - JSR-330 'javax.inject.Inject' annotation found and supported for autowiring
2019-04-16 21:02:05.710 INFO  org.springframework.context.support.PostProcessorRegistrationDelegate$BeanPostProcessorChecker - Bean 'org.springframework.cloud.autoconfigure.ConfigurationPropertiesRebinderAutoConfiguration' of type [org.springframework.cloud.autoconfigure.ConfigurationPropertiesRebinderAutoConfiguration$$EnhancerBySpringCGLIB$$ca781b2d] is not eligible for getting processed by all BeanPostProcessors (for example: not eligible for auto-proxying)
2019-04-16 21:02:05.925 INFO  com.netflix.config.sources.URLConfigurationSource - To enable URLs as dynamic configuration sources, define System property archaius.configurationSource.additionalUrls or make config.properties available on classpath.
2019-04-16 21:02:05.930 INFO  com.netflix.config.DynamicPropertyFactory - DynamicPropertyFactory is initialized with configuration sources: com.netflix.config.ConcurrentCompositeConfiguration@3a26ec8d
2019-04-16 21:02:06.264 INFO  io.undertow.servlet - Initializing Spring embedded WebApplicationContext
2019-04-16 21:02:06.265 INFO  org.springframework.web.context.ContextLoader - Root WebApplicationContext: initialization completed in 1397 ms
2019-04-16 21:02:07.608 INFO  org.springframework.boot.web.servlet.FilterRegistrationBean - Mapping filter: 'webMvcMetricsFilter' to: [/*]
2019-04-16 21:02:07.609 INFO  org.springframework.boot.web.servlet.FilterRegistrationBean - Mapping filter: 'tracingFilter' to: [/*]
2019-04-16 21:02:07.609 INFO  org.springframework.boot.web.servlet.FilterRegistrationBean - Mapping filter: 'exceptionLoggingFilter' to: [/*]
2019-04-16 21:02:07.609 INFO  org.springframework.boot.web.servlet.FilterRegistrationBean - Mapping filter: 'hiddenHttpMethodFilter' to: [/*]
2019-04-16 21:02:07.609 INFO  org.springframework.boot.web.servlet.FilterRegistrationBean - Mapping filter: 'httpPutFormContentFilter' to: [/*]
2019-04-16 21:02:07.609 INFO  org.springframework.boot.web.servlet.FilterRegistrationBean - Mapping filter: 'requestContextFilter' to: [/*]
2019-04-16 21:02:07.609 INFO  org.springframework.boot.web.servlet.FilterRegistrationBean - Mapping filter: 'httpTraceFilter' to: [/*]
2019-04-16 21:02:07.609 INFO  org.springframework.boot.web.servlet.FilterRegistrationBean - Mapping filter: 'characterEncodingFilter' to: [/*]
2019-04-16 21:02:07.609 INFO  org.springframework.boot.web.servlet.ServletRegistrationBean - Servlet dispatcherServlet mapped to [/]
2019-04-16 21:02:07.611 INFO  org.springframework.boot.actuate.endpoint.web.ServletEndpointRegistrar - Registered '/actuator/jolokia' to jolokia-actuator-endpoint
2019-04-16 21:02:07.679 INFO  com.netflix.config.sources.URLConfigurationSource - To enable URLs as dynamic configuration sources, define System property archaius.configurationSource.additionalUrls or make config.properties available on classpath.
2019-04-16 21:02:07.769 INFO  org.springframework.web.servlet.handler.SimpleUrlHandlerMapping - Mapped URL path [/**/favicon.ico] onto handler of type [class org.springframework.web.servlet.resource.ResourceHttpRequestHandler]
2019-04-16 21:02:08.075 INFO  org.springframework.web.servlet.mvc.method.annotation.RequestMappingHandlerAdapter - Looking for @ControllerAdvice: org.springframework.boot.web.servlet.context.AnnotationConfigServletWebServerApplicationContext@babafc2: startup date [Tue Apr 16 21:02:04 CST 2019]; parent: org.springframework.context.annotation.AnnotationConfigApplicationContext@f79e
2019-04-16 21:02:08.141 INFO  org.springframework.web.servlet.mvc.method.annotation.RequestMappingHandlerMapping - Mapped "{[/api/v2/dependencies],methods=[GET],produces=[application/json]}" onto public byte[] zipkin2.server.internal.ZipkinQueryApiV2.getDependencies(long,java.lang.Long) throws java.io.IOException
2019-04-16 21:02:08.142 INFO  org.springframework.web.servlet.mvc.method.annotation.RequestMappingHandlerMapping - Mapped "{[/api/v2/services],methods=[GET]}" onto public org.springframework.http.ResponseEntity<java.util.List<java.lang.String>> zipkin2.server.internal.ZipkinQueryApiV2.getServiceNames() throws java.io.IOException
2019-04-16 21:02:08.143 INFO  org.springframework.web.servlet.mvc.method.annotation.RequestMappingHandlerMapping - Mapped "{[/api/v2/spans],methods=[GET]}" onto public org.springframework.http.ResponseEntity<java.util.List<java.lang.String>> zipkin2.server.internal.ZipkinQueryApiV2.getSpanNames(java.lang.String) throws java.io.IOException
2019-04-16 21:02:08.143 INFO  org.springframework.web.servlet.mvc.method.annotation.RequestMappingHandlerMapping - Mapped "{[/api/v2/traces],methods=[GET],produces=[application/json]}" onto public java.lang.String zipkin2.server.internal.ZipkinQueryApiV2.getTraces(java.lang.String,java.lang.String,java.lang.String,java.lang.Long,java.lang.Long,java.lang.Long,java.lang.Long,int) throws java.io.IOException
2019-04-16 21:02:08.143 INFO  org.springframework.web.servlet.mvc.method.annotation.RequestMappingHandlerMapping - Mapped "{[/api/v2/trace/{traceIdHex}],methods=[GET],produces=[application/json]}" onto public java.lang.String zipkin2.server.internal.ZipkinQueryApiV2.getTrace(java.lang.String,org.springframework.web.context.request.WebRequest) throws java.io.IOException
2019-04-16 21:02:08.144 INFO  org.springframework.web.servlet.mvc.method.annotation.RequestMappingHandlerMapping - Mapped "{[/metrics],methods=[GET]}" onto public com.fasterxml.jackson.databind.node.ObjectNode zipkin2.server.internal.MetricsHealthController.fetchMetricsFromMicrometer()
2019-04-16 21:02:08.145 INFO  org.springframework.web.servlet.mvc.method.annotation.RequestMappingHandlerMapping - Mapped "{[/health],methods=[GET]}" onto public org.springframework.http.ResponseEntity<java.util.Map> zipkin2.server.internal.MetricsHealthController.getHealth()
2019-04-16 21:02:08.146 INFO  org.springframework.web.servlet.mvc.method.annotation.RequestMappingHandlerMapping - Mapped "{[/error]}" onto public org.springframework.http.ResponseEntity<java.util.Map<java.lang.String, java.lang.Object>> org.springframework.boot.autoconfigure.web.servlet.error.BasicErrorController.error(javax.servlet.http.HttpServletRequest)
2019-04-16 21:02:08.147 INFO  org.springframework.web.servlet.mvc.method.annotation.RequestMappingHandlerMapping - Mapped "{[/error],produces=[text/html]}" onto public org.springframework.web.servlet.ModelAndView org.springframework.boot.autoconfigure.web.servlet.error.BasicErrorController.errorHtml(javax.servlet.http.HttpServletRequest,javax.servlet.http.HttpServletResponse)
2019-04-16 21:02:08.153 INFO  org.springframework.web.servlet.mvc.method.annotation.RequestMappingHandlerMapping - Mapped "{[/zipkin/config.json],methods=[GET]}" onto public org.springframework.http.ResponseEntity<zipkin2.autoconfigure.ui.ZipkinUiProperties> zipkin2.autoconfigure.ui.ZipkinUiAutoConfiguration.serveUiConfig()
2019-04-16 21:02:08.154 INFO  org.springframework.web.servlet.mvc.method.annotation.RequestMappingHandlerMapping - Mapped "{[/zipkin/index.html],methods=[GET]}" onto public org.springframework.http.ResponseEntity<?> zipkin2.autoconfigure.ui.ZipkinUiAutoConfiguration.serveIndex() throws java.io.IOException
2019-04-16 21:02:08.154 INFO  org.springframework.web.servlet.mvc.method.annotation.RequestMappingHandlerMapping - Mapped "{[/zipkin/api/**],methods=[GET]}" onto public org.springframework.web.servlet.ModelAndView zipkin2.autoconfigure.ui.ZipkinUiAutoConfiguration.forwardApi(javax.servlet.http.HttpServletRequest)
2019-04-16 21:02:08.154 INFO  org.springframework.web.servlet.mvc.method.annotation.RequestMappingHandlerMapping - Mapped "{[/favicon.ico],methods=[GET]}" onto public org.springframework.web.servlet.ModelAndView zipkin2.autoconfigure.ui.ZipkinUiAutoConfiguration.favicon()
2019-04-16 21:02:08.154 INFO  org.springframework.web.servlet.mvc.method.annotation.RequestMappingHandlerMapping - Mapped "{[/],methods=[GET]}" onto public void zipkin2.autoconfigure.ui.ZipkinUiAutoConfiguration.redirectRoot(javax.servlet.http.HttpServletResponse)
2019-04-16 21:02:08.155 INFO  org.springframework.web.servlet.mvc.method.annotation.RequestMappingHandlerMapping - Mapped "{[/zipkin/ || /zipkin/traces/{id} || /zipkin/dependency || /zipkin/traceViewer],methods=[GET]}" onto public org.springframework.web.servlet.ModelAndView zipkin2.autoconfigure.ui.ZipkinUiAutoConfiguration.forwardUiEndpoints()
2019-04-16 21:02:08.180 INFO  org.springframework.web.servlet.handler.SimpleUrlHandlerMapping - Mapped URL path [/info] onto handler of type [class org.springframework.web.servlet.mvc.ParameterizableViewController]
2019-04-16 21:02:08.180 INFO  org.springframework.web.servlet.handler.SimpleUrlHandlerMapping - Mapped URL path [/prometheus] onto handler of type [class org.springframework.web.servlet.mvc.ParameterizableViewController]
2019-04-16 21:02:08.201 INFO  org.springframework.web.servlet.handler.SimpleUrlHandlerMapping - Mapped URL path [/webjars/**] onto handler of type [class org.springframework.web.servlet.resource.ResourceHttpRequestHandler]
2019-04-16 21:02:08.202 INFO  org.springframework.web.servlet.handler.SimpleUrlHandlerMapping - Mapped URL path [/**] onto handler of type [class org.springframework.web.servlet.resource.ResourceHttpRequestHandler]
2019-04-16 21:02:08.202 INFO  org.springframework.web.servlet.handler.SimpleUrlHandlerMapping - Mapped URL path [/zipkin/**] onto handler of type [class org.springframework.web.servlet.resource.ResourceHttpRequestHandler]
2019-04-16 21:02:08.528 INFO  org.springframework.scheduling.concurrent.ThreadPoolTaskScheduler - Initializing ExecutorService 
2019-04-16 21:02:08.994 INFO  org.springframework.boot.actuate.endpoint.web.EndpointLinksResolver - Exposing 20 endpoint(s) beneath base path '/actuator'
2019-04-16 21:02:09.005 INFO  org.springframework.boot.actuate.endpoint.web.servlet.WebMvcEndpointHandlerMapping - Mapped "{[/actuator/archaius],methods=[GET],produces=[application/vnd.spring-boot.actuator.v2+json || application/json]}" onto public java.lang.Object org.springframework.boot.actuate.endpoint.web.servlet.AbstractWebMvcEndpointHandlerMapping$OperationHandler.handle(javax.servlet.http.HttpServletRequest,java.util.Map<java.lang.String, java.lang.String>)
2019-04-16 21:02:09.006 INFO  org.springframework.boot.actuate.endpoint.web.servlet.WebMvcEndpointHandlerMapping - Mapped "{[/actuator/auditevents],methods=[GET],produces=[application/vnd.spring-boot.actuator.v2+json || application/json]}" onto public java.lang.Object org.springframework.boot.actuate.endpoint.web.servlet.AbstractWebMvcEndpointHandlerMapping$OperationHandler.handle(javax.servlet.http.HttpServletRequest,java.util.Map<java.lang.String, java.lang.String>)
2019-04-16 21:02:09.006 INFO  org.springframework.boot.actuate.endpoint.web.servlet.WebMvcEndpointHandlerMapping - Mapped "{[/actuator/beans],methods=[GET],produces=[application/vnd.spring-boot.actuator.v2+json || application/json]}" onto public java.lang.Object org.springframework.boot.actuate.endpoint.web.servlet.AbstractWebMvcEndpointHandlerMapping$OperationHandler.handle(javax.servlet.http.HttpServletRequest,java.util.Map<java.lang.String, java.lang.String>)
2019-04-16 21:02:09.006 INFO  org.springframework.boot.actuate.endpoint.web.servlet.WebMvcEndpointHandlerMapping - Mapped "{[/actuator/health],methods=[GET],produces=[application/vnd.spring-boot.actuator.v2+json || application/json]}" onto public java.lang.Object org.springframework.boot.actuate.endpoint.web.servlet.AbstractWebMvcEndpointHandlerMapping$OperationHandler.handle(javax.servlet.http.HttpServletRequest,java.util.Map<java.lang.String, java.lang.String>)
2019-04-16 21:02:09.006 INFO  org.springframework.boot.actuate.endpoint.web.servlet.WebMvcEndpointHandlerMapping - Mapped "{[/actuator/conditions],methods=[GET],produces=[application/vnd.spring-boot.actuator.v2+json || application/json]}" onto public java.lang.Object org.springframework.boot.actuate.endpoint.web.servlet.AbstractWebMvcEndpointHandlerMapping$OperationHandler.handle(javax.servlet.http.HttpServletRequest,java.util.Map<java.lang.String, java.lang.String>)
2019-04-16 21:02:09.007 INFO  org.springframework.boot.actuate.endpoint.web.servlet.WebMvcEndpointHandlerMapping - Mapped "{[/actuator/configprops],methods=[GET],produces=[application/vnd.spring-boot.actuator.v2+json || application/json]}" onto public java.lang.Object org.springframework.boot.actuate.endpoint.web.servlet.AbstractWebMvcEndpointHandlerMapping$OperationHandler.handle(javax.servlet.http.HttpServletRequest,java.util.Map<java.lang.String, java.lang.String>)
2019-04-16 21:02:09.007 INFO  org.springframework.boot.actuate.endpoint.web.servlet.WebMvcEndpointHandlerMapping - Mapped "{[/actuator/env],methods=[GET],produces=[application/vnd.spring-boot.actuator.v2+json || application/json]}" onto public java.lang.Object org.springframework.boot.actuate.endpoint.web.servlet.AbstractWebMvcEndpointHandlerMapping$OperationHandler.handle(javax.servlet.http.HttpServletRequest,java.util.Map<java.lang.String, java.lang.String>)
2019-04-16 21:02:09.007 INFO  org.springframework.boot.actuate.endpoint.web.servlet.WebMvcEndpointHandlerMapping - Mapped "{[/actuator/env/{toMatch}],methods=[GET],produces=[application/vnd.spring-boot.actuator.v2+json || application/json]}" onto public java.lang.Object org.springframework.boot.actuate.endpoint.web.servlet.AbstractWebMvcEndpointHandlerMapping$OperationHandler.handle(javax.servlet.http.HttpServletRequest,java.util.Map<java.lang.String, java.lang.String>)
2019-04-16 21:02:09.007 INFO  org.springframework.boot.actuate.endpoint.web.servlet.WebMvcEndpointHandlerMapping - Mapped "{[/actuator/env],methods=[POST],consumes=[application/vnd.spring-boot.actuator.v2+json || application/json],produces=[application/vnd.spring-boot.actuator.v2+json || application/json]}" onto public java.lang.Object org.springframework.boot.actuate.endpoint.web.servlet.AbstractWebMvcEndpointHandlerMapping$OperationHandler.handle(javax.servlet.http.HttpServletRequest,java.util.Map<java.lang.String, java.lang.String>)
2019-04-16 21:02:09.008 INFO  org.springframework.boot.actuate.endpoint.web.servlet.WebMvcEndpointHandlerMapping - Mapped "{[/actuator/env],methods=[DELETE],produces=[application/vnd.spring-boot.actuator.v2+json || application/json]}" onto public java.lang.Object org.springframework.boot.actuate.endpoint.web.servlet.AbstractWebMvcEndpointHandlerMapping$OperationHandler.handle(javax.servlet.http.HttpServletRequest,java.util.Map<java.lang.String, java.lang.String>)
2019-04-16 21:02:09.008 INFO  org.springframework.boot.actuate.endpoint.web.servlet.WebMvcEndpointHandlerMapping - Mapped "{[/actuator/info],methods=[GET],produces=[application/vnd.spring-boot.actuator.v2+json || application/json]}" onto public java.lang.Object org.springframework.boot.actuate.endpoint.web.servlet.AbstractWebMvcEndpointHandlerMapping$OperationHandler.handle(javax.servlet.http.HttpServletRequest,java.util.Map<java.lang.String, java.lang.String>)
2019-04-16 21:02:09.008 INFO  org.springframework.boot.actuate.endpoint.web.servlet.WebMvcEndpointHandlerMapping - Mapped "{[/actuator/loggers],methods=[GET],produces=[application/vnd.spring-boot.actuator.v2+json || application/json]}" onto public java.lang.Object org.springframework.boot.actuate.endpoint.web.servlet.AbstractWebMvcEndpointHandlerMapping$OperationHandler.handle(javax.servlet.http.HttpServletRequest,java.util.Map<java.lang.String, java.lang.String>)
2019-04-16 21:02:09.008 INFO  org.springframework.boot.actuate.endpoint.web.servlet.WebMvcEndpointHandlerMapping - Mapped "{[/actuator/loggers/{name}],methods=[POST],consumes=[application/vnd.spring-boot.actuator.v2+json || application/json]}" onto public java.lang.Object org.springframework.boot.actuate.endpoint.web.servlet.AbstractWebMvcEndpointHandlerMapping$OperationHandler.handle(javax.servlet.http.HttpServletRequest,java.util.Map<java.lang.String, java.lang.String>)
2019-04-16 21:02:09.008 INFO  org.springframework.boot.actuate.endpoint.web.servlet.WebMvcEndpointHandlerMapping - Mapped "{[/actuator/loggers/{name}],methods=[GET],produces=[application/vnd.spring-boot.actuator.v2+json || application/json]}" onto public java.lang.Object org.springframework.boot.actuate.endpoint.web.servlet.AbstractWebMvcEndpointHandlerMapping$OperationHandler.handle(javax.servlet.http.HttpServletRequest,java.util.Map<java.lang.String, java.lang.String>)
2019-04-16 21:02:09.008 INFO  org.springframework.boot.actuate.endpoint.web.servlet.WebMvcEndpointHandlerMapping - Mapped "{[/actuator/heapdump],methods=[GET],produces=[application/octet-stream]}" onto public java.lang.Object org.springframework.boot.actuate.endpoint.web.servlet.AbstractWebMvcEndpointHandlerMapping$OperationHandler.handle(javax.servlet.http.HttpServletRequest,java.util.Map<java.lang.String, java.lang.String>)
2019-04-16 21:02:09.008 INFO  org.springframework.boot.actuate.endpoint.web.servlet.WebMvcEndpointHandlerMapping - Mapped "{[/actuator/threaddump],methods=[GET],produces=[application/vnd.spring-boot.actuator.v2+json || application/json]}" onto public java.lang.Object org.springframework.boot.actuate.endpoint.web.servlet.AbstractWebMvcEndpointHandlerMapping$OperationHandler.handle(javax.servlet.http.HttpServletRequest,java.util.Map<java.lang.String, java.lang.String>)
2019-04-16 21:02:09.009 INFO  org.springframework.boot.actuate.endpoint.web.servlet.WebMvcEndpointHandlerMapping - Mapped "{[/actuator/prometheus],methods=[GET],produces=[text/plain;version=0.0.4;charset=utf-8]}" onto public java.lang.Object org.springframework.boot.actuate.endpoint.web.servlet.AbstractWebMvcEndpointHandlerMapping$OperationHandler.handle(javax.servlet.http.HttpServletRequest,java.util.Map<java.lang.String, java.lang.String>)
2019-04-16 21:02:09.009 INFO  org.springframework.boot.actuate.endpoint.web.servlet.WebMvcEndpointHandlerMapping - Mapped "{[/actuator/metrics/{requiredMetricName}],methods=[GET],produces=[application/vnd.spring-boot.actuator.v2+json || application/json]}" onto public java.lang.Object org.springframework.boot.actuate.endpoint.web.servlet.AbstractWebMvcEndpointHandlerMapping$OperationHandler.handle(javax.servlet.http.HttpServletRequest,java.util.Map<java.lang.String, java.lang.String>)
2019-04-16 21:02:09.009 INFO  org.springframework.boot.actuate.endpoint.web.servlet.WebMvcEndpointHandlerMapping - Mapped "{[/actuator/metrics],methods=[GET],produces=[application/vnd.spring-boot.actuator.v2+json || application/json]}" onto public java.lang.Object org.springframework.boot.actuate.endpoint.web.servlet.AbstractWebMvcEndpointHandlerMapping$OperationHandler.handle(javax.servlet.http.HttpServletRequest,java.util.Map<java.lang.String, java.lang.String>)
2019-04-16 21:02:09.009 INFO  org.springframework.boot.actuate.endpoint.web.servlet.WebMvcEndpointHandlerMapping - Mapped "{[/actuator/scheduledtasks],methods=[GET],produces=[application/vnd.spring-boot.actuator.v2+json || application/json]}" onto public java.lang.Object org.springframework.boot.actuate.endpoint.web.servlet.AbstractWebMvcEndpointHandlerMapping$OperationHandler.handle(javax.servlet.http.HttpServletRequest,java.util.Map<java.lang.String, java.lang.String>)
2019-04-16 21:02:09.009 INFO  org.springframework.boot.actuate.endpoint.web.servlet.WebMvcEndpointHandlerMapping - Mapped "{[/actuator/httptrace],methods=[GET],produces=[application/vnd.spring-boot.actuator.v2+json || application/json]}" onto public java.lang.Object org.springframework.boot.actuate.endpoint.web.servlet.AbstractWebMvcEndpointHandlerMapping$OperationHandler.handle(javax.servlet.http.HttpServletRequest,java.util.Map<java.lang.String, java.lang.String>)
2019-04-16 21:02:09.009 INFO  org.springframework.boot.actuate.endpoint.web.servlet.WebMvcEndpointHandlerMapping - Mapped "{[/actuator/mappings],methods=[GET],produces=[application/vnd.spring-boot.actuator.v2+json || application/json]}" onto public java.lang.Object org.springframework.boot.actuate.endpoint.web.servlet.AbstractWebMvcEndpointHandlerMapping$OperationHandler.handle(javax.servlet.http.HttpServletRequest,java.util.Map<java.lang.String, java.lang.String>)
2019-04-16 21:02:09.009 INFO  org.springframework.boot.actuate.endpoint.web.servlet.WebMvcEndpointHandlerMapping - Mapped "{[/actuator/refresh],methods=[POST],produces=[application/vnd.spring-boot.actuator.v2+json || application/json]}" onto public java.lang.Object org.springframework.boot.actuate.endpoint.web.servlet.AbstractWebMvcEndpointHandlerMapping$OperationHandler.handle(javax.servlet.http.HttpServletRequest,java.util.Map<java.lang.String, java.lang.String>)
2019-04-16 21:02:09.009 INFO  org.springframework.boot.actuate.endpoint.web.servlet.WebMvcEndpointHandlerMapping - Mapped "{[/actuator/features],methods=[GET],produces=[application/vnd.spring-boot.actuator.v2+json || application/json]}" onto public java.lang.Object org.springframework.boot.actuate.endpoint.web.servlet.AbstractWebMvcEndpointHandlerMapping$OperationHandler.handle(javax.servlet.http.HttpServletRequest,java.util.Map<java.lang.String, java.lang.String>)
2019-04-16 21:02:09.010 INFO  org.springframework.boot.actuate.endpoint.web.servlet.WebMvcEndpointHandlerMapping - Mapped "{[/actuator/service-registry],methods=[GET],produces=[application/vnd.spring-boot.actuator.v2+json || application/json]}" onto public java.lang.Object org.springframework.boot.actuate.endpoint.web.servlet.AbstractWebMvcEndpointHandlerMapping$OperationHandler.handle(javax.servlet.http.HttpServletRequest,java.util.Map<java.lang.String, java.lang.String>)
2019-04-16 21:02:09.010 INFO  org.springframework.boot.actuate.endpoint.web.servlet.WebMvcEndpointHandlerMapping - Mapped "{[/actuator/service-registry],methods=[POST],consumes=[application/vnd.spring-boot.actuator.v2+json || application/json],produces=[application/vnd.spring-boot.actuator.v2+json || application/json]}" onto public java.lang.Object org.springframework.boot.actuate.endpoint.web.servlet.AbstractWebMvcEndpointHandlerMapping$OperationHandler.handle(javax.servlet.http.HttpServletRequest,java.util.Map<java.lang.String, java.lang.String>)
2019-04-16 21:02:09.010 INFO  org.springframework.boot.actuate.endpoint.web.servlet.WebMvcEndpointHandlerMapping - Mapped "{[/actuator],methods=[GET],produces=[application/vnd.spring-boot.actuator.v2+json || application/json]}" onto protected java.util.Map<java.lang.String, java.util.Map<java.lang.String, org.springframework.boot.actuate.endpoint.web.Link>> org.springframework.boot.actuate.endpoint.web.servlet.WebMvcEndpointHandlerMapping.links(javax.servlet.http.HttpServletRequest,javax.servlet.http.HttpServletResponse)
2019-04-16 21:02:09.079 INFO  org.springframework.jmx.export.annotation.AnnotationMBeanExporter - Registering beans for JMX exposure on startup
2019-04-16 21:02:09.087 INFO  org.springframework.jmx.export.annotation.AnnotationMBeanExporter - Bean with name 'environmentManager' has been autodetected for JMX exposure
2019-04-16 21:02:09.088 INFO  org.springframework.jmx.export.annotation.AnnotationMBeanExporter - Bean with name 'configurationPropertiesRebinder' has been autodetected for JMX exposure
2019-04-16 21:02:09.089 INFO  org.springframework.jmx.export.annotation.AnnotationMBeanExporter - Bean with name 'refreshScope' has been autodetected for JMX exposure
2019-04-16 21:02:09.093 INFO  org.springframework.jmx.export.annotation.AnnotationMBeanExporter - Located managed bean 'environmentManager': registering with JMX server as MBean [org.springframework.cloud.context.environment:name=environmentManager,type=EnvironmentManager]
2019-04-16 21:02:09.100 INFO  org.springframework.jmx.export.annotation.AnnotationMBeanExporter - Located managed bean 'refreshScope': registering with JMX server as MBean [org.springframework.cloud.context.scope.refresh:name=refreshScope,type=RefreshScope]
2019-04-16 21:02:09.108 INFO  org.springframework.jmx.export.annotation.AnnotationMBeanExporter - Located managed bean 'configurationPropertiesRebinder': registering with JMX server as MBean [org.springframework.cloud.context.properties:name=configurationPropertiesRebinder,context=babafc2,type=ConfigurationPropertiesRebinder]
2019-04-16 21:02:09.118 INFO  org.springframework.context.support.DefaultLifecycleProcessor - Starting beans in phase 0
2019-04-16 21:02:09.132 INFO  org.springframework.cloud.netflix.eureka.InstanceInfoFactory - Setting initial instance status as: STARTING
2019-04-16 21:02:09.165 INFO  com.netflix.discovery.DiscoveryClient - Initializing Eureka in region us-east-1
2019-04-16 21:02:09.395 INFO  com.netflix.discovery.provider.DiscoveryJerseyProvider - Using JSON encoding codec LegacyJacksonJson
2019-04-16 21:02:09.395 INFO  com.netflix.discovery.provider.DiscoveryJerseyProvider - Using JSON decoding codec LegacyJacksonJson
2019-04-16 21:02:09.483 INFO  com.netflix.discovery.provider.DiscoveryJerseyProvider - Using XML encoding codec XStreamXml
2019-04-16 21:02:09.483 INFO  com.netflix.discovery.provider.DiscoveryJerseyProvider - Using XML decoding codec XStreamXml
2019-04-16 21:02:09.627 INFO  com.netflix.discovery.shared.resolver.aws.ConfigClusterResolver - Resolving eureka endpoints via configuration
2019-04-16 21:02:09.773 INFO  com.netflix.discovery.DiscoveryClient - Disable delta property : false
2019-04-16 21:02:09.773 INFO  com.netflix.discovery.DiscoveryClient - Single vip registry refresh property : null
2019-04-16 21:02:09.773 INFO  com.netflix.discovery.DiscoveryClient - Force full registry fetch : false
2019-04-16 21:02:09.773 INFO  com.netflix.discovery.DiscoveryClient - Application is null : false
2019-04-16 21:02:09.773 INFO  com.netflix.discovery.DiscoveryClient - Registered Applications size is zero : true
2019-04-16 21:02:09.773 INFO  com.netflix.discovery.DiscoveryClient - Application version is -1: true
2019-04-16 21:02:09.773 INFO  com.netflix.discovery.DiscoveryClient - Getting all instance registry info from the eureka server
2019-04-16 21:02:10.107 INFO  com.netflix.discovery.DiscoveryClient - The response status is 200
2019-04-16 21:02:10.110 INFO  com.netflix.discovery.DiscoveryClient - Starting heartbeat executor: renew interval is: 30
2019-04-16 21:02:10.114 INFO  com.netflix.discovery.InstanceInfoReplicator - InstanceInfoReplicator onDemand update allowed rate per min is 4
2019-04-16 21:02:10.127 INFO  com.netflix.discovery.DiscoveryClient - Discovery Client initialized at timestamp 1555419730120 with initial instances count: 0
2019-04-16 21:02:10.141 INFO  org.springframework.cloud.netflix.eureka.serviceregistry.EurekaServiceRegistry - Registering application server-zipkin with eureka with status UP
2019-04-16 21:02:10.141 INFO  com.netflix.discovery.DiscoveryClient - Saw local status change event StatusChangeEvent [timestamp=1555419730141, current=UP, previous=STARTING]
2019-04-16 21:02:10.193 INFO  com.netflix.discovery.DiscoveryClient - DiscoveryClient_SERVER-ZIPKIN/WIN-21HHNRDBUAV:server-zipkin:6090: registering service...
2019-04-16 21:02:10.218 INFO  org.xnio - XNIO version 3.3.8.Final
2019-04-16 21:02:10.242 INFO  org.xnio.nio - XNIO NIO Implementation Version 3.3.8.Final
2019-04-16 21:02:10.378 INFO  org.springframework.boot.web.embedded.undertow.UndertowServletWebServer - Undertow started on port(s) 6090 (http) with context path ''
2019-04-16 21:02:10.379 INFO  org.springframework.cloud.netflix.eureka.serviceregistry.EurekaAutoServiceRegistration - Updating port to 6090
2019-04-16 21:02:10.382 INFO  com.netflix.discovery.DiscoveryClient - DiscoveryClient_SERVER-ZIPKIN/WIN-21HHNRDBUAV:server-zipkin:6090 - registration status: 204
2019-04-16 21:02:10.385 INFO  cn.intellif.server.zipkin.ServerZipkinApplication - Started ServerZipkinApplication in 6.292 seconds (JVM running for 7.484)
2019-04-16 21:02:10.809 INFO  io.undertow.servlet - Initializing Spring FrameworkServlet 'dispatcherServlet'
2019-04-16 21:02:10.810 INFO  org.springframework.web.servlet.DispatcherServlet - FrameworkServlet 'dispatcherServlet': initialization started
2019-04-16 21:02:10.837 INFO  org.springframework.web.servlet.DispatcherServlet - FrameworkServlet 'dispatcherServlet': initialization completed in 27 ms
2019-04-16 21:02:20.419 INFO  de.codecentric.boot.admin.client.registration.ApplicationRegistrator - Application registered itself as 30b6c447f47d
2019-04-16 21:02:40.111 INFO  com.netflix.discovery.DiscoveryClient - Disable delta property : false
2019-04-16 21:02:40.111 INFO  com.netflix.discovery.DiscoveryClient - Single vip registry refresh property : null
2019-04-16 21:02:40.111 INFO  com.netflix.discovery.DiscoveryClient - Force full registry fetch : false
2019-04-16 21:02:40.111 INFO  com.netflix.discovery.DiscoveryClient - Application is null : false
2019-04-16 21:02:40.111 INFO  com.netflix.discovery.DiscoveryClient - Registered Applications size is zero : true
2019-04-16 21:02:40.111 INFO  com.netflix.discovery.DiscoveryClient - Application version is -1: false
2019-04-16 21:02:40.111 INFO  com.netflix.discovery.DiscoveryClient - Getting all instance registry info from the eureka server
2019-04-16 21:02:40.141 INFO  com.netflix.discovery.DiscoveryClient - The response status is 200
