2019-07-11 22:31:04.396 WARN  com.netflix.config.sources.URLConfigurationSource - No URLs will be polled as dynamic configuration sources.
2019-07-11 22:31:10.775 WARN  com.netflix.config.sources.URLConfigurationSource - No URLs will be polled as dynamic configuration sources.
2019-07-11 22:31:44.600 WARN  de.codecentric.boot.admin.client.registration.ApplicationRegistrator - Failed to register application as Application(name=server-consumer, managementUrl=http://LAPTOP-MQHIV46L:7001/actuator, healthUrl=http://LAPTOP-MQHIV46L:7001/actuator/health, serviceUrl=http://LAPTOP-MQHIV46L:7001/) at spring-boot-admin ([http://localhost:5050/instances]): I/O error on POST request for "http://localhost:5050/instances": Connection refused: connect; nested exception is java.net.ConnectException: Connection refused: connect. Further attempts are logged on DEBUG level
2019-07-11 23:22:39.055 WARN  io.netty.channel.DefaultChannelPipeline - An exceptionCaught() event was fired, and it reached at the tail of the pipeline. It usually means the last handler in the pipeline did not handle the exception.
java.io.IOException: 远程主机强迫关闭了一个现有的连接。
	at sun.nio.ch.SocketDispatcher.read0(Native Method) ~[na:1.8.0_151]
	at sun.nio.ch.SocketDispatcher.read(SocketDispatcher.java:43) ~[na:1.8.0_151]
	at sun.nio.ch.IOUtil.readIntoNativeBuffer(IOUtil.java:223) ~[na:1.8.0_151]
	at sun.nio.ch.IOUtil.read(IOUtil.java:192) ~[na:1.8.0_151]
	at sun.nio.ch.SocketChannelImpl.read(SocketChannelImpl.java:380) ~[na:1.8.0_151]
	at io.netty.buffer.PooledUnsafeDirectByteBuf.setBytes(PooledUnsafeDirectByteBuf.java:288) ~[netty-buffer-4.1.27.Final.jar:4.1.27.Final]
	at io.netty.buffer.AbstractByteBuf.writeBytes(AbstractByteBuf.java:1108) ~[netty-buffer-4.1.27.Final.jar:4.1.27.Final]
	at io.netty.channel.socket.nio.NioSocketChannel.doReadBytes(NioSocketChannel.java:345) ~[netty-transport-4.1.27.Final.jar:4.1.27.Final]
	at io.netty.channel.nio.AbstractNioByteChannel$NioByteUnsafe.read(AbstractNioByteChannel.java:148) ~[netty-transport-4.1.27.Final.jar:4.1.27.Final]
	at io.netty.channel.nio.NioEventLoop.processSelectedKey(NioEventLoop.java:646) [netty-transport-4.1.27.Final.jar:4.1.27.Final]
	at io.netty.channel.nio.NioEventLoop.processSelectedKeysOptimized(NioEventLoop.java:581) [netty-transport-4.1.27.Final.jar:4.1.27.Final]
	at io.netty.channel.nio.NioEventLoop.processSelectedKeys(NioEventLoop.java:498) [netty-transport-4.1.27.Final.jar:4.1.27.Final]
	at io.netty.channel.nio.NioEventLoop.run(NioEventLoop.java:460) [netty-transport-4.1.27.Final.jar:4.1.27.Final]
	at io.netty.util.concurrent.SingleThreadEventExecutor$5.run(SingleThreadEventExecutor.java:884) [netty-common-4.1.27.Final.jar:4.1.27.Final]
	at io.netty.util.concurrent.FastThreadLocalRunnable.run(FastThreadLocalRunnable.java:30) [netty-common-4.1.27.Final.jar:4.1.27.Final]
	at java.lang.Thread.run(Thread.java:748) [na:1.8.0_151]
