2019-07-10 23:01:24.682 WARN  com.netflix.config.sources.URLConfigurationSource - No URLs will be polled as dynamic configuration sources.
2019-07-10 23:01:33.805 WARN  com.netflix.config.sources.URLConfigurationSource - No URLs will be polled as dynamic configuration sources.
2019-07-10 23:02:18.728 WARN  de.codecentric.boot.admin.client.registration.ApplicationRegistrator - Failed to register application as Application(name=server-provider, managementUrl=http://LAPTOP-MQHIV46L:8000/actuator, healthUrl=http://LAPTOP-MQHIV46L:8000/actuator/health, serviceUrl=http://LAPTOP-MQHIV46L:8000/) at spring-boot-admin ([http://localhost:5050/instances]): I/O error on POST request for "http://localhost:5050/instances": Connection refused: connect; nested exception is java.net.ConnectException: Connection refused: connect. Further attempts are logged on DEBUG level
2019-07-10 23:03:28.569 WARN  io.netty.channel.DefaultChannelPipeline - An exceptionCaught() event was fired, and it reached at the tail of the pipeline. It usually means the last handler in the pipeline did not handle the exception.
java.io.IOException: 远程主机强迫关闭了一个现有的连接。
	at sun.nio.ch.SocketDispatcher.read0(Native Method) ~[na:1.8.0_151]
	at sun.nio.ch.SocketDispatcher.read(SocketDispatcher.java:43) ~[na:1.8.0_151]
	at sun.nio.ch.IOUtil.readIntoNativeBuffer(IOUtil.java:223) ~[na:1.8.0_151]
	at sun.nio.ch.IOUtil.read(IOUtil.java:192) ~[na:1.8.0_151]
	at sun.nio.ch.SocketChannelImpl.read(SocketChannelImpl.java:380) ~[na:1.8.0_151]
	at io.netty.buffer.PooledUnsafeDirectByteBuf.setBytes(PooledUnsafeDirectByteBuf.java:288) ~[netty-buffer-4.1.27.Final.jar:4.1.27.Final]
	at io.netty.buffer.AbstractByteBuf.writeBytes(AbstractByteBuf.java:1108) ~[netty-buffer-4.1.27.Final.jar:4.1.27.Final]
	at io.netty.channel.socket.nio.NioSocketChannel.doReadBytes(NioSocketChannel.java:345) ~[netty-transport-4.1.27.Final.jar:4.1.27.Final]
	at io.netty.channel.nio.AbstractNioByteChannel$NioByteUnsafe.read(AbstractNioByteChannel.java:148) ~[netty-transport-4.1.27.Final.jar:4.1.27.Final]
	at io.netty.channel.nio.NioEventLoop.processSelectedKey(NioEventLoop.java:646) [netty-transport-4.1.27.Final.jar:4.1.27.Final]
	at io.netty.channel.nio.NioEventLoop.processSelectedKeysOptimized(NioEventLoop.java:581) [netty-transport-4.1.27.Final.jar:4.1.27.Final]
	at io.netty.channel.nio.NioEventLoop.processSelectedKeys(NioEventLoop.java:498) [netty-transport-4.1.27.Final.jar:4.1.27.Final]
	at io.netty.channel.nio.NioEventLoop.run(NioEventLoop.java:460) [netty-transport-4.1.27.Final.jar:4.1.27.Final]
	at io.netty.util.concurrent.SingleThreadEventExecutor$5.run(SingleThreadEventExecutor.java:884) [netty-common-4.1.27.Final.jar:4.1.27.Final]
	at io.netty.util.concurrent.FastThreadLocalRunnable.run(FastThreadLocalRunnable.java:30) [netty-common-4.1.27.Final.jar:4.1.27.Final]
	at java.lang.Thread.run(Thread.java:748) [na:1.8.0_151]
2019-07-10 23:04:12.902 WARN  com.netflix.discovery.DiscoveryClient - Saw local status change event StatusChangeEvent [timestamp=1562771052901, current=DOWN, previous=UP]
2019-07-10 23:04:13.920 WARN  org.springframework.context.annotation.AnnotationConfigApplicationContext - Exception thrown from ApplicationListener handling ContextClosedEvent
org.springframework.beans.factory.BeanCreationNotAllowedException: Error creating bean with name 'eurekaAutoServiceRegistration': Singleton bean creation not allowed while singletons of this factory are in destruction (Do not request a bean from a BeanFactory in a destroy method implementation!)
	at org.springframework.beans.factory.support.DefaultSingletonBeanRegistry.getSingleton(DefaultSingletonBeanRegistry.java:208) [spring-beans-5.0.8.RELEASE.jar:5.0.8.RELEASE]
	at org.springframework.beans.factory.support.AbstractBeanFactory.doGetBean(AbstractBeanFactory.java:315) ~[spring-beans-5.0.8.RELEASE.jar:5.0.8.RELEASE]
	at org.springframework.beans.factory.support.AbstractBeanFactory.getBean(AbstractBeanFactory.java:199) ~[spring-beans-5.0.8.RELEASE.jar:5.0.8.RELEASE]
	at org.springframework.context.support.AbstractApplicationContext.getBean(AbstractApplicationContext.java:1089) [spring-context-5.0.8.RELEASE.jar:5.0.8.RELEASE]
	at org.springframework.context.event.ApplicationListenerMethodAdapter.getTargetBean(ApplicationListenerMethodAdapter.java:288) ~[spring-context-5.0.8.RELEASE.jar:5.0.8.RELEASE]
	at org.springframework.context.event.ApplicationListenerMethodAdapter.doInvoke(ApplicationListenerMethodAdapter.java:258) ~[spring-context-5.0.8.RELEASE.jar:5.0.8.RELEASE]
	at org.springframework.context.event.ApplicationListenerMethodAdapter.processEvent(ApplicationListenerMethodAdapter.java:180) ~[spring-context-5.0.8.RELEASE.jar:5.0.8.RELEASE]
	at org.springframework.context.event.ApplicationListenerMethodAdapter.onApplicationEvent(ApplicationListenerMethodAdapter.java:142) ~[spring-context-5.0.8.RELEASE.jar:5.0.8.RELEASE]
	at org.springframework.context.event.SimpleApplicationEventMulticaster.doInvokeListener(SimpleApplicationEventMulticaster.java:172) ~[spring-context-5.0.8.RELEASE.jar:5.0.8.RELEASE]
	at org.springframework.context.event.SimpleApplicationEventMulticaster.invokeListener(SimpleApplicationEventMulticaster.java:165) ~[spring-context-5.0.8.RELEASE.jar:5.0.8.RELEASE]
	at org.springframework.context.event.SimpleApplicationEventMulticaster.multicastEvent(SimpleApplicationEventMulticaster.java:139) ~[spring-context-5.0.8.RELEASE.jar:5.0.8.RELEASE]
	at org.springframework.context.support.AbstractApplicationContext.publishEvent(AbstractApplicationContext.java:400) [spring-context-5.0.8.RELEASE.jar:5.0.8.RELEASE]
	at org.springframework.context.support.AbstractApplicationContext.publishEvent(AbstractApplicationContext.java:406) [spring-context-5.0.8.RELEASE.jar:5.0.8.RELEASE]
	at org.springframework.context.support.AbstractApplicationContext.publishEvent(AbstractApplicationContext.java:354) [spring-context-5.0.8.RELEASE.jar:5.0.8.RELEASE]
	at org.springframework.context.support.AbstractApplicationContext.doClose(AbstractApplicationContext.java:1000) [spring-context-5.0.8.RELEASE.jar:5.0.8.RELEASE]
	at org.springframework.context.support.AbstractApplicationContext.close(AbstractApplicationContext.java:967) [spring-context-5.0.8.RELEASE.jar:5.0.8.RELEASE]
	at org.springframework.cloud.context.named.NamedContextFactory.destroy(NamedContextFactory.java:76) [spring-cloud-context-2.0.1.RELEASE.jar:2.0.1.RELEASE]
	at org.springframework.beans.factory.support.DisposableBeanAdapter.destroy(DisposableBeanAdapter.java:256) [spring-beans-5.0.8.RELEASE.jar:5.0.8.RELEASE]
	at org.springframework.beans.factory.support.DefaultSingletonBeanRegistry.destroyBean(DefaultSingletonBeanRegistry.java:571) [spring-beans-5.0.8.RELEASE.jar:5.0.8.RELEASE]
	at org.springframework.beans.factory.support.DefaultSingletonBeanRegistry.destroySingleton(DefaultSingletonBeanRegistry.java:543) [spring-beans-5.0.8.RELEASE.jar:5.0.8.RELEASE]
	at org.springframework.beans.factory.support.DefaultListableBeanFactory.destroySingleton(DefaultListableBeanFactory.java:954) [spring-beans-5.0.8.RELEASE.jar:5.0.8.RELEASE]
	at org.springframework.beans.factory.support.DefaultSingletonBeanRegistry.destroySingletons(DefaultSingletonBeanRegistry.java:504) [spring-beans-5.0.8.RELEASE.jar:5.0.8.RELEASE]
	at org.springframework.beans.factory.support.DefaultListableBeanFactory.destroySingletons(DefaultListableBeanFactory.java:961) [spring-beans-5.0.8.RELEASE.jar:5.0.8.RELEASE]
	at org.springframework.context.support.AbstractApplicationContext.destroyBeans(AbstractApplicationContext.java:1041) [spring-context-5.0.8.RELEASE.jar:5.0.8.RELEASE]
	at org.springframework.context.support.AbstractApplicationContext.doClose(AbstractApplicationContext.java:1017) [spring-context-5.0.8.RELEASE.jar:5.0.8.RELEASE]
	at org.springframework.context.support.AbstractApplicationContext$1.run(AbstractApplicationContext.java:937) [spring-context-5.0.8.RELEASE.jar:5.0.8.RELEASE]
2019-07-10 23:04:13.926 WARN  org.springframework.context.annotation.CommonAnnotationBeanPostProcessor - Invocation of destroy method failed on bean with name 'scopedTarget.eurekaClient': org.springframework.beans.factory.BeanCreationNotAllowedException: Error creating bean with name 'eurekaInstanceConfigBean': Singleton bean creation not allowed while singletons of this factory are in destruction (Do not request a bean from a BeanFactory in a destroy method implementation!)
2019-07-10 23:07:44.120 WARN  com.netflix.config.sources.URLConfigurationSource - No URLs will be polled as dynamic configuration sources.
2019-07-10 23:07:53.606 WARN  com.netflix.config.sources.URLConfigurationSource - No URLs will be polled as dynamic configuration sources.
2019-07-10 23:08:37.527 WARN  de.codecentric.boot.admin.client.registration.ApplicationRegistrator - Failed to register application as Application(name=server-provider, managementUrl=http://LAPTOP-MQHIV46L:8000/actuator, healthUrl=http://LAPTOP-MQHIV46L:8000/actuator/health, serviceUrl=http://LAPTOP-MQHIV46L:8000/) at spring-boot-admin ([http://localhost:5050/instances]): I/O error on POST request for "http://localhost:5050/instances": Connection refused: connect; nested exception is java.net.ConnectException: Connection refused: connect. Further attempts are logged on DEBUG level
2019-07-10 23:14:03.887 WARN  com.netflix.discovery.DiscoveryClient - Saw local status change event StatusChangeEvent [timestamp=1562771643887, current=DOWN, previous=UP]
2019-07-10 23:14:04.921 WARN  org.springframework.context.annotation.AnnotationConfigApplicationContext - Exception thrown from ApplicationListener handling ContextClosedEvent
org.springframework.beans.factory.BeanCreationNotAllowedException: Error creating bean with name 'eurekaAutoServiceRegistration': Singleton bean creation not allowed while singletons of this factory are in destruction (Do not request a bean from a BeanFactory in a destroy method implementation!)
	at org.springframework.beans.factory.support.DefaultSingletonBeanRegistry.getSingleton(DefaultSingletonBeanRegistry.java:208) [spring-beans-5.0.8.RELEASE.jar:5.0.8.RELEASE]
	at org.springframework.beans.factory.support.AbstractBeanFactory.doGetBean(AbstractBeanFactory.java:315) ~[spring-beans-5.0.8.RELEASE.jar:5.0.8.RELEASE]
	at org.springframework.beans.factory.support.AbstractBeanFactory.getBean(AbstractBeanFactory.java:199) ~[spring-beans-5.0.8.RELEASE.jar:5.0.8.RELEASE]
	at org.springframework.context.support.AbstractApplicationContext.getBean(AbstractApplicationContext.java:1089) [spring-context-5.0.8.RELEASE.jar:5.0.8.RELEASE]
	at org.springframework.context.event.ApplicationListenerMethodAdapter.getTargetBean(ApplicationListenerMethodAdapter.java:288) ~[spring-context-5.0.8.RELEASE.jar:5.0.8.RELEASE]
	at org.springframework.context.event.ApplicationListenerMethodAdapter.doInvoke(ApplicationListenerMethodAdapter.java:258) ~[spring-context-5.0.8.RELEASE.jar:5.0.8.RELEASE]
	at org.springframework.context.event.ApplicationListenerMethodAdapter.processEvent(ApplicationListenerMethodAdapter.java:180) ~[spring-context-5.0.8.RELEASE.jar:5.0.8.RELEASE]
	at org.springframework.context.event.ApplicationListenerMethodAdapter.onApplicationEvent(ApplicationListenerMethodAdapter.java:142) ~[spring-context-5.0.8.RELEASE.jar:5.0.8.RELEASE]
	at org.springframework.context.event.SimpleApplicationEventMulticaster.doInvokeListener(SimpleApplicationEventMulticaster.java:172) ~[spring-context-5.0.8.RELEASE.jar:5.0.8.RELEASE]
	at org.springframework.context.event.SimpleApplicationEventMulticaster.invokeListener(SimpleApplicationEventMulticaster.java:165) ~[spring-context-5.0.8.RELEASE.jar:5.0.8.RELEASE]
	at org.springframework.context.event.SimpleApplicationEventMulticaster.multicastEvent(SimpleApplicationEventMulticaster.java:139) ~[spring-context-5.0.8.RELEASE.jar:5.0.8.RELEASE]
	at org.springframework.context.support.AbstractApplicationContext.publishEvent(AbstractApplicationContext.java:400) [spring-context-5.0.8.RELEASE.jar:5.0.8.RELEASE]
	at org.springframework.context.support.AbstractApplicationContext.publishEvent(AbstractApplicationContext.java:406) [spring-context-5.0.8.RELEASE.jar:5.0.8.RELEASE]
	at org.springframework.context.support.AbstractApplicationContext.publishEvent(AbstractApplicationContext.java:354) [spring-context-5.0.8.RELEASE.jar:5.0.8.RELEASE]
	at org.springframework.context.support.AbstractApplicationContext.doClose(AbstractApplicationContext.java:1000) [spring-context-5.0.8.RELEASE.jar:5.0.8.RELEASE]
	at org.springframework.context.support.AbstractApplicationContext.close(AbstractApplicationContext.java:967) [spring-context-5.0.8.RELEASE.jar:5.0.8.RELEASE]
	at org.springframework.cloud.context.named.NamedContextFactory.destroy(NamedContextFactory.java:76) [spring-cloud-context-2.0.1.RELEASE.jar:2.0.1.RELEASE]
	at org.springframework.beans.factory.support.DisposableBeanAdapter.destroy(DisposableBeanAdapter.java:256) [spring-beans-5.0.8.RELEASE.jar:5.0.8.RELEASE]
	at org.springframework.beans.factory.support.DefaultSingletonBeanRegistry.destroyBean(DefaultSingletonBeanRegistry.java:571) [spring-beans-5.0.8.RELEASE.jar:5.0.8.RELEASE]
	at org.springframework.beans.factory.support.DefaultSingletonBeanRegistry.destroySingleton(DefaultSingletonBeanRegistry.java:543) [spring-beans-5.0.8.RELEASE.jar:5.0.8.RELEASE]
	at org.springframework.beans.factory.support.DefaultListableBeanFactory.destroySingleton(DefaultListableBeanFactory.java:954) [spring-beans-5.0.8.RELEASE.jar:5.0.8.RELEASE]
	at org.springframework.beans.factory.support.DefaultSingletonBeanRegistry.destroySingletons(DefaultSingletonBeanRegistry.java:504) [spring-beans-5.0.8.RELEASE.jar:5.0.8.RELEASE]
	at org.springframework.beans.factory.support.DefaultListableBeanFactory.destroySingletons(DefaultListableBeanFactory.java:961) [spring-beans-5.0.8.RELEASE.jar:5.0.8.RELEASE]
	at org.springframework.context.support.AbstractApplicationContext.destroyBeans(AbstractApplicationContext.java:1041) [spring-context-5.0.8.RELEASE.jar:5.0.8.RELEASE]
	at org.springframework.context.support.AbstractApplicationContext.doClose(AbstractApplicationContext.java:1017) [spring-context-5.0.8.RELEASE.jar:5.0.8.RELEASE]
	at org.springframework.context.support.AbstractApplicationContext$1.run(AbstractApplicationContext.java:937) [spring-context-5.0.8.RELEASE.jar:5.0.8.RELEASE]
2019-07-10 23:14:04.937 WARN  org.springframework.context.annotation.CommonAnnotationBeanPostProcessor - Invocation of destroy method failed on bean with name 'scopedTarget.eurekaClient': org.springframework.beans.factory.BeanCreationNotAllowedException: Error creating bean with name 'eurekaInstanceConfigBean': Singleton bean creation not allowed while singletons of this factory are in destruction (Do not request a bean from a BeanFactory in a destroy method implementation!)
2019-07-10 23:14:19.174 WARN  com.netflix.config.sources.URLConfigurationSource - No URLs will be polled as dynamic configuration sources.
2019-07-10 23:14:26.709 WARN  com.netflix.config.sources.URLConfigurationSource - No URLs will be polled as dynamic configuration sources.
2019-07-10 23:15:12.020 WARN  de.codecentric.boot.admin.client.registration.ApplicationRegistrator - Failed to register application as Application(name=server-provider, managementUrl=http://LAPTOP-MQHIV46L:8000/actuator, healthUrl=http://LAPTOP-MQHIV46L:8000/actuator/health, serviceUrl=http://192.168.40.2:8000/) at spring-boot-admin ([http://localhost:5050/instances]): I/O error on POST request for "http://localhost:5050/instances": Connection refused: connect; nested exception is java.net.ConnectException: Connection refused: connect. Further attempts are logged on DEBUG level
2019-07-10 23:15:17.181 WARN  io.netty.channel.DefaultChannelPipeline - An exceptionCaught() event was fired, and it reached at the tail of the pipeline. It usually means the last handler in the pipeline did not handle the exception.
java.io.IOException: 远程主机强迫关闭了一个现有的连接。
	at sun.nio.ch.SocketDispatcher.read0(Native Method) ~[na:1.8.0_151]
	at sun.nio.ch.SocketDispatcher.read(SocketDispatcher.java:43) ~[na:1.8.0_151]
	at sun.nio.ch.IOUtil.readIntoNativeBuffer(IOUtil.java:223) ~[na:1.8.0_151]
	at sun.nio.ch.IOUtil.read(IOUtil.java:192) ~[na:1.8.0_151]
	at sun.nio.ch.SocketChannelImpl.read(SocketChannelImpl.java:380) ~[na:1.8.0_151]
	at io.netty.buffer.PooledUnsafeDirectByteBuf.setBytes(PooledUnsafeDirectByteBuf.java:288) ~[netty-buffer-4.1.27.Final.jar:4.1.27.Final]
	at io.netty.buffer.AbstractByteBuf.writeBytes(AbstractByteBuf.java:1108) ~[netty-buffer-4.1.27.Final.jar:4.1.27.Final]
	at io.netty.channel.socket.nio.NioSocketChannel.doReadBytes(NioSocketChannel.java:345) ~[netty-transport-4.1.27.Final.jar:4.1.27.Final]
	at io.netty.channel.nio.AbstractNioByteChannel$NioByteUnsafe.read(AbstractNioByteChannel.java:148) ~[netty-transport-4.1.27.Final.jar:4.1.27.Final]
	at io.netty.channel.nio.NioEventLoop.processSelectedKey(NioEventLoop.java:646) [netty-transport-4.1.27.Final.jar:4.1.27.Final]
	at io.netty.channel.nio.NioEventLoop.processSelectedKeysOptimized(NioEventLoop.java:581) [netty-transport-4.1.27.Final.jar:4.1.27.Final]
	at io.netty.channel.nio.NioEventLoop.processSelectedKeys(NioEventLoop.java:498) [netty-transport-4.1.27.Final.jar:4.1.27.Final]
	at io.netty.channel.nio.NioEventLoop.run(NioEventLoop.java:460) [netty-transport-4.1.27.Final.jar:4.1.27.Final]
	at io.netty.util.concurrent.SingleThreadEventExecutor$5.run(SingleThreadEventExecutor.java:884) [netty-common-4.1.27.Final.jar:4.1.27.Final]
	at io.netty.util.concurrent.FastThreadLocalRunnable.run(FastThreadLocalRunnable.java:30) [netty-common-4.1.27.Final.jar:4.1.27.Final]
	at java.lang.Thread.run(Thread.java:748) [na:1.8.0_151]
2019-07-10 23:16:42.928 WARN  org.springframework.web.servlet.PageNotFound - No mapping found for HTTP request with URI [/test/testGet&name=yinchong] in DispatcherServlet with name 'null'
2019-07-10 23:16:42.940 WARN  org.springframework.web.servlet.PageNotFound - No mapping found for HTTP request with URI [/test/testGet&name=yinchong] in DispatcherServlet with name 'null'
2019-07-10 23:16:42.940 WARN  org.springframework.web.servlet.PageNotFound - No mapping found for HTTP request with URI [/test/testGet&name=yinchong] in DispatcherServlet with name 'null'
2019-07-10 23:17:17.461 WARN  org.springframework.web.servlet.PageNotFound - No mapping found for HTTP request with URI [/test/testGet&name=yinchong] in DispatcherServlet with name 'null'
2019-07-10 23:17:57.656 WARN  org.springframework.web.servlet.PageNotFound - No mapping found for HTTP request with URI [/test/testGet&name=yinchong] in DispatcherServlet with name 'null'
2019-07-10 23:18:14.458 WARN  org.springframework.web.servlet.PageNotFound - No mapping found for HTTP request with URI [/test/testGet&name=yinchong] in DispatcherServlet with name 'null'
2019-07-10 23:19:36.151 WARN  com.netflix.discovery.shared.transport.decorator.RetryableEurekaHttpClient - Request execution failed with message: java.net.SocketException: Software caused connection abort: recv failed
2019-07-10 23:19:36.404 WARN  com.netflix.discovery.DiscoveryClient - Saw local status change event StatusChangeEvent [timestamp=1562771976404, current=DOWN, previous=UP]
2019-07-10 23:19:37.426 WARN  org.springframework.context.annotation.AnnotationConfigApplicationContext - Exception thrown from ApplicationListener handling ContextClosedEvent
org.springframework.beans.factory.BeanCreationNotAllowedException: Error creating bean with name 'eurekaAutoServiceRegistration': Singleton bean creation not allowed while singletons of this factory are in destruction (Do not request a bean from a BeanFactory in a destroy method implementation!)
	at org.springframework.beans.factory.support.DefaultSingletonBeanRegistry.getSingleton(DefaultSingletonBeanRegistry.java:208) [spring-beans-5.0.8.RELEASE.jar:5.0.8.RELEASE]
	at org.springframework.beans.factory.support.AbstractBeanFactory.doGetBean(AbstractBeanFactory.java:315) ~[spring-beans-5.0.8.RELEASE.jar:5.0.8.RELEASE]
	at org.springframework.beans.factory.support.AbstractBeanFactory.getBean(AbstractBeanFactory.java:199) ~[spring-beans-5.0.8.RELEASE.jar:5.0.8.RELEASE]
	at org.springframework.context.support.AbstractApplicationContext.getBean(AbstractApplicationContext.java:1089) [spring-context-5.0.8.RELEASE.jar:5.0.8.RELEASE]
	at org.springframework.context.event.ApplicationListenerMethodAdapter.getTargetBean(ApplicationListenerMethodAdapter.java:288) ~[spring-context-5.0.8.RELEASE.jar:5.0.8.RELEASE]
	at org.springframework.context.event.ApplicationListenerMethodAdapter.doInvoke(ApplicationListenerMethodAdapter.java:258) ~[spring-context-5.0.8.RELEASE.jar:5.0.8.RELEASE]
	at org.springframework.context.event.ApplicationListenerMethodAdapter.processEvent(ApplicationListenerMethodAdapter.java:180) ~[spring-context-5.0.8.RELEASE.jar:5.0.8.RELEASE]
	at org.springframework.context.event.ApplicationListenerMethodAdapter.onApplicationEvent(ApplicationListenerMethodAdapter.java:142) ~[spring-context-5.0.8.RELEASE.jar:5.0.8.RELEASE]
	at org.springframework.context.event.SimpleApplicationEventMulticaster.doInvokeListener(SimpleApplicationEventMulticaster.java:172) ~[spring-context-5.0.8.RELEASE.jar:5.0.8.RELEASE]
	at org.springframework.context.event.SimpleApplicationEventMulticaster.invokeListener(SimpleApplicationEventMulticaster.java:165) ~[spring-context-5.0.8.RELEASE.jar:5.0.8.RELEASE]
	at org.springframework.context.event.SimpleApplicationEventMulticaster.multicastEvent(SimpleApplicationEventMulticaster.java:139) ~[spring-context-5.0.8.RELEASE.jar:5.0.8.RELEASE]
	at org.springframework.context.support.AbstractApplicationContext.publishEvent(AbstractApplicationContext.java:400) [spring-context-5.0.8.RELEASE.jar:5.0.8.RELEASE]
	at org.springframework.context.support.AbstractApplicationContext.publishEvent(AbstractApplicationContext.java:406) [spring-context-5.0.8.RELEASE.jar:5.0.8.RELEASE]
	at org.springframework.context.support.AbstractApplicationContext.publishEvent(AbstractApplicationContext.java:354) [spring-context-5.0.8.RELEASE.jar:5.0.8.RELEASE]
	at org.springframework.context.support.AbstractApplicationContext.doClose(AbstractApplicationContext.java:1000) [spring-context-5.0.8.RELEASE.jar:5.0.8.RELEASE]
	at org.springframework.context.support.AbstractApplicationContext.close(AbstractApplicationContext.java:967) [spring-context-5.0.8.RELEASE.jar:5.0.8.RELEASE]
	at org.springframework.cloud.context.named.NamedContextFactory.destroy(NamedContextFactory.java:76) [spring-cloud-context-2.0.1.RELEASE.jar:2.0.1.RELEASE]
	at org.springframework.beans.factory.support.DisposableBeanAdapter.destroy(DisposableBeanAdapter.java:256) [spring-beans-5.0.8.RELEASE.jar:5.0.8.RELEASE]
	at org.springframework.beans.factory.support.DefaultSingletonBeanRegistry.destroyBean(DefaultSingletonBeanRegistry.java:571) [spring-beans-5.0.8.RELEASE.jar:5.0.8.RELEASE]
	at org.springframework.beans.factory.support.DefaultSingletonBeanRegistry.destroySingleton(DefaultSingletonBeanRegistry.java:543) [spring-beans-5.0.8.RELEASE.jar:5.0.8.RELEASE]
	at org.springframework.beans.factory.support.DefaultListableBeanFactory.destroySingleton(DefaultListableBeanFactory.java:954) [spring-beans-5.0.8.RELEASE.jar:5.0.8.RELEASE]
	at org.springframework.beans.factory.support.DefaultSingletonBeanRegistry.destroySingletons(DefaultSingletonBeanRegistry.java:504) [spring-beans-5.0.8.RELEASE.jar:5.0.8.RELEASE]
	at org.springframework.beans.factory.support.DefaultListableBeanFactory.destroySingletons(DefaultListableBeanFactory.java:961) [spring-beans-5.0.8.RELEASE.jar:5.0.8.RELEASE]
	at org.springframework.context.support.AbstractApplicationContext.destroyBeans(AbstractApplicationContext.java:1041) [spring-context-5.0.8.RELEASE.jar:5.0.8.RELEASE]
	at org.springframework.context.support.AbstractApplicationContext.doClose(AbstractApplicationContext.java:1017) [spring-context-5.0.8.RELEASE.jar:5.0.8.RELEASE]
	at org.springframework.context.support.AbstractApplicationContext$1.run(AbstractApplicationContext.java:937) [spring-context-5.0.8.RELEASE.jar:5.0.8.RELEASE]
2019-07-10 23:19:37.437 WARN  org.springframework.context.annotation.CommonAnnotationBeanPostProcessor - Invocation of destroy method failed on bean with name 'scopedTarget.eurekaClient': org.springframework.beans.factory.BeanCreationNotAllowedException: Error creating bean with name 'eurekaInstanceConfigBean': Singleton bean creation not allowed while singletons of this factory are in destruction (Do not request a bean from a BeanFactory in a destroy method implementation!)
2019-07-10 23:19:37.930 WARN  org.springframework.web.servlet.PageNotFound - No mapping found for HTTP request with URI [/test/testGet&name=yinchong] in DispatcherServlet with name 'null'
2019-07-10 23:20:09.451 WARN  com.netflix.config.sources.URLConfigurationSource - No URLs will be polled as dynamic configuration sources.
2019-07-10 23:20:17.090 WARN  com.netflix.config.sources.URLConfigurationSource - No URLs will be polled as dynamic configuration sources.
2019-07-10 23:21:55.526 WARN  de.codecentric.boot.admin.client.registration.ApplicationRegistrator - Failed to register application as Application(name=server-provider, managementUrl=http://LAPTOP-MQHIV46L:8000/actuator, healthUrl=http://LAPTOP-MQHIV46L:8000/actuator/health, serviceUrl=http://LAPTOP-MQHIV46L:8000/) at spring-boot-admin ([http://localhost:5050/instances]): I/O error on POST request for "http://localhost:5050/instances": Connection refused: connect; nested exception is java.net.ConnectException: Connection refused: connect. Further attempts are logged on DEBUG level
2019-07-10 23:25:09.171 WARN  com.netflix.discovery.DiscoveryClient - Saw local status change event StatusChangeEvent [timestamp=1562772309171, current=DOWN, previous=UP]
2019-07-10 23:25:10.200 WARN  org.springframework.context.annotation.AnnotationConfigApplicationContext - Exception thrown from ApplicationListener handling ContextClosedEvent
org.springframework.beans.factory.BeanCreationNotAllowedException: Error creating bean with name 'eurekaAutoServiceRegistration': Singleton bean creation not allowed while singletons of this factory are in destruction (Do not request a bean from a BeanFactory in a destroy method implementation!)
	at org.springframework.beans.factory.support.DefaultSingletonBeanRegistry.getSingleton(DefaultSingletonBeanRegistry.java:208) [spring-beans-5.0.8.RELEASE.jar:5.0.8.RELEASE]
	at org.springframework.beans.factory.support.AbstractBeanFactory.doGetBean(AbstractBeanFactory.java:315) ~[spring-beans-5.0.8.RELEASE.jar:5.0.8.RELEASE]
	at org.springframework.beans.factory.support.AbstractBeanFactory.getBean(AbstractBeanFactory.java:199) ~[spring-beans-5.0.8.RELEASE.jar:5.0.8.RELEASE]
	at org.springframework.context.support.AbstractApplicationContext.getBean(AbstractApplicationContext.java:1089) [spring-context-5.0.8.RELEASE.jar:5.0.8.RELEASE]
	at org.springframework.context.event.ApplicationListenerMethodAdapter.getTargetBean(ApplicationListenerMethodAdapter.java:288) ~[spring-context-5.0.8.RELEASE.jar:5.0.8.RELEASE]
	at org.springframework.context.event.ApplicationListenerMethodAdapter.doInvoke(ApplicationListenerMethodAdapter.java:258) ~[spring-context-5.0.8.RELEASE.jar:5.0.8.RELEASE]
	at org.springframework.context.event.ApplicationListenerMethodAdapter.processEvent(ApplicationListenerMethodAdapter.java:180) ~[spring-context-5.0.8.RELEASE.jar:5.0.8.RELEASE]
	at org.springframework.context.event.ApplicationListenerMethodAdapter.onApplicationEvent(ApplicationListenerMethodAdapter.java:142) ~[spring-context-5.0.8.RELEASE.jar:5.0.8.RELEASE]
	at org.springframework.context.event.SimpleApplicationEventMulticaster.doInvokeListener(SimpleApplicationEventMulticaster.java:172) ~[spring-context-5.0.8.RELEASE.jar:5.0.8.RELEASE]
	at org.springframework.context.event.SimpleApplicationEventMulticaster.invokeListener(SimpleApplicationEventMulticaster.java:165) ~[spring-context-5.0.8.RELEASE.jar:5.0.8.RELEASE]
	at org.springframework.context.event.SimpleApplicationEventMulticaster.multicastEvent(SimpleApplicationEventMulticaster.java:139) ~[spring-context-5.0.8.RELEASE.jar:5.0.8.RELEASE]
	at org.springframework.context.support.AbstractApplicationContext.publishEvent(AbstractApplicationContext.java:400) [spring-context-5.0.8.RELEASE.jar:5.0.8.RELEASE]
	at org.springframework.context.support.AbstractApplicationContext.publishEvent(AbstractApplicationContext.java:406) [spring-context-5.0.8.RELEASE.jar:5.0.8.RELEASE]
	at org.springframework.context.support.AbstractApplicationContext.publishEvent(AbstractApplicationContext.java:354) [spring-context-5.0.8.RELEASE.jar:5.0.8.RELEASE]
	at org.springframework.context.support.AbstractApplicationContext.doClose(AbstractApplicationContext.java:1000) [spring-context-5.0.8.RELEASE.jar:5.0.8.RELEASE]
	at org.springframework.context.support.AbstractApplicationContext.close(AbstractApplicationContext.java:967) [spring-context-5.0.8.RELEASE.jar:5.0.8.RELEASE]
	at org.springframework.cloud.context.named.NamedContextFactory.destroy(NamedContextFactory.java:76) [spring-cloud-context-2.0.1.RELEASE.jar:2.0.1.RELEASE]
	at org.springframework.beans.factory.support.DisposableBeanAdapter.destroy(DisposableBeanAdapter.java:256) [spring-beans-5.0.8.RELEASE.jar:5.0.8.RELEASE]
	at org.springframework.beans.factory.support.DefaultSingletonBeanRegistry.destroyBean(DefaultSingletonBeanRegistry.java:571) [spring-beans-5.0.8.RELEASE.jar:5.0.8.RELEASE]
	at org.springframework.beans.factory.support.DefaultSingletonBeanRegistry.destroySingleton(DefaultSingletonBeanRegistry.java:543) [spring-beans-5.0.8.RELEASE.jar:5.0.8.RELEASE]
	at org.springframework.beans.factory.support.DefaultListableBeanFactory.destroySingleton(DefaultListableBeanFactory.java:954) [spring-beans-5.0.8.RELEASE.jar:5.0.8.RELEASE]
	at org.springframework.beans.factory.support.DefaultSingletonBeanRegistry.destroySingletons(DefaultSingletonBeanRegistry.java:504) [spring-beans-5.0.8.RELEASE.jar:5.0.8.RELEASE]
	at org.springframework.beans.factory.support.DefaultListableBeanFactory.destroySingletons(DefaultListableBeanFactory.java:961) [spring-beans-5.0.8.RELEASE.jar:5.0.8.RELEASE]
	at org.springframework.context.support.AbstractApplicationContext.destroyBeans(AbstractApplicationContext.java:1041) [spring-context-5.0.8.RELEASE.jar:5.0.8.RELEASE]
	at org.springframework.context.support.AbstractApplicationContext.doClose(AbstractApplicationContext.java:1017) [spring-context-5.0.8.RELEASE.jar:5.0.8.RELEASE]
	at org.springframework.context.support.AbstractApplicationContext$1.run(AbstractApplicationContext.java:937) [spring-context-5.0.8.RELEASE.jar:5.0.8.RELEASE]
2019-07-10 23:25:10.215 WARN  org.springframework.context.annotation.CommonAnnotationBeanPostProcessor - Invocation of destroy method failed on bean with name 'scopedTarget.eurekaClient': org.springframework.beans.factory.BeanCreationNotAllowedException: Error creating bean with name 'eurekaInstanceConfigBean': Singleton bean creation not allowed while singletons of this factory are in destruction (Do not request a bean from a BeanFactory in a destroy method implementation!)
2019-07-10 23:25:24.074 WARN  com.netflix.config.sources.URLConfigurationSource - No URLs will be polled as dynamic configuration sources.
2019-07-10 23:25:32.339 WARN  com.netflix.config.sources.URLConfigurationSource - No URLs will be polled as dynamic configuration sources.
2019-07-10 23:26:18.110 WARN  de.codecentric.boot.admin.client.registration.ApplicationRegistrator - Failed to register application as Application(name=server-provider, managementUrl=http://LAPTOP-MQHIV46L:8000/actuator, healthUrl=http://192.168.40.2:8000/actuator/health, serviceUrl=http://192.168.40.2:8000/) at spring-boot-admin ([http://localhost:5050/instances]): I/O error on POST request for "http://localhost:5050/instances": Connection refused: connect; nested exception is java.net.ConnectException: Connection refused: connect. Further attempts are logged on DEBUG level
2019-07-10 23:26:42.265 WARN  io.netty.channel.DefaultChannelPipeline - An exceptionCaught() event was fired, and it reached at the tail of the pipeline. It usually means the last handler in the pipeline did not handle the exception.
java.io.IOException: 远程主机强迫关闭了一个现有的连接。
	at sun.nio.ch.SocketDispatcher.read0(Native Method) ~[na:1.8.0_151]
	at sun.nio.ch.SocketDispatcher.read(SocketDispatcher.java:43) ~[na:1.8.0_151]
	at sun.nio.ch.IOUtil.readIntoNativeBuffer(IOUtil.java:223) ~[na:1.8.0_151]
	at sun.nio.ch.IOUtil.read(IOUtil.java:192) ~[na:1.8.0_151]
	at sun.nio.ch.SocketChannelImpl.read(SocketChannelImpl.java:380) ~[na:1.8.0_151]
	at io.netty.buffer.PooledUnsafeDirectByteBuf.setBytes(PooledUnsafeDirectByteBuf.java:288) ~[netty-buffer-4.1.27.Final.jar:4.1.27.Final]
	at io.netty.buffer.AbstractByteBuf.writeBytes(AbstractByteBuf.java:1108) ~[netty-buffer-4.1.27.Final.jar:4.1.27.Final]
	at io.netty.channel.socket.nio.NioSocketChannel.doReadBytes(NioSocketChannel.java:345) ~[netty-transport-4.1.27.Final.jar:4.1.27.Final]
	at io.netty.channel.nio.AbstractNioByteChannel$NioByteUnsafe.read(AbstractNioByteChannel.java:148) ~[netty-transport-4.1.27.Final.jar:4.1.27.Final]
	at io.netty.channel.nio.NioEventLoop.processSelectedKey(NioEventLoop.java:646) [netty-transport-4.1.27.Final.jar:4.1.27.Final]
	at io.netty.channel.nio.NioEventLoop.processSelectedKeysOptimized(NioEventLoop.java:581) [netty-transport-4.1.27.Final.jar:4.1.27.Final]
	at io.netty.channel.nio.NioEventLoop.processSelectedKeys(NioEventLoop.java:498) [netty-transport-4.1.27.Final.jar:4.1.27.Final]
	at io.netty.channel.nio.NioEventLoop.run(NioEventLoop.java:460) [netty-transport-4.1.27.Final.jar:4.1.27.Final]
	at io.netty.util.concurrent.SingleThreadEventExecutor$5.run(SingleThreadEventExecutor.java:884) [netty-common-4.1.27.Final.jar:4.1.27.Final]
	at io.netty.util.concurrent.FastThreadLocalRunnable.run(FastThreadLocalRunnable.java:30) [netty-common-4.1.27.Final.jar:4.1.27.Final]
	at java.lang.Thread.run(Thread.java:748) [na:1.8.0_151]
2019-07-10 23:30:12.231 WARN  com.netflix.discovery.DiscoveryClient - Saw local status change event StatusChangeEvent [timestamp=1562772612231, current=DOWN, previous=UP]
2019-07-10 23:30:13.252 WARN  org.springframework.context.annotation.AnnotationConfigApplicationContext - Exception thrown from ApplicationListener handling ContextClosedEvent
org.springframework.beans.factory.BeanCreationNotAllowedException: Error creating bean with name 'eurekaAutoServiceRegistration': Singleton bean creation not allowed while singletons of this factory are in destruction (Do not request a bean from a BeanFactory in a destroy method implementation!)
	at org.springframework.beans.factory.support.DefaultSingletonBeanRegistry.getSingleton(DefaultSingletonBeanRegistry.java:208) [spring-beans-5.0.8.RELEASE.jar:5.0.8.RELEASE]
	at org.springframework.beans.factory.support.AbstractBeanFactory.doGetBean(AbstractBeanFactory.java:315) ~[spring-beans-5.0.8.RELEASE.jar:5.0.8.RELEASE]
	at org.springframework.beans.factory.support.AbstractBeanFactory.getBean(AbstractBeanFactory.java:199) ~[spring-beans-5.0.8.RELEASE.jar:5.0.8.RELEASE]
	at org.springframework.context.support.AbstractApplicationContext.getBean(AbstractApplicationContext.java:1089) [spring-context-5.0.8.RELEASE.jar:5.0.8.RELEASE]
	at org.springframework.context.event.ApplicationListenerMethodAdapter.getTargetBean(ApplicationListenerMethodAdapter.java:288) ~[spring-context-5.0.8.RELEASE.jar:5.0.8.RELEASE]
	at org.springframework.context.event.ApplicationListenerMethodAdapter.doInvoke(ApplicationListenerMethodAdapter.java:258) ~[spring-context-5.0.8.RELEASE.jar:5.0.8.RELEASE]
	at org.springframework.context.event.ApplicationListenerMethodAdapter.processEvent(ApplicationListenerMethodAdapter.java:180) ~[spring-context-5.0.8.RELEASE.jar:5.0.8.RELEASE]
	at org.springframework.context.event.ApplicationListenerMethodAdapter.onApplicationEvent(ApplicationListenerMethodAdapter.java:142) ~[spring-context-5.0.8.RELEASE.jar:5.0.8.RELEASE]
	at org.springframework.context.event.SimpleApplicationEventMulticaster.doInvokeListener(SimpleApplicationEventMulticaster.java:172) ~[spring-context-5.0.8.RELEASE.jar:5.0.8.RELEASE]
	at org.springframework.context.event.SimpleApplicationEventMulticaster.invokeListener(SimpleApplicationEventMulticaster.java:165) ~[spring-context-5.0.8.RELEASE.jar:5.0.8.RELEASE]
	at org.springframework.context.event.SimpleApplicationEventMulticaster.multicastEvent(SimpleApplicationEventMulticaster.java:139) ~[spring-context-5.0.8.RELEASE.jar:5.0.8.RELEASE]
	at org.springframework.context.support.AbstractApplicationContext.publishEvent(AbstractApplicationContext.java:400) [spring-context-5.0.8.RELEASE.jar:5.0.8.RELEASE]
	at org.springframework.context.support.AbstractApplicationContext.publishEvent(AbstractApplicationContext.java:406) [spring-context-5.0.8.RELEASE.jar:5.0.8.RELEASE]
	at org.springframework.context.support.AbstractApplicationContext.publishEvent(AbstractApplicationContext.java:354) [spring-context-5.0.8.RELEASE.jar:5.0.8.RELEASE]
	at org.springframework.context.support.AbstractApplicationContext.doClose(AbstractApplicationContext.java:1000) [spring-context-5.0.8.RELEASE.jar:5.0.8.RELEASE]
	at org.springframework.context.support.AbstractApplicationContext.close(AbstractApplicationContext.java:967) [spring-context-5.0.8.RELEASE.jar:5.0.8.RELEASE]
	at org.springframework.cloud.context.named.NamedContextFactory.destroy(NamedContextFactory.java:76) [spring-cloud-context-2.0.1.RELEASE.jar:2.0.1.RELEASE]
	at org.springframework.beans.factory.support.DisposableBeanAdapter.destroy(DisposableBeanAdapter.java:256) [spring-beans-5.0.8.RELEASE.jar:5.0.8.RELEASE]
	at org.springframework.beans.factory.support.DefaultSingletonBeanRegistry.destroyBean(DefaultSingletonBeanRegistry.java:571) [spring-beans-5.0.8.RELEASE.jar:5.0.8.RELEASE]
	at org.springframework.beans.factory.support.DefaultSingletonBeanRegistry.destroySingleton(DefaultSingletonBeanRegistry.java:543) [spring-beans-5.0.8.RELEASE.jar:5.0.8.RELEASE]
	at org.springframework.beans.factory.support.DefaultListableBeanFactory.destroySingleton(DefaultListableBeanFactory.java:954) [spring-beans-5.0.8.RELEASE.jar:5.0.8.RELEASE]
	at org.springframework.beans.factory.support.DefaultSingletonBeanRegistry.destroySingletons(DefaultSingletonBeanRegistry.java:504) [spring-beans-5.0.8.RELEASE.jar:5.0.8.RELEASE]
	at org.springframework.beans.factory.support.DefaultListableBeanFactory.destroySingletons(DefaultListableBeanFactory.java:961) [spring-beans-5.0.8.RELEASE.jar:5.0.8.RELEASE]
	at org.springframework.context.support.AbstractApplicationContext.destroyBeans(AbstractApplicationContext.java:1041) [spring-context-5.0.8.RELEASE.jar:5.0.8.RELEASE]
	at org.springframework.context.support.AbstractApplicationContext.doClose(AbstractApplicationContext.java:1017) [spring-context-5.0.8.RELEASE.jar:5.0.8.RELEASE]
	at org.springframework.context.support.AbstractApplicationContext$1.run(AbstractApplicationContext.java:937) [spring-context-5.0.8.RELEASE.jar:5.0.8.RELEASE]
2019-07-10 23:30:13.268 WARN  org.springframework.context.annotation.CommonAnnotationBeanPostProcessor - Invocation of destroy method failed on bean with name 'scopedTarget.eurekaClient': org.springframework.beans.factory.BeanCreationNotAllowedException: Error creating bean with name 'eurekaInstanceConfigBean': Singleton bean creation not allowed while singletons of this factory are in destruction (Do not request a bean from a BeanFactory in a destroy method implementation!)
2019-07-10 23:30:28.650 WARN  com.netflix.config.sources.URLConfigurationSource - No URLs will be polled as dynamic configuration sources.
2019-07-10 23:30:35.789 WARN  com.netflix.config.sources.URLConfigurationSource - No URLs will be polled as dynamic configuration sources.
2019-07-10 23:31:15.041 WARN  de.codecentric.boot.admin.client.registration.ApplicationRegistrator - Failed to register application as Application(name=server-provider, managementUrl=http://192.168.40.2:8000/actuator, healthUrl=http://LAPTOP-MQHIV46L:8000/actuator/health, serviceUrl=http://192.168.40.2:8000/) at spring-boot-admin ([http://localhost:5050/instances]): I/O error on POST request for "http://localhost:5050/instances": Connection refused: connect; nested exception is java.net.ConnectException: Connection refused: connect. Further attempts are logged on DEBUG level
2019-07-10 23:31:53.672 WARN  io.netty.channel.DefaultChannelPipeline - An exceptionCaught() event was fired, and it reached at the tail of the pipeline. It usually means the last handler in the pipeline did not handle the exception.
java.io.IOException: 远程主机强迫关闭了一个现有的连接。
	at sun.nio.ch.SocketDispatcher.read0(Native Method) ~[na:1.8.0_151]
	at sun.nio.ch.SocketDispatcher.read(SocketDispatcher.java:43) ~[na:1.8.0_151]
	at sun.nio.ch.IOUtil.readIntoNativeBuffer(IOUtil.java:223) ~[na:1.8.0_151]
	at sun.nio.ch.IOUtil.read(IOUtil.java:192) ~[na:1.8.0_151]
	at sun.nio.ch.SocketChannelImpl.read(SocketChannelImpl.java:380) ~[na:1.8.0_151]
	at io.netty.buffer.PooledUnsafeDirectByteBuf.setBytes(PooledUnsafeDirectByteBuf.java:288) ~[netty-buffer-4.1.27.Final.jar:4.1.27.Final]
	at io.netty.buffer.AbstractByteBuf.writeBytes(AbstractByteBuf.java:1108) ~[netty-buffer-4.1.27.Final.jar:4.1.27.Final]
	at io.netty.channel.socket.nio.NioSocketChannel.doReadBytes(NioSocketChannel.java:345) ~[netty-transport-4.1.27.Final.jar:4.1.27.Final]
	at io.netty.channel.nio.AbstractNioByteChannel$NioByteUnsafe.read(AbstractNioByteChannel.java:148) ~[netty-transport-4.1.27.Final.jar:4.1.27.Final]
	at io.netty.channel.nio.NioEventLoop.processSelectedKey(NioEventLoop.java:646) [netty-transport-4.1.27.Final.jar:4.1.27.Final]
	at io.netty.channel.nio.NioEventLoop.processSelectedKeysOptimized(NioEventLoop.java:581) [netty-transport-4.1.27.Final.jar:4.1.27.Final]
	at io.netty.channel.nio.NioEventLoop.processSelectedKeys(NioEventLoop.java:498) [netty-transport-4.1.27.Final.jar:4.1.27.Final]
	at io.netty.channel.nio.NioEventLoop.run(NioEventLoop.java:460) [netty-transport-4.1.27.Final.jar:4.1.27.Final]
	at io.netty.util.concurrent.SingleThreadEventExecutor$5.run(SingleThreadEventExecutor.java:884) [netty-common-4.1.27.Final.jar:4.1.27.Final]
	at io.netty.util.concurrent.FastThreadLocalRunnable.run(FastThreadLocalRunnable.java:30) [netty-common-4.1.27.Final.jar:4.1.27.Final]
	at java.lang.Thread.run(Thread.java:748) [na:1.8.0_151]
2019-07-10 23:34:36.422 WARN  io.netty.channel.DefaultChannelPipeline - An exceptionCaught() event was fired, and it reached at the tail of the pipeline. It usually means the last handler in the pipeline did not handle the exception.
java.io.IOException: 远程主机强迫关闭了一个现有的连接。
	at sun.nio.ch.SocketDispatcher.read0(Native Method) ~[na:1.8.0_151]
	at sun.nio.ch.SocketDispatcher.read(SocketDispatcher.java:43) ~[na:1.8.0_151]
	at sun.nio.ch.IOUtil.readIntoNativeBuffer(IOUtil.java:223) ~[na:1.8.0_151]
	at sun.nio.ch.IOUtil.read(IOUtil.java:192) ~[na:1.8.0_151]
	at sun.nio.ch.SocketChannelImpl.read(SocketChannelImpl.java:380) ~[na:1.8.0_151]
	at io.netty.buffer.PooledUnsafeDirectByteBuf.setBytes(PooledUnsafeDirectByteBuf.java:288) ~[netty-buffer-4.1.27.Final.jar:4.1.27.Final]
	at io.netty.buffer.AbstractByteBuf.writeBytes(AbstractByteBuf.java:1108) ~[netty-buffer-4.1.27.Final.jar:4.1.27.Final]
	at io.netty.channel.socket.nio.NioSocketChannel.doReadBytes(NioSocketChannel.java:345) ~[netty-transport-4.1.27.Final.jar:4.1.27.Final]
	at io.netty.channel.nio.AbstractNioByteChannel$NioByteUnsafe.read(AbstractNioByteChannel.java:148) ~[netty-transport-4.1.27.Final.jar:4.1.27.Final]
	at io.netty.channel.nio.NioEventLoop.processSelectedKey(NioEventLoop.java:646) [netty-transport-4.1.27.Final.jar:4.1.27.Final]
	at io.netty.channel.nio.NioEventLoop.processSelectedKeysOptimized(NioEventLoop.java:581) [netty-transport-4.1.27.Final.jar:4.1.27.Final]
	at io.netty.channel.nio.NioEventLoop.processSelectedKeys(NioEventLoop.java:498) [netty-transport-4.1.27.Final.jar:4.1.27.Final]
	at io.netty.channel.nio.NioEventLoop.run(NioEventLoop.java:460) [netty-transport-4.1.27.Final.jar:4.1.27.Final]
	at io.netty.util.concurrent.SingleThreadEventExecutor$5.run(SingleThreadEventExecutor.java:884) [netty-common-4.1.27.Final.jar:4.1.27.Final]
	at io.netty.util.concurrent.FastThreadLocalRunnable.run(FastThreadLocalRunnable.java:30) [netty-common-4.1.27.Final.jar:4.1.27.Final]
	at java.lang.Thread.run(Thread.java:748) [na:1.8.0_151]
2019-07-10 23:37:47.412 WARN  com.netflix.config.sources.URLConfigurationSource - No URLs will be polled as dynamic configuration sources.
2019-07-10 23:37:54.398 WARN  com.netflix.config.sources.URLConfigurationSource - No URLs will be polled as dynamic configuration sources.
2019-07-10 23:38:38.156 WARN  de.codecentric.boot.admin.client.registration.ApplicationRegistrator - Failed to register application as Application(name=server-provider, managementUrl=http://192.168.40.2:8000/actuator, healthUrl=http://LAPTOP-MQHIV46L:8000/actuator/health, serviceUrl=http://192.168.40.2:8000/) at spring-boot-admin ([http://localhost:5050/instances]): I/O error on POST request for "http://localhost:5050/instances": Connection refused: connect; nested exception is java.net.ConnectException: Connection refused: connect. Further attempts are logged on DEBUG level
2019-07-10 23:40:45.415 WARN  com.netflix.config.sources.URLConfigurationSource - No URLs will be polled as dynamic configuration sources.
2019-07-10 23:40:52.994 WARN  com.netflix.config.sources.URLConfigurationSource - No URLs will be polled as dynamic configuration sources.
2019-07-10 23:42:03.481 WARN  de.codecentric.boot.admin.client.registration.ApplicationRegistrator - Failed to register application as Application(name=server-provider, managementUrl=http://LAPTOP-MQHIV46L:8000/actuator, healthUrl=http://LAPTOP-MQHIV46L:8000/actuator/health, serviceUrl=http://LAPTOP-MQHIV46L:8000/) at spring-boot-admin ([http://localhost:5050/instances]): I/O error on POST request for "http://localhost:5050/instances": Connection refused: connect; nested exception is java.net.ConnectException: Connection refused: connect. Further attempts are logged on DEBUG level
2019-07-10 23:42:54.175 WARN  com.netflix.discovery.DiscoveryClient - Saw local status change event StatusChangeEvent [timestamp=1562773374175, current=DOWN, previous=UP]
2019-07-10 23:42:55.206 WARN  org.springframework.context.annotation.AnnotationConfigApplicationContext - Exception thrown from ApplicationListener handling ContextClosedEvent
org.springframework.beans.factory.BeanCreationNotAllowedException: Error creating bean with name 'eurekaAutoServiceRegistration': Singleton bean creation not allowed while singletons of this factory are in destruction (Do not request a bean from a BeanFactory in a destroy method implementation!)
	at org.springframework.beans.factory.support.DefaultSingletonBeanRegistry.getSingleton(DefaultSingletonBeanRegistry.java:208) [spring-beans-5.0.8.RELEASE.jar:5.0.8.RELEASE]
	at org.springframework.beans.factory.support.AbstractBeanFactory.doGetBean(AbstractBeanFactory.java:315) ~[spring-beans-5.0.8.RELEASE.jar:5.0.8.RELEASE]
	at org.springframework.beans.factory.support.AbstractBeanFactory.getBean(AbstractBeanFactory.java:199) ~[spring-beans-5.0.8.RELEASE.jar:5.0.8.RELEASE]
	at org.springframework.context.support.AbstractApplicationContext.getBean(AbstractApplicationContext.java:1089) [spring-context-5.0.8.RELEASE.jar:5.0.8.RELEASE]
	at org.springframework.context.event.ApplicationListenerMethodAdapter.getTargetBean(ApplicationListenerMethodAdapter.java:288) ~[spring-context-5.0.8.RELEASE.jar:5.0.8.RELEASE]
	at org.springframework.context.event.ApplicationListenerMethodAdapter.doInvoke(ApplicationListenerMethodAdapter.java:258) ~[spring-context-5.0.8.RELEASE.jar:5.0.8.RELEASE]
	at org.springframework.context.event.ApplicationListenerMethodAdapter.processEvent(ApplicationListenerMethodAdapter.java:180) ~[spring-context-5.0.8.RELEASE.jar:5.0.8.RELEASE]
	at org.springframework.context.event.ApplicationListenerMethodAdapter.onApplicationEvent(ApplicationListenerMethodAdapter.java:142) ~[spring-context-5.0.8.RELEASE.jar:5.0.8.RELEASE]
	at org.springframework.context.event.SimpleApplicationEventMulticaster.doInvokeListener(SimpleApplicationEventMulticaster.java:172) ~[spring-context-5.0.8.RELEASE.jar:5.0.8.RELEASE]
	at org.springframework.context.event.SimpleApplicationEventMulticaster.invokeListener(SimpleApplicationEventMulticaster.java:165) ~[spring-context-5.0.8.RELEASE.jar:5.0.8.RELEASE]
	at org.springframework.context.event.SimpleApplicationEventMulticaster.multicastEvent(SimpleApplicationEventMulticaster.java:139) ~[spring-context-5.0.8.RELEASE.jar:5.0.8.RELEASE]
	at org.springframework.context.support.AbstractApplicationContext.publishEvent(AbstractApplicationContext.java:400) [spring-context-5.0.8.RELEASE.jar:5.0.8.RELEASE]
	at org.springframework.context.support.AbstractApplicationContext.publishEvent(AbstractApplicationContext.java:406) [spring-context-5.0.8.RELEASE.jar:5.0.8.RELEASE]
	at org.springframework.context.support.AbstractApplicationContext.publishEvent(AbstractApplicationContext.java:354) [spring-context-5.0.8.RELEASE.jar:5.0.8.RELEASE]
	at org.springframework.context.support.AbstractApplicationContext.doClose(AbstractApplicationContext.java:1000) [spring-context-5.0.8.RELEASE.jar:5.0.8.RELEASE]
	at org.springframework.context.support.AbstractApplicationContext.close(AbstractApplicationContext.java:967) [spring-context-5.0.8.RELEASE.jar:5.0.8.RELEASE]
	at org.springframework.cloud.context.named.NamedContextFactory.destroy(NamedContextFactory.java:76) [spring-cloud-context-2.0.1.RELEASE.jar:2.0.1.RELEASE]
	at org.springframework.beans.factory.support.DisposableBeanAdapter.destroy(DisposableBeanAdapter.java:256) [spring-beans-5.0.8.RELEASE.jar:5.0.8.RELEASE]
	at org.springframework.beans.factory.support.DefaultSingletonBeanRegistry.destroyBean(DefaultSingletonBeanRegistry.java:571) [spring-beans-5.0.8.RELEASE.jar:5.0.8.RELEASE]
	at org.springframework.beans.factory.support.DefaultSingletonBeanRegistry.destroySingleton(DefaultSingletonBeanRegistry.java:543) [spring-beans-5.0.8.RELEASE.jar:5.0.8.RELEASE]
	at org.springframework.beans.factory.support.DefaultListableBeanFactory.destroySingleton(DefaultListableBeanFactory.java:954) [spring-beans-5.0.8.RELEASE.jar:5.0.8.RELEASE]
	at org.springframework.beans.factory.support.DefaultSingletonBeanRegistry.destroySingletons(DefaultSingletonBeanRegistry.java:504) [spring-beans-5.0.8.RELEASE.jar:5.0.8.RELEASE]
	at org.springframework.beans.factory.support.DefaultListableBeanFactory.destroySingletons(DefaultListableBeanFactory.java:961) [spring-beans-5.0.8.RELEASE.jar:5.0.8.RELEASE]
	at org.springframework.context.support.AbstractApplicationContext.destroyBeans(AbstractApplicationContext.java:1041) [spring-context-5.0.8.RELEASE.jar:5.0.8.RELEASE]
	at org.springframework.context.support.AbstractApplicationContext.doClose(AbstractApplicationContext.java:1017) [spring-context-5.0.8.RELEASE.jar:5.0.8.RELEASE]
	at org.springframework.context.support.AbstractApplicationContext$1.run(AbstractApplicationContext.java:937) [spring-context-5.0.8.RELEASE.jar:5.0.8.RELEASE]
2019-07-10 23:42:55.208 WARN  com.netflix.discovery.shared.transport.decorator.RetryableEurekaHttpClient - Request execution failed with message: java.net.ConnectException: Connection refused: connect
2019-07-10 23:42:55.222 WARN  org.springframework.context.annotation.CommonAnnotationBeanPostProcessor - Invocation of destroy method failed on bean with name 'scopedTarget.eurekaClient': org.springframework.beans.factory.BeanCreationNotAllowedException: Error creating bean with name 'eurekaInstanceConfigBean': Singleton bean creation not allowed while singletons of this factory are in destruction (Do not request a bean from a BeanFactory in a destroy method implementation!)
