2019-06-06 08:30:19.657 INFO  org.springframework.context.annotation.AnnotationConfigApplicationContext - Refreshing org.springframework.context.annotation.AnnotationConfigApplicationContext@6bf0219d: startup date [Thu Jun 06 08:30:19 CST 2019]; root of context hierarchy
2019-06-06 08:30:19.805 INFO  org.springframework.beans.factory.annotation.AutowiredAnnotationBeanPostProcessor - JSR-330 'javax.inject.Inject' annotation found and supported for autowiring
2019-06-06 08:30:19.828 INFO  org.springframework.context.support.PostProcessorRegistrationDelegate$BeanPostProcessorChecker - Bean 'configurationPropertiesRebinderAutoConfiguration' of type [org.springframework.cloud.autoconfigure.ConfigurationPropertiesRebinderAutoConfiguration$$EnhancerBySpringCGLIB$$fcf29476] is not eligible for getting processed by all BeanPostProcessors (for example: not eligible for auto-proxying)
2019-06-06 08:30:20.094 INFO  cn.intellif.server.provider.BootstrapApplication - No active profile set, falling back to default profiles: default
2019-06-06 08:30:20.107 INFO  org.springframework.boot.web.servlet.context.AnnotationConfigServletWebServerApplicationContext - Refreshing org.springframework.boot.web.servlet.context.AnnotationConfigServletWebServerApplicationContext@7582ff54: startup date [Thu Jun 06 08:30:20 CST 2019]; parent: org.springframework.context.annotation.AnnotationConfigApplicationContext@6bf0219d
2019-06-06 08:30:21.394 INFO  org.springframework.cloud.context.scope.GenericScope - BeanFactory id=f635d230-c967-392e-a8b2-001965f0ef12
2019-06-06 08:30:21.408 INFO  org.springframework.beans.factory.annotation.AutowiredAnnotationBeanPostProcessor - JSR-330 'javax.inject.Inject' annotation found and supported for autowiring
2019-06-06 08:30:21.616 INFO  org.springframework.context.support.PostProcessorRegistrationDelegate$BeanPostProcessorChecker - Bean 'org.springframework.transaction.annotation.ProxyTransactionManagementConfiguration' of type [org.springframework.transaction.annotation.ProxyTransactionManagementConfiguration$$EnhancerBySpringCGLIB$$e0d89179] is not eligible for getting processed by all BeanPostProcessors (for example: not eligible for auto-proxying)
2019-06-06 08:30:21.662 INFO  org.springframework.context.support.PostProcessorRegistrationDelegate$BeanPostProcessorChecker - Bean 'org.springframework.cloud.autoconfigure.ConfigurationPropertiesRebinderAutoConfiguration' of type [org.springframework.cloud.autoconfigure.ConfigurationPropertiesRebinderAutoConfiguration$$EnhancerBySpringCGLIB$$fcf29476] is not eligible for getting processed by all BeanPostProcessors (for example: not eligible for auto-proxying)
2019-06-06 08:30:22.168 INFO  org.springframework.boot.web.embedded.tomcat.TomcatWebServer - Tomcat initialized with port(s): 8000 (http)
2019-06-06 08:30:22.178 INFO  org.apache.coyote.http11.Http11NioProtocol - Initializing ProtocolHandler ["http-nio-8000"]
2019-06-06 08:30:22.185 INFO  org.apache.catalina.core.StandardService - Starting service [Tomcat]
2019-06-06 08:30:22.186 INFO  org.apache.catalina.core.StandardEngine - Starting Servlet Engine: Apache Tomcat/8.5.32
2019-06-06 08:30:22.189 INFO  org.apache.catalina.core.AprLifecycleListener - The APR based Apache Tomcat Native library which allows optimal performance in production environments was not found on the java.library.path: [C:\Program Files\Java\jdk1.8.0_92\bin;C:\Windows\Sun\Java\bin;C:\Windows\system32;C:\Windows;C:\Program Files (x86)\Common Files\Oracle\Java\javapath;C:\ProgramData\Oracle\Java\javapath;C:\Windows\system32;C:\Windows;C:\Windows\System32\Wbem;C:\Windows\System32\WindowsPowerShell\v1.0\;C:\Program Files\Java\jdk1.8.0_92\bin;%JAVA_HOME%\jre\bin;D:\soft\maven\apache-maven-3.5.2\bin;C:\Program Files\Git\bin;D:\soft\solr-7.2.1\solr-7.2.1\bin;C:\Program Files\MySQL\MySQL Server 5.7\bin;D:\soft\solr\solr\bin;D:\soft\apache-apollo-1.7.1\bin;D:\cygwin64\bin;C:\Program Files (x86)\Dev-Cpp\MinGW64\bin;C:\MinGW\msys\1.0\bin;D:\Go\bin;D:\soft\gradle-4.10.3\bin;D:\Program Files (x86)\scala\bin;D:\soft\spark-2.4.2-bin-hadoop2.7\bin;D:\soft\hadoop-3.1.2\bin;C:\Users\Administrator\go\bin;D:\Program Files\JetBrains\GoLand 2018.3\bin;;D:\Program Files\JetBrains\IntelliJ IDEA 2018.3.1\bin;;C:\Users\Administrator\AppData\Local\Programs\Fiddler;.]
2019-06-06 08:30:22.302 INFO  org.apache.catalina.core.ContainerBase.[Tomcat].[localhost].[/] - Initializing Spring embedded WebApplicationContext
2019-06-06 08:30:22.302 INFO  org.springframework.web.context.ContextLoader - Root WebApplicationContext: initialization completed in 2195 ms
2019-06-06 08:30:22.485 INFO  com.netflix.config.sources.URLConfigurationSource - To enable URLs as dynamic configuration sources, define System property archaius.configurationSource.additionalUrls or make config.properties available on classpath.
2019-06-06 08:30:22.505 INFO  com.netflix.config.DynamicPropertyFactory - DynamicPropertyFactory is initialized with configuration sources: com.netflix.config.ConcurrentCompositeConfiguration@4486dc58
2019-06-06 08:30:23.930 INFO  org.springframework.boot.web.servlet.FilterRegistrationBean - Mapping filter: 'characterEncodingFilter' to: [/*]
2019-06-06 08:30:23.930 INFO  org.springframework.boot.web.servlet.FilterRegistrationBean - Mapping filter: 'webMvcMetricsFilter' to: [/*]
2019-06-06 08:30:23.930 INFO  org.springframework.boot.web.servlet.FilterRegistrationBean - Mapping filter: 'tracingFilter' to: [/*]
2019-06-06 08:30:23.930 INFO  org.springframework.boot.web.servlet.FilterRegistrationBean - Mapping filter: 'exceptionLoggingFilter' to: [/*]
2019-06-06 08:30:23.931 INFO  org.springframework.boot.web.servlet.FilterRegistrationBean - Mapping filter: 'hiddenHttpMethodFilter' to: [/*]
2019-06-06 08:30:23.931 INFO  org.springframework.boot.web.servlet.FilterRegistrationBean - Mapping filter: 'httpPutFormContentFilter' to: [/*]
2019-06-06 08:30:23.931 INFO  org.springframework.boot.web.servlet.FilterRegistrationBean - Mapping filter: 'requestContextFilter' to: [/*]
2019-06-06 08:30:23.931 INFO  org.springframework.boot.web.servlet.FilterRegistrationBean - Mapping filter: 'httpTraceFilter' to: [/*]
2019-06-06 08:30:23.931 INFO  org.springframework.boot.web.servlet.ServletRegistrationBean - Servlet dispatcherServlet mapped to [/]
2019-06-06 08:30:23.932 INFO  org.springframework.boot.actuate.endpoint.web.ServletEndpointRegistrar - Registered '/actuator/jolokia' to jolokia-actuator-endpoint
2019-06-06 08:30:24.124 INFO  com.alibaba.druid.pool.DruidDataSource - {dataSource-1} inited
2019-06-06 08:30:24.964 INFO  org.springframework.web.servlet.mvc.method.annotation.RequestMappingHandlerMapping - Mapped "{[/test/executeSql],methods=[POST]}" onto public java.lang.Object cn.intellif.server.provider.controller.TestController.querySql(java.lang.String)
2019-06-06 08:30:24.965 INFO  org.springframework.web.servlet.mvc.method.annotation.RequestMappingHandlerMapping - Mapped "{[/test/hello],methods=[GET]}" onto public java.lang.Object cn.intellif.server.provider.controller.TestController.hello(java.lang.String)
2019-06-06 08:30:24.965 INFO  org.springframework.web.servlet.mvc.method.annotation.RequestMappingHandlerMapping - Mapped "{[/test/batchSave],methods=[POST]}" onto public java.lang.Object cn.intellif.server.provider.controller.TestController.batchTest()
2019-06-06 08:30:24.966 INFO  org.springframework.web.servlet.mvc.method.annotation.RequestMappingHandlerMapping - Mapped "{[/user/save]}" onto public java.lang.Object cn.intellif.server.provider.controller.UserController.save()
2019-06-06 08:30:24.966 INFO  org.springframework.web.servlet.mvc.method.annotation.RequestMappingHandlerMapping - Mapped "{[/user/listAll]}" onto public java.lang.Object cn.intellif.server.provider.controller.UserController.listAll()
2019-06-06 08:30:24.967 INFO  org.springframework.web.servlet.mvc.method.annotation.RequestMappingHandlerMapping - Mapped "{[/v2/api-docs],methods=[GET],produces=[application/json || application/hal+json]}" onto public org.springframework.http.ResponseEntity<springfox.documentation.spring.web.json.Json> springfox.documentation.swagger2.web.Swagger2Controller.getDocumentation(java.lang.String,javax.servlet.http.HttpServletRequest)
2019-06-06 08:30:24.969 INFO  org.springframework.web.servlet.mvc.method.annotation.RequestMappingHandlerMapping - Mapped "{[/swagger-resources/configuration/security]}" onto org.springframework.http.ResponseEntity<springfox.documentation.swagger.web.SecurityConfiguration> springfox.documentation.swagger.web.ApiResourceController.securityConfiguration()
2019-06-06 08:30:24.969 INFO  org.springframework.web.servlet.mvc.method.annotation.RequestMappingHandlerMapping - Mapped "{[/swagger-resources/configuration/ui]}" onto org.springframework.http.ResponseEntity<springfox.documentation.swagger.web.UiConfiguration> springfox.documentation.swagger.web.ApiResourceController.uiConfiguration()
2019-06-06 08:30:24.970 INFO  org.springframework.web.servlet.mvc.method.annotation.RequestMappingHandlerMapping - Mapped "{[/swagger-resources]}" onto org.springframework.http.ResponseEntity<java.util.List<springfox.documentation.swagger.web.SwaggerResource>> springfox.documentation.swagger.web.ApiResourceController.swaggerResources()
2019-06-06 08:30:24.971 INFO  org.springframework.web.servlet.mvc.method.annotation.RequestMappingHandlerMapping - Mapped "{[/error]}" onto public org.springframework.http.ResponseEntity<java.util.Map<java.lang.String, java.lang.Object>> org.springframework.boot.autoconfigure.web.servlet.error.BasicErrorController.error(javax.servlet.http.HttpServletRequest)
2019-06-06 08:30:24.971 INFO  org.springframework.web.servlet.mvc.method.annotation.RequestMappingHandlerMapping - Mapped "{[/error],produces=[text/html]}" onto public org.springframework.web.servlet.ModelAndView org.springframework.boot.autoconfigure.web.servlet.error.BasicErrorController.errorHtml(javax.servlet.http.HttpServletRequest,javax.servlet.http.HttpServletResponse)
2019-06-06 08:30:25.072 INFO  org.springframework.boot.actuate.endpoint.web.EndpointLinksResolver - Exposing 19 endpoint(s) beneath base path '/actuator'
2019-06-06 08:30:25.082 INFO  org.springframework.boot.actuate.endpoint.web.servlet.WebMvcEndpointHandlerMapping - Mapped "{[/actuator/archaius],methods=[GET],produces=[application/vnd.spring-boot.actuator.v2+json || application/json]}" onto public java.lang.Object org.springframework.boot.actuate.endpoint.web.servlet.AbstractWebMvcEndpointHandlerMapping$OperationHandler.handle(javax.servlet.http.HttpServletRequest,java.util.Map<java.lang.String, java.lang.String>)
2019-06-06 08:30:25.083 INFO  org.springframework.boot.actuate.endpoint.web.servlet.WebMvcEndpointHandlerMapping - Mapped "{[/actuator/auditevents],methods=[GET],produces=[application/vnd.spring-boot.actuator.v2+json || application/json]}" onto public java.lang.Object org.springframework.boot.actuate.endpoint.web.servlet.AbstractWebMvcEndpointHandlerMapping$OperationHandler.handle(javax.servlet.http.HttpServletRequest,java.util.Map<java.lang.String, java.lang.String>)
2019-06-06 08:30:25.083 INFO  org.springframework.boot.actuate.endpoint.web.servlet.WebMvcEndpointHandlerMapping - Mapped "{[/actuator/beans],methods=[GET],produces=[application/vnd.spring-boot.actuator.v2+json || application/json]}" onto public java.lang.Object org.springframework.boot.actuate.endpoint.web.servlet.AbstractWebMvcEndpointHandlerMapping$OperationHandler.handle(javax.servlet.http.HttpServletRequest,java.util.Map<java.lang.String, java.lang.String>)
2019-06-06 08:30:25.083 INFO  org.springframework.boot.actuate.endpoint.web.servlet.WebMvcEndpointHandlerMapping - Mapped "{[/actuator/health],methods=[GET],produces=[application/vnd.spring-boot.actuator.v2+json || application/json]}" onto public java.lang.Object org.springframework.boot.actuate.endpoint.web.servlet.AbstractWebMvcEndpointHandlerMapping$OperationHandler.handle(javax.servlet.http.HttpServletRequest,java.util.Map<java.lang.String, java.lang.String>)
2019-06-06 08:30:25.083 INFO  org.springframework.boot.actuate.endpoint.web.servlet.WebMvcEndpointHandlerMapping - Mapped "{[/actuator/conditions],methods=[GET],produces=[application/vnd.spring-boot.actuator.v2+json || application/json]}" onto public java.lang.Object org.springframework.boot.actuate.endpoint.web.servlet.AbstractWebMvcEndpointHandlerMapping$OperationHandler.handle(javax.servlet.http.HttpServletRequest,java.util.Map<java.lang.String, java.lang.String>)
2019-06-06 08:30:25.083 INFO  org.springframework.boot.actuate.endpoint.web.servlet.WebMvcEndpointHandlerMapping - Mapped "{[/actuator/configprops],methods=[GET],produces=[application/vnd.spring-boot.actuator.v2+json || application/json]}" onto public java.lang.Object org.springframework.boot.actuate.endpoint.web.servlet.AbstractWebMvcEndpointHandlerMapping$OperationHandler.handle(javax.servlet.http.HttpServletRequest,java.util.Map<java.lang.String, java.lang.String>)
2019-06-06 08:30:25.083 INFO  org.springframework.boot.actuate.endpoint.web.servlet.WebMvcEndpointHandlerMapping - Mapped "{[/actuator/env],methods=[GET],produces=[application/vnd.spring-boot.actuator.v2+json || application/json]}" onto public java.lang.Object org.springframework.boot.actuate.endpoint.web.servlet.AbstractWebMvcEndpointHandlerMapping$OperationHandler.handle(javax.servlet.http.HttpServletRequest,java.util.Map<java.lang.String, java.lang.String>)
2019-06-06 08:30:25.084 INFO  org.springframework.boot.actuate.endpoint.web.servlet.WebMvcEndpointHandlerMapping - Mapped "{[/actuator/env/{toMatch}],methods=[GET],produces=[application/vnd.spring-boot.actuator.v2+json || application/json]}" onto public java.lang.Object org.springframework.boot.actuate.endpoint.web.servlet.AbstractWebMvcEndpointHandlerMapping$OperationHandler.handle(javax.servlet.http.HttpServletRequest,java.util.Map<java.lang.String, java.lang.String>)
2019-06-06 08:30:25.084 INFO  org.springframework.boot.actuate.endpoint.web.servlet.WebMvcEndpointHandlerMapping - Mapped "{[/actuator/env],methods=[POST],consumes=[application/vnd.spring-boot.actuator.v2+json || application/json],produces=[application/vnd.spring-boot.actuator.v2+json || application/json]}" onto public java.lang.Object org.springframework.boot.actuate.endpoint.web.servlet.AbstractWebMvcEndpointHandlerMapping$OperationHandler.handle(javax.servlet.http.HttpServletRequest,java.util.Map<java.lang.String, java.lang.String>)
2019-06-06 08:30:25.084 INFO  org.springframework.boot.actuate.endpoint.web.servlet.WebMvcEndpointHandlerMapping - Mapped "{[/actuator/env],methods=[DELETE],produces=[application/vnd.spring-boot.actuator.v2+json || application/json]}" onto public java.lang.Object org.springframework.boot.actuate.endpoint.web.servlet.AbstractWebMvcEndpointHandlerMapping$OperationHandler.handle(javax.servlet.http.HttpServletRequest,java.util.Map<java.lang.String, java.lang.String>)
2019-06-06 08:30:25.084 INFO  org.springframework.boot.actuate.endpoint.web.servlet.WebMvcEndpointHandlerMapping - Mapped "{[/actuator/info],methods=[GET],produces=[application/vnd.spring-boot.actuator.v2+json || application/json]}" onto public java.lang.Object org.springframework.boot.actuate.endpoint.web.servlet.AbstractWebMvcEndpointHandlerMapping$OperationHandler.handle(javax.servlet.http.HttpServletRequest,java.util.Map<java.lang.String, java.lang.String>)
2019-06-06 08:30:25.084 INFO  org.springframework.boot.actuate.endpoint.web.servlet.WebMvcEndpointHandlerMapping - Mapped "{[/actuator/loggers],methods=[GET],produces=[application/vnd.spring-boot.actuator.v2+json || application/json]}" onto public java.lang.Object org.springframework.boot.actuate.endpoint.web.servlet.AbstractWebMvcEndpointHandlerMapping$OperationHandler.handle(javax.servlet.http.HttpServletRequest,java.util.Map<java.lang.String, java.lang.String>)
2019-06-06 08:30:25.084 INFO  org.springframework.boot.actuate.endpoint.web.servlet.WebMvcEndpointHandlerMapping - Mapped "{[/actuator/loggers/{name}],methods=[POST],consumes=[application/vnd.spring-boot.actuator.v2+json || application/json]}" onto public java.lang.Object org.springframework.boot.actuate.endpoint.web.servlet.AbstractWebMvcEndpointHandlerMapping$OperationHandler.handle(javax.servlet.http.HttpServletRequest,java.util.Map<java.lang.String, java.lang.String>)
2019-06-06 08:30:25.085 INFO  org.springframework.boot.actuate.endpoint.web.servlet.WebMvcEndpointHandlerMapping - Mapped "{[/actuator/loggers/{name}],methods=[GET],produces=[application/vnd.spring-boot.actuator.v2+json || application/json]}" onto public java.lang.Object org.springframework.boot.actuate.endpoint.web.servlet.AbstractWebMvcEndpointHandlerMapping$OperationHandler.handle(javax.servlet.http.HttpServletRequest,java.util.Map<java.lang.String, java.lang.String>)
2019-06-06 08:30:25.085 INFO  org.springframework.boot.actuate.endpoint.web.servlet.WebMvcEndpointHandlerMapping - Mapped "{[/actuator/heapdump],methods=[GET],produces=[application/octet-stream]}" onto public java.lang.Object org.springframework.boot.actuate.endpoint.web.servlet.AbstractWebMvcEndpointHandlerMapping$OperationHandler.handle(javax.servlet.http.HttpServletRequest,java.util.Map<java.lang.String, java.lang.String>)
2019-06-06 08:30:25.085 INFO  org.springframework.boot.actuate.endpoint.web.servlet.WebMvcEndpointHandlerMapping - Mapped "{[/actuator/threaddump],methods=[GET],produces=[application/vnd.spring-boot.actuator.v2+json || application/json]}" onto public java.lang.Object org.springframework.boot.actuate.endpoint.web.servlet.AbstractWebMvcEndpointHandlerMapping$OperationHandler.handle(javax.servlet.http.HttpServletRequest,java.util.Map<java.lang.String, java.lang.String>)
2019-06-06 08:30:25.085 INFO  org.springframework.boot.actuate.endpoint.web.servlet.WebMvcEndpointHandlerMapping - Mapped "{[/actuator/metrics],methods=[GET],produces=[application/vnd.spring-boot.actuator.v2+json || application/json]}" onto public java.lang.Object org.springframework.boot.actuate.endpoint.web.servlet.AbstractWebMvcEndpointHandlerMapping$OperationHandler.handle(javax.servlet.http.HttpServletRequest,java.util.Map<java.lang.String, java.lang.String>)
2019-06-06 08:30:25.085 INFO  org.springframework.boot.actuate.endpoint.web.servlet.WebMvcEndpointHandlerMapping - Mapped "{[/actuator/metrics/{requiredMetricName}],methods=[GET],produces=[application/vnd.spring-boot.actuator.v2+json || application/json]}" onto public java.lang.Object org.springframework.boot.actuate.endpoint.web.servlet.AbstractWebMvcEndpointHandlerMapping$OperationHandler.handle(javax.servlet.http.HttpServletRequest,java.util.Map<java.lang.String, java.lang.String>)
2019-06-06 08:30:25.085 INFO  org.springframework.boot.actuate.endpoint.web.servlet.WebMvcEndpointHandlerMapping - Mapped "{[/actuator/scheduledtasks],methods=[GET],produces=[application/vnd.spring-boot.actuator.v2+json || application/json]}" onto public java.lang.Object org.springframework.boot.actuate.endpoint.web.servlet.AbstractWebMvcEndpointHandlerMapping$OperationHandler.handle(javax.servlet.http.HttpServletRequest,java.util.Map<java.lang.String, java.lang.String>)
2019-06-06 08:30:25.085 INFO  org.springframework.boot.actuate.endpoint.web.servlet.WebMvcEndpointHandlerMapping - Mapped "{[/actuator/httptrace],methods=[GET],produces=[application/vnd.spring-boot.actuator.v2+json || application/json]}" onto public java.lang.Object org.springframework.boot.actuate.endpoint.web.servlet.AbstractWebMvcEndpointHandlerMapping$OperationHandler.handle(javax.servlet.http.HttpServletRequest,java.util.Map<java.lang.String, java.lang.String>)
2019-06-06 08:30:25.086 INFO  org.springframework.boot.actuate.endpoint.web.servlet.WebMvcEndpointHandlerMapping - Mapped "{[/actuator/mappings],methods=[GET],produces=[application/vnd.spring-boot.actuator.v2+json || application/json]}" onto public java.lang.Object org.springframework.boot.actuate.endpoint.web.servlet.AbstractWebMvcEndpointHandlerMapping$OperationHandler.handle(javax.servlet.http.HttpServletRequest,java.util.Map<java.lang.String, java.lang.String>)
2019-06-06 08:30:25.086 INFO  org.springframework.boot.actuate.endpoint.web.servlet.WebMvcEndpointHandlerMapping - Mapped "{[/actuator/refresh],methods=[POST],produces=[application/vnd.spring-boot.actuator.v2+json || application/json]}" onto public java.lang.Object org.springframework.boot.actuate.endpoint.web.servlet.AbstractWebMvcEndpointHandlerMapping$OperationHandler.handle(javax.servlet.http.HttpServletRequest,java.util.Map<java.lang.String, java.lang.String>)
2019-06-06 08:30:25.086 INFO  org.springframework.boot.actuate.endpoint.web.servlet.WebMvcEndpointHandlerMapping - Mapped "{[/actuator/features],methods=[GET],produces=[application/vnd.spring-boot.actuator.v2+json || application/json]}" onto public java.lang.Object org.springframework.boot.actuate.endpoint.web.servlet.AbstractWebMvcEndpointHandlerMapping$OperationHandler.handle(javax.servlet.http.HttpServletRequest,java.util.Map<java.lang.String, java.lang.String>)
2019-06-06 08:30:25.086 INFO  org.springframework.boot.actuate.endpoint.web.servlet.WebMvcEndpointHandlerMapping - Mapped "{[/actuator/service-registry],methods=[GET],produces=[application/vnd.spring-boot.actuator.v2+json || application/json]}" onto public java.lang.Object org.springframework.boot.actuate.endpoint.web.servlet.AbstractWebMvcEndpointHandlerMapping$OperationHandler.handle(javax.servlet.http.HttpServletRequest,java.util.Map<java.lang.String, java.lang.String>)
2019-06-06 08:30:25.086 INFO  org.springframework.boot.actuate.endpoint.web.servlet.WebMvcEndpointHandlerMapping - Mapped "{[/actuator/service-registry],methods=[POST],consumes=[application/vnd.spring-boot.actuator.v2+json || application/json],produces=[application/vnd.spring-boot.actuator.v2+json || application/json]}" onto public java.lang.Object org.springframework.boot.actuate.endpoint.web.servlet.AbstractWebMvcEndpointHandlerMapping$OperationHandler.handle(javax.servlet.http.HttpServletRequest,java.util.Map<java.lang.String, java.lang.String>)
2019-06-06 08:30:25.087 INFO  org.springframework.boot.actuate.endpoint.web.servlet.WebMvcEndpointHandlerMapping - Mapped "{[/actuator],methods=[GET],produces=[application/vnd.spring-boot.actuator.v2+json || application/json]}" onto protected java.util.Map<java.lang.String, java.util.Map<java.lang.String, org.springframework.boot.actuate.endpoint.web.Link>> org.springframework.boot.actuate.endpoint.web.servlet.WebMvcEndpointHandlerMapping.links(javax.servlet.http.HttpServletRequest,javax.servlet.http.HttpServletResponse)
2019-06-06 08:30:25.237 INFO  com.netflix.config.sources.URLConfigurationSource - To enable URLs as dynamic configuration sources, define System property archaius.configurationSource.additionalUrls or make config.properties available on classpath.
2019-06-06 08:30:25.319 INFO  org.springframework.web.servlet.handler.SimpleUrlHandlerMapping - Mapped URL path [/**/favicon.ico] onto handler of type [class org.springframework.web.servlet.resource.ResourceHttpRequestHandler]
2019-06-06 08:30:25.474 INFO  org.springframework.web.servlet.mvc.method.annotation.RequestMappingHandlerAdapter - Looking for @ControllerAdvice: org.springframework.boot.web.servlet.context.AnnotationConfigServletWebServerApplicationContext@7582ff54: startup date [Thu Jun 06 08:30:20 CST 2019]; parent: org.springframework.context.annotation.AnnotationConfigApplicationContext@6bf0219d
2019-06-06 08:30:25.527 INFO  org.springframework.web.servlet.handler.SimpleUrlHandlerMapping - Mapped URL path [/webjars/**] onto handler of type [class org.springframework.web.servlet.resource.ResourceHttpRequestHandler]
2019-06-06 08:30:25.527 INFO  org.springframework.web.servlet.handler.SimpleUrlHandlerMapping - Mapped URL path [/**] onto handler of type [class org.springframework.web.servlet.resource.ResourceHttpRequestHandler]
2019-06-06 08:30:25.752 INFO  org.springframework.scheduling.concurrent.ThreadPoolTaskScheduler - Initializing ExecutorService 
2019-06-06 08:30:25.984 INFO  org.springframework.ui.freemarker.SpringTemplateLoader - SpringTemplateLoader for FreeMarker: using resource loader [org.springframework.boot.web.servlet.context.AnnotationConfigServletWebServerApplicationContext@7582ff54: startup date [Thu Jun 06 08:30:20 CST 2019]; parent: org.springframework.context.annotation.AnnotationConfigApplicationContext@6bf0219d] and template loader path [classpath:/templates/]
2019-06-06 08:30:25.986 INFO  org.springframework.web.servlet.view.freemarker.FreeMarkerConfigurer - ClassTemplateLoader for Spring macros added to FreeMarker configuration
2019-06-06 08:30:26.590 INFO  org.springframework.jmx.export.annotation.AnnotationMBeanExporter - Registering beans for JMX exposure on startup
2019-06-06 08:30:26.591 INFO  org.springframework.jmx.export.annotation.AnnotationMBeanExporter - Bean with name 'dataSource' has been autodetected for JMX exposure
2019-06-06 08:30:26.597 INFO  org.springframework.jmx.export.annotation.AnnotationMBeanExporter - Bean with name 'environmentManager' has been autodetected for JMX exposure
2019-06-06 08:30:26.599 INFO  org.springframework.jmx.export.annotation.AnnotationMBeanExporter - Bean with name 'refreshScope' has been autodetected for JMX exposure
2019-06-06 08:30:26.599 INFO  org.springframework.jmx.export.annotation.AnnotationMBeanExporter - Bean with name 'configurationPropertiesRebinder' has been autodetected for JMX exposure
2019-06-06 08:30:26.602 INFO  org.springframework.jmx.export.annotation.AnnotationMBeanExporter - Located managed bean 'environmentManager': registering with JMX server as MBean [org.springframework.cloud.context.environment:name=environmentManager,type=EnvironmentManager]
2019-06-06 08:30:26.610 INFO  org.springframework.jmx.export.annotation.AnnotationMBeanExporter - Located managed bean 'refreshScope': registering with JMX server as MBean [org.springframework.cloud.context.scope.refresh:name=refreshScope,type=RefreshScope]
2019-06-06 08:30:26.617 INFO  org.springframework.jmx.export.annotation.AnnotationMBeanExporter - Located managed bean 'configurationPropertiesRebinder': registering with JMX server as MBean [org.springframework.cloud.context.properties:name=configurationPropertiesRebinder,context=7582ff54,type=ConfigurationPropertiesRebinder]
2019-06-06 08:30:26.623 INFO  org.springframework.jmx.export.annotation.AnnotationMBeanExporter - Located MBean 'dataSource': registering with JMX server as MBean [com.alibaba.druid.pool:name=dataSource,type=DruidDataSource]
2019-06-06 08:30:26.629 INFO  org.springframework.context.support.DefaultLifecycleProcessor - Starting beans in phase 0
2019-06-06 08:30:26.644 INFO  org.springframework.cloud.netflix.eureka.InstanceInfoFactory - Setting initial instance status as: STARTING
2019-06-06 08:30:26.677 INFO  com.netflix.discovery.DiscoveryClient - Initializing Eureka in region us-east-1
2019-06-06 08:30:26.813 INFO  com.netflix.discovery.provider.DiscoveryJerseyProvider - Using JSON encoding codec LegacyJacksonJson
2019-06-06 08:30:26.813 INFO  com.netflix.discovery.provider.DiscoveryJerseyProvider - Using JSON decoding codec LegacyJacksonJson
2019-06-06 08:30:26.941 INFO  com.netflix.discovery.provider.DiscoveryJerseyProvider - Using XML encoding codec XStreamXml
2019-06-06 08:30:26.941 INFO  com.netflix.discovery.provider.DiscoveryJerseyProvider - Using XML decoding codec XStreamXml
2019-06-06 08:30:27.145 INFO  com.netflix.discovery.shared.resolver.aws.ConfigClusterResolver - Resolving eureka endpoints via configuration
2019-06-06 08:30:27.237 INFO  com.netflix.discovery.DiscoveryClient - Disable delta property : false
2019-06-06 08:30:27.237 INFO  com.netflix.discovery.DiscoveryClient - Single vip registry refresh property : null
2019-06-06 08:30:27.237 INFO  com.netflix.discovery.DiscoveryClient - Force full registry fetch : false
2019-06-06 08:30:27.237 INFO  com.netflix.discovery.DiscoveryClient - Application is null : false
2019-06-06 08:30:27.237 INFO  com.netflix.discovery.DiscoveryClient - Registered Applications size is zero : true
2019-06-06 08:30:27.237 INFO  com.netflix.discovery.DiscoveryClient - Application version is -1: true
2019-06-06 08:30:27.237 INFO  com.netflix.discovery.DiscoveryClient - Getting all instance registry info from the eureka server
2019-06-06 08:30:28.523 INFO  com.netflix.discovery.DiscoveryClient - Starting heartbeat executor: renew interval is: 30
2019-06-06 08:30:28.525 INFO  com.netflix.discovery.InstanceInfoReplicator - InstanceInfoReplicator onDemand update allowed rate per min is 4
2019-06-06 08:30:28.529 INFO  com.netflix.discovery.DiscoveryClient - Discovery Client initialized at timestamp 1559781028527 with initial instances count: 0
2019-06-06 08:30:28.538 INFO  org.springframework.cloud.netflix.eureka.serviceregistry.EurekaServiceRegistry - Registering application server-provider with eureka with status UP
2019-06-06 08:30:28.539 INFO  com.netflix.discovery.DiscoveryClient - Saw local status change event StatusChangeEvent [timestamp=1559781028539, current=UP, previous=STARTING]
2019-06-06 08:30:28.540 INFO  com.netflix.discovery.DiscoveryClient - DiscoveryClient_SERVER-PROVIDER/WIN-21HHNRDBUAV:server-provider:8000: registering service...
2019-06-06 08:30:28.543 INFO  org.springframework.context.support.DefaultLifecycleProcessor - Starting beans in phase 2147483647
2019-06-06 08:30:28.543 INFO  springfox.documentation.spring.web.plugins.DocumentationPluginsBootstrapper - Context refreshed
2019-06-06 08:30:28.563 INFO  springfox.documentation.spring.web.plugins.DocumentationPluginsBootstrapper - Found 1 custom documentation plugin(s)
2019-06-06 08:30:28.575 INFO  springfox.documentation.spring.web.scanners.ApiListingReferenceScanner - Scanning for api listing references
2019-06-06 08:30:28.691 INFO  org.apache.coyote.http11.Http11NioProtocol - Starting ProtocolHandler ["http-nio-8000"]
2019-06-06 08:30:28.703 INFO  org.apache.tomcat.util.net.NioSelectorPool - Using a shared selector for servlet write/read
2019-06-06 08:30:28.722 INFO  org.springframework.boot.web.embedded.tomcat.TomcatWebServer - Tomcat started on port(s): 8000 (http) with context path ''
2019-06-06 08:30:28.723 INFO  org.springframework.cloud.netflix.eureka.serviceregistry.EurekaAutoServiceRegistration - Updating port to 8000
2019-06-06 08:30:28.726 INFO  cn.intellif.server.provider.BootstrapApplication - Started BootstrapApplication in 9.816 seconds (JVM running for 10.91)
2019-06-06 08:30:29.199 INFO  org.apache.catalina.core.ContainerBase.[Tomcat].[localhost].[/] - Initializing Spring FrameworkServlet 'dispatcherServlet'
2019-06-06 08:30:29.199 INFO  org.springframework.web.servlet.DispatcherServlet - FrameworkServlet 'dispatcherServlet': initialization started
2019-06-06 08:30:29.222 INFO  org.springframework.web.servlet.DispatcherServlet - FrameworkServlet 'dispatcherServlet': initialization completed in 23 ms
2019-06-06 08:30:30.734 INFO  org.springframework.context.annotation.AnnotationConfigApplicationContext - Refreshing SpringClientFactory-127.0.0.1: startup date [Thu Jun 06 08:30:30 CST 2019]; parent: org.springframework.boot.web.servlet.context.AnnotationConfigServletWebServerApplicationContext@7582ff54
2019-06-06 08:30:30.815 INFO  org.springframework.beans.factory.annotation.AutowiredAnnotationBeanPostProcessor - JSR-330 'javax.inject.Inject' annotation found and supported for autowiring
2019-06-06 08:30:30.990 INFO  com.netflix.config.ChainedDynamicProperty - Flipping property: 127.0.0.1.ribbon.ActiveConnectionsLimit to use NEXT property: niws.loadbalancer.availabilityFilteringRule.activeConnectionsLimit = 2147483647
2019-06-06 08:30:31.006 INFO  com.netflix.util.concurrent.ShutdownEnabledTimer - Shutdown hook installed for: NFLoadBalancer-PingTimer-127.0.0.1
2019-06-06 08:30:31.009 INFO  com.netflix.loadbalancer.BaseLoadBalancer - Client: 127.0.0.1 instantiated a LoadBalancer: DynamicServerListLoadBalancer:{NFLoadBalancer:name=127.0.0.1,current list of Servers=[],Load balancer stats=Zone stats: {},Server stats: []}ServerList:null
2019-06-06 08:30:31.013 INFO  com.netflix.loadbalancer.DynamicServerListLoadBalancer - Using serverListUpdater PollingServerListUpdater
2019-06-06 08:30:31.016 INFO  com.netflix.loadbalancer.DynamicServerListLoadBalancer - DynamicServerListLoadBalancer for client 127.0.0.1 initialized: DynamicServerListLoadBalancer:{NFLoadBalancer:name=127.0.0.1,current list of Servers=[],Load balancer stats=Zone stats: {},Server stats: []}ServerList:org.springframework.cloud.netflix.ribbon.eureka.DomainExtractingServerList@46c42ed9
2019-06-06 08:30:33.525 INFO  com.netflix.discovery.DiscoveryClient - Disable delta property : false
2019-06-06 08:30:33.525 INFO  com.netflix.discovery.DiscoveryClient - Single vip registry refresh property : null
2019-06-06 08:30:33.525 INFO  com.netflix.discovery.DiscoveryClient - Force full registry fetch : false
2019-06-06 08:30:33.526 INFO  com.netflix.discovery.DiscoveryClient - Application is null : false
2019-06-06 08:30:33.526 INFO  com.netflix.discovery.DiscoveryClient - Registered Applications size is zero : true
2019-06-06 08:30:33.526 INFO  com.netflix.discovery.DiscoveryClient - Application version is -1: true
2019-06-06 08:30:33.526 INFO  com.netflix.discovery.DiscoveryClient - Getting all instance registry info from the eureka server
2019-06-06 08:30:39.547 INFO  com.netflix.discovery.DiscoveryClient - Disable delta property : false
2019-06-06 08:30:39.547 INFO  com.netflix.discovery.DiscoveryClient - Single vip registry refresh property : null
2019-06-06 08:30:39.547 INFO  com.netflix.discovery.DiscoveryClient - Force full registry fetch : false
2019-06-06 08:30:39.547 INFO  com.netflix.discovery.DiscoveryClient - Application is null : false
2019-06-06 08:30:39.547 INFO  com.netflix.discovery.DiscoveryClient - Registered Applications size is zero : true
2019-06-06 08:30:39.547 INFO  com.netflix.discovery.DiscoveryClient - Application version is -1: true
2019-06-06 08:30:39.547 INFO  com.netflix.discovery.DiscoveryClient - Getting all instance registry info from the eureka server
2019-06-06 08:30:45.558 INFO  com.netflix.discovery.DiscoveryClient - Disable delta property : false
2019-06-06 08:30:45.559 INFO  com.netflix.discovery.DiscoveryClient - Single vip registry refresh property : null
2019-06-06 08:30:45.559 INFO  com.netflix.discovery.DiscoveryClient - Force full registry fetch : false
2019-06-06 08:30:45.560 INFO  com.netflix.discovery.DiscoveryClient - Application is null : false
2019-06-06 08:30:45.560 INFO  com.netflix.discovery.DiscoveryClient - Registered Applications size is zero : true
2019-06-06 08:30:45.560 INFO  com.netflix.discovery.DiscoveryClient - Application version is -1: true
2019-06-06 08:30:45.560 INFO  com.netflix.discovery.DiscoveryClient - Getting all instance registry info from the eureka server
2019-06-06 08:30:51.571 INFO  com.netflix.discovery.DiscoveryClient - Disable delta property : false
2019-06-06 08:30:51.571 INFO  com.netflix.discovery.DiscoveryClient - Single vip registry refresh property : null
2019-06-06 08:30:51.571 INFO  com.netflix.discovery.DiscoveryClient - Force full registry fetch : false
2019-06-06 08:30:51.571 INFO  com.netflix.discovery.DiscoveryClient - Application is null : false
2019-06-06 08:30:51.571 INFO  com.netflix.discovery.DiscoveryClient - Registered Applications size is zero : true
2019-06-06 08:30:51.571 INFO  com.netflix.discovery.DiscoveryClient - Application version is -1: true
2019-06-06 08:30:51.571 INFO  com.netflix.discovery.DiscoveryClient - Getting all instance registry info from the eureka server
